<?xml version="1.0" encoding="UTF-8"?>
<testsuites name="Login Validation Test Suite for Test Case with Excel" time="254" tests="16" failures="0" errors="0">
   <testsuite name="Login Validation Test Suite for Test Case with Excel" tests="16" failures="0" errors="0" time="254" timestamp="2019-05-05 14:51:27" hostname="AHMAS014 - WX-5CG9071ZMF.wdw.disney.com" id="Test Suites/Login Validation Test Suite for Test Case with Excel">
      <properties>
         <property name="deviceName" value=""/>
         <property name="devicePlatform" value=""/>
         <property name="logFolder" value="C:\\Users\\ahmas014\\git\\Katalon-Smoke-Test\\Reports\\Login Validation Test Suite for Test Case with Excel\\20190505_145121"/>
         <property name="logFiles" value="C:\\Users\\ahmas014\\git\\Katalon-Smoke-Test\\Reports\\Login Validation Test Suite for Test Case with Excel\\20190505_145121\\execution0.log"/>
         <property name="attachments" value=""/>
         <property name="hostName" value="AHMAS014 - WX-5CG9071ZMF.wdw.disney.com"/>
         <property name="os" value="Windows 10 64bit"/>
         <property name="katalonVersion" value="6.1.2.2"/>
         <property name="browser" value="Chrome 73.0.3683.75"/>
         <property name="hostAddress" value="10.25.116.64"/>
         <property name="sessionId" value="0ce495172602c5ab0eb678249c57ff87"/>
         <property name="seleniumVersion" value="3.7.1"/>
         <property name="proxyInformation" value="ProxyInformation{proxyOption=NO_PROXY, proxyServerType=HTTP, password=, proxyServerAddress=, proxyServerPort=0}"/>
         <property name="platform" value="Windows 10"/>
      </properties>
      <testcase name="Test Cases/Login Validation Test Case with Excel" classname="Test Cases/Login Validation Test Case with Excel" status="PASSED">
         <system-out><![CDATA[2019-05-05 14:51:28 - [TEST_CASE][PASSED] - Test Cases/Login Validation Test Case with Excel: Test Cases/Login Validation Test Case with Excel

2019-05-05 14:51:28 - [TEST_STEP][PASSED] - openBrowser(""): Browser is opened with url: ''

2019-05-05 14:51:29 - [MESSAGE][INFO] - Starting 'Chrome' driver

2019-05-05 14:51:29 - [MESSAGE][INFO] - Action delay is set to 0 seconds

2019-05-05 14:51:37 - [MESSAGE][PASSED] - Browser is opened with url: ''

2019-05-05 14:51:37 - [TEST_STEP][PASSED] - navigateToUrl("https://ondemand.ca.com/web/portal/login?TYPE=33554433&REALMOID=06-000ef9db-0146-19ef-9589-0194ac184032&GUID=&SMAUTHREASON=0&METHOD=GET&SMAGENTNAME=-SM-U2oxHNw%2fhwkS9d8eFxBR4kd609FfW4%2b3jBM0jHQpPFSdBOnBEsclAUJfVaZnAfcL&TARGET=-SM-https%3a%2f%2fondemand%2eca%2ecom%2fweb%2fselect%2fdestination"): Navigate to 'https://ondemand.ca.com/web/portal/login?TYPE=33554433&REALMOID=06-000ef9db-0146-19ef-9589-0194ac184032&GUID=&SMAUTHREASON=0&METHOD=GET&SMAGENTNAME=-SM-U2oxHNw%2fhwkS9d8eFxBR4kd609FfW4%2b3jBM0jHQpPFSdBOnBEsclAUJfVaZnAfcL&TARGET=-SM-https%3a%2f%2fondemand%2eca%2ecom%2fweb%2fselect%2fdestination' successfully

2019-05-05 14:51:39 - [MESSAGE][PASSED] - Navigate to 'https://ondemand.ca.com/web/portal/login?TYPE=33554433&REALMOID=06-000ef9db-0146-19ef-9589-0194ac184032&GUID=&SMAUTHREASON=0&METHOD=GET&SMAGENTNAME=-SM-U2oxHNw%2fhwkS9d8eFxBR4kd609FfW4%2b3jBM0jHQpPFSdBOnBEsclAUJfVaZnAfcL&TARGET=-SM-https%3a%2f%2fondemand%2eca%2ecom%2fweb%2fselect%2fdestination' successfully

2019-05-05 14:51:39 - [TEST_STEP][PASSED] - setText(findTestObject("Object Repository/Login-TimeTimeEnter/Page_Sign In - cacom/input_Email Address__58_login"), varEmailAddress): Text 'Tim.Timenterer@disney.com
' is set on object 'Object Repository/Login-TimeTimeEnter/Page_Sign In - cacom/input_Email Address__58_login'

2019-05-05 14:51:41 - [MESSAGE][PASSED] - Text 'Tim.Timenterer@disney.com
' is set on object 'Object Repository/Login-TimeTimeEnter/Page_Sign In - cacom/input_Email Address__58_login'

2019-05-05 14:51:41 - [TEST_STEP][PASSED] - setText(findTestObject("Object Repository/Login-TimeTimeEnter/Page_Sign In - cacom/input_Password__58_password"), varPassword): Text 'clarity0419' is set on object 'Object Repository/Login-TimeTimeEnter/Page_Sign In - cacom/input_Password__58_password'

2019-05-05 14:51:41 - [MESSAGE][PASSED] - Text 'clarity0419' is set on object 'Object Repository/Login-TimeTimeEnter/Page_Sign In - cacom/input_Password__58_password'

2019-05-05 14:51:41 - [TEST_STEP][PASSED] - click(findTestObject("Object Repository/Login-TimeTimeEnter/Page_Sign In - cacom/input")): Object: 'Object Repository/Login-TimeTimeEnter/Page_Sign In - cacom/input' is clicked on

2019-05-05 14:51:42 - [MESSAGE][PASSED] - Object: 'Object Repository/Login-TimeTimeEnter/Page_Sign In - cacom/input' is clicked on

2019-05-05 14:51:42 - [TEST_STEP][PASSED] - click(findTestObject("Object Repository/Login-TimeTimeEnter/Page_My Places - cacom/a_WDPR Tomorrowland - Test")): Object: 'Object Repository/Login-TimeTimeEnter/Page_My Places - cacom/a_WDPR Tomorrowland - Test' is clicked on

2019-05-05 14:51:44 - [MESSAGE][PASSED] - Object: 'Object Repository/Login-TimeTimeEnter/Page_My Places - cacom/a_WDPR Tomorrowland - Test' is clicked on

2019-05-05 14:51:44 - [TEST_STEP][PASSED] - click(findTestObject("Object Repository/Login-TimeTimeEnter/Page_PPM - Last Refreshed on 4222019  Overview General/a_Logout")): Object: 'Object Repository/Login-TimeTimeEnter/Page_PPM - Last Refreshed on 4222019  Overview General/a_Logout' is clicked on

2019-05-05 14:51:48 - [MESSAGE][PASSED] - Object: 'Object Repository/Login-TimeTimeEnter/Page_PPM - Last Refreshed on 4222019  Overview General/a_Logout' is clicked on]]></system-out>
         <system-err><![CDATA[]]></system-err>
      </testcase>
      <testcase name="Test Cases/Login Validation Test Case with Excel" classname="Test Cases/Login Validation Test Case with Excel" status="PASSED">
         <system-out><![CDATA[2019-05-05 14:51:48 - [TEST_CASE][PASSED] - Test Cases/Login Validation Test Case with Excel: Test Cases/Login Validation Test Case with Excel

2019-05-05 14:51:48 - [TEST_STEP][PASSED] - openBrowser(""): Browser is opened with url: ''

2019-05-05 14:51:48 - [MESSAGE][WARNING] - A browser is already opened. Closing browser and opening a new one

2019-05-05 14:51:50 - [MESSAGE][INFO] - Starting 'Chrome' driver

2019-05-05 14:51:54 - [MESSAGE][PASSED] - Browser is opened with url: ''

2019-05-05 14:51:54 - [TEST_STEP][PASSED] - navigateToUrl("https://ondemand.ca.com/web/portal/login?TYPE=33554433&REALMOID=06-000ef9db-0146-19ef-9589-0194ac184032&GUID=&SMAUTHREASON=0&METHOD=GET&SMAGENTNAME=-SM-U2oxHNw%2fhwkS9d8eFxBR4kd609FfW4%2b3jBM0jHQpPFSdBOnBEsclAUJfVaZnAfcL&TARGET=-SM-https%3a%2f%2fondemand%2eca%2ecom%2fweb%2fselect%2fdestination"): Navigate to 'https://ondemand.ca.com/web/portal/login?TYPE=33554433&REALMOID=06-000ef9db-0146-19ef-9589-0194ac184032&GUID=&SMAUTHREASON=0&METHOD=GET&SMAGENTNAME=-SM-U2oxHNw%2fhwkS9d8eFxBR4kd609FfW4%2b3jBM0jHQpPFSdBOnBEsclAUJfVaZnAfcL&TARGET=-SM-https%3a%2f%2fondemand%2eca%2ecom%2fweb%2fselect%2fdestination' successfully

2019-05-05 14:51:56 - [MESSAGE][PASSED] - Navigate to 'https://ondemand.ca.com/web/portal/login?TYPE=33554433&REALMOID=06-000ef9db-0146-19ef-9589-0194ac184032&GUID=&SMAUTHREASON=0&METHOD=GET&SMAGENTNAME=-SM-U2oxHNw%2fhwkS9d8eFxBR4kd609FfW4%2b3jBM0jHQpPFSdBOnBEsclAUJfVaZnAfcL&TARGET=-SM-https%3a%2f%2fondemand%2eca%2ecom%2fweb%2fselect%2fdestination' successfully

2019-05-05 14:51:56 - [TEST_STEP][PASSED] - setText(findTestObject("Object Repository/Login-TimeTimeEnter/Page_Sign In - cacom/input_Email Address__58_login"), varEmailAddress): Text 'Curt.Contractor@disney.com' is set on object 'Object Repository/Login-TimeTimeEnter/Page_Sign In - cacom/input_Email Address__58_login'

2019-05-05 14:51:56 - [MESSAGE][PASSED] - Text 'Curt.Contractor@disney.com' is set on object 'Object Repository/Login-TimeTimeEnter/Page_Sign In - cacom/input_Email Address__58_login'

2019-05-05 14:51:56 - [TEST_STEP][PASSED] - setText(findTestObject("Object Repository/Login-TimeTimeEnter/Page_Sign In - cacom/input_Password__58_password"), varPassword): Text 'clarity0419' is set on object 'Object Repository/Login-TimeTimeEnter/Page_Sign In - cacom/input_Password__58_password'

2019-05-05 14:51:57 - [MESSAGE][PASSED] - Text 'clarity0419' is set on object 'Object Repository/Login-TimeTimeEnter/Page_Sign In - cacom/input_Password__58_password'

2019-05-05 14:51:57 - [TEST_STEP][PASSED] - click(findTestObject("Object Repository/Login-TimeTimeEnter/Page_Sign In - cacom/input")): Object: 'Object Repository/Login-TimeTimeEnter/Page_Sign In - cacom/input' is clicked on

2019-05-05 14:51:58 - [MESSAGE][PASSED] - Object: 'Object Repository/Login-TimeTimeEnter/Page_Sign In - cacom/input' is clicked on

2019-05-05 14:51:58 - [TEST_STEP][PASSED] - click(findTestObject("Object Repository/Login-TimeTimeEnter/Page_My Places - cacom/a_WDPR Tomorrowland - Test")): Object: 'Object Repository/Login-TimeTimeEnter/Page_My Places - cacom/a_WDPR Tomorrowland - Test' is clicked on

2019-05-05 14:52:00 - [MESSAGE][PASSED] - Object: 'Object Repository/Login-TimeTimeEnter/Page_My Places - cacom/a_WDPR Tomorrowland - Test' is clicked on

2019-05-05 14:52:00 - [TEST_STEP][PASSED] - click(findTestObject("Object Repository/Login-TimeTimeEnter/Page_PPM - Last Refreshed on 4222019  Overview General/a_Logout")): Object: 'Object Repository/Login-TimeTimeEnter/Page_PPM - Last Refreshed on 4222019  Overview General/a_Logout' is clicked on

2019-05-05 14:52:03 - [MESSAGE][PASSED] - Object: 'Object Repository/Login-TimeTimeEnter/Page_PPM - Last Refreshed on 4222019  Overview General/a_Logout' is clicked on]]></system-out>
         <system-err><![CDATA[]]></system-err>
      </testcase>
      <testcase name="Test Cases/Login Validation Test Case with Excel" classname="Test Cases/Login Validation Test Case with Excel" status="PASSED">
         <system-out><![CDATA[2019-05-05 14:52:03 - [TEST_CASE][PASSED] - Test Cases/Login Validation Test Case with Excel: Test Cases/Login Validation Test Case with Excel

2019-05-05 14:52:03 - [TEST_STEP][PASSED] - openBrowser(""): Browser is opened with url: ''

2019-05-05 14:52:03 - [MESSAGE][WARNING] - A browser is already opened. Closing browser and opening a new one

2019-05-05 14:52:04 - [MESSAGE][INFO] - Starting 'Chrome' driver

2019-05-05 14:52:08 - [MESSAGE][PASSED] - Browser is opened with url: ''

2019-05-05 14:52:08 - [TEST_STEP][PASSED] - navigateToUrl("https://ondemand.ca.com/web/portal/login?TYPE=33554433&REALMOID=06-000ef9db-0146-19ef-9589-0194ac184032&GUID=&SMAUTHREASON=0&METHOD=GET&SMAGENTNAME=-SM-U2oxHNw%2fhwkS9d8eFxBR4kd609FfW4%2b3jBM0jHQpPFSdBOnBEsclAUJfVaZnAfcL&TARGET=-SM-https%3a%2f%2fondemand%2eca%2ecom%2fweb%2fselect%2fdestination"): Navigate to 'https://ondemand.ca.com/web/portal/login?TYPE=33554433&REALMOID=06-000ef9db-0146-19ef-9589-0194ac184032&GUID=&SMAUTHREASON=0&METHOD=GET&SMAGENTNAME=-SM-U2oxHNw%2fhwkS9d8eFxBR4kd609FfW4%2b3jBM0jHQpPFSdBOnBEsclAUJfVaZnAfcL&TARGET=-SM-https%3a%2f%2fondemand%2eca%2ecom%2fweb%2fselect%2fdestination' successfully

2019-05-05 14:52:11 - [MESSAGE][PASSED] - Navigate to 'https://ondemand.ca.com/web/portal/login?TYPE=33554433&REALMOID=06-000ef9db-0146-19ef-9589-0194ac184032&GUID=&SMAUTHREASON=0&METHOD=GET&SMAGENTNAME=-SM-U2oxHNw%2fhwkS9d8eFxBR4kd609FfW4%2b3jBM0jHQpPFSdBOnBEsclAUJfVaZnAfcL&TARGET=-SM-https%3a%2f%2fondemand%2eca%2ecom%2fweb%2fselect%2fdestination' successfully

2019-05-05 14:52:11 - [TEST_STEP][PASSED] - setText(findTestObject("Object Repository/Login-TimeTimeEnter/Page_Sign In - cacom/input_Email Address__58_login"), varEmailAddress): Text 'Patty.ProjectManager@disney.com' is set on object 'Object Repository/Login-TimeTimeEnter/Page_Sign In - cacom/input_Email Address__58_login'

2019-05-05 14:52:11 - [MESSAGE][PASSED] - Text 'Patty.ProjectManager@disney.com' is set on object 'Object Repository/Login-TimeTimeEnter/Page_Sign In - cacom/input_Email Address__58_login'

2019-05-05 14:52:11 - [TEST_STEP][PASSED] - setText(findTestObject("Object Repository/Login-TimeTimeEnter/Page_Sign In - cacom/input_Password__58_password"), varPassword): Text 'clarity0319' is set on object 'Object Repository/Login-TimeTimeEnter/Page_Sign In - cacom/input_Password__58_password'

2019-05-05 14:52:11 - [MESSAGE][PASSED] - Text 'clarity0319' is set on object 'Object Repository/Login-TimeTimeEnter/Page_Sign In - cacom/input_Password__58_password'

2019-05-05 14:52:11 - [TEST_STEP][PASSED] - click(findTestObject("Object Repository/Login-TimeTimeEnter/Page_Sign In - cacom/input")): Object: 'Object Repository/Login-TimeTimeEnter/Page_Sign In - cacom/input' is clicked on

2019-05-05 14:52:13 - [MESSAGE][PASSED] - Object: 'Object Repository/Login-TimeTimeEnter/Page_Sign In - cacom/input' is clicked on

2019-05-05 14:52:13 - [TEST_STEP][PASSED] - click(findTestObject("Object Repository/Login-TimeTimeEnter/Page_My Places - cacom/a_WDPR Tomorrowland - Test")): Object: 'Object Repository/Login-TimeTimeEnter/Page_My Places - cacom/a_WDPR Tomorrowland - Test' is clicked on

2019-05-05 14:52:15 - [MESSAGE][PASSED] - Object: 'Object Repository/Login-TimeTimeEnter/Page_My Places - cacom/a_WDPR Tomorrowland - Test' is clicked on

2019-05-05 14:52:15 - [TEST_STEP][PASSED] - click(findTestObject("Object Repository/Login-TimeTimeEnter/Page_PPM - Last Refreshed on 4222019  Overview General/a_Logout")): Object: 'Object Repository/Login-TimeTimeEnter/Page_PPM - Last Refreshed on 4222019  Overview General/a_Logout' is clicked on

2019-05-05 14:52:18 - [MESSAGE][PASSED] - Object: 'Object Repository/Login-TimeTimeEnter/Page_PPM - Last Refreshed on 4222019  Overview General/a_Logout' is clicked on]]></system-out>
         <system-err><![CDATA[]]></system-err>
      </testcase>
      <testcase name="Test Cases/Login Validation Test Case with Excel" classname="Test Cases/Login Validation Test Case with Excel" status="PASSED">
         <system-out><![CDATA[2019-05-05 14:52:18 - [TEST_CASE][PASSED] - Test Cases/Login Validation Test Case with Excel: Test Cases/Login Validation Test Case with Excel

2019-05-05 14:52:18 - [TEST_STEP][PASSED] - openBrowser(""): Browser is opened with url: ''

2019-05-05 14:52:18 - [MESSAGE][WARNING] - A browser is already opened. Closing browser and opening a new one

2019-05-05 14:52:20 - [MESSAGE][INFO] - Starting 'Chrome' driver

2019-05-05 14:52:23 - [MESSAGE][PASSED] - Browser is opened with url: ''

2019-05-05 14:52:23 - [TEST_STEP][PASSED] - navigateToUrl("https://ondemand.ca.com/web/portal/login?TYPE=33554433&REALMOID=06-000ef9db-0146-19ef-9589-0194ac184032&GUID=&SMAUTHREASON=0&METHOD=GET&SMAGENTNAME=-SM-U2oxHNw%2fhwkS9d8eFxBR4kd609FfW4%2b3jBM0jHQpPFSdBOnBEsclAUJfVaZnAfcL&TARGET=-SM-https%3a%2f%2fondemand%2eca%2ecom%2fweb%2fselect%2fdestination"): Navigate to 'https://ondemand.ca.com/web/portal/login?TYPE=33554433&REALMOID=06-000ef9db-0146-19ef-9589-0194ac184032&GUID=&SMAUTHREASON=0&METHOD=GET&SMAGENTNAME=-SM-U2oxHNw%2fhwkS9d8eFxBR4kd609FfW4%2b3jBM0jHQpPFSdBOnBEsclAUJfVaZnAfcL&TARGET=-SM-https%3a%2f%2fondemand%2eca%2ecom%2fweb%2fselect%2fdestination' successfully

2019-05-05 14:52:25 - [MESSAGE][PASSED] - Navigate to 'https://ondemand.ca.com/web/portal/login?TYPE=33554433&REALMOID=06-000ef9db-0146-19ef-9589-0194ac184032&GUID=&SMAUTHREASON=0&METHOD=GET&SMAGENTNAME=-SM-U2oxHNw%2fhwkS9d8eFxBR4kd609FfW4%2b3jBM0jHQpPFSdBOnBEsclAUJfVaZnAfcL&TARGET=-SM-https%3a%2f%2fondemand%2eca%2ecom%2fweb%2fselect%2fdestination' successfully

2019-05-05 14:52:25 - [TEST_STEP][PASSED] - setText(findTestObject("Object Repository/Login-TimeTimeEnter/Page_Sign In - cacom/input_Email Address__58_login"), varEmailAddress): Text 'Ralph.ResourceManager@disney.com' is set on object 'Object Repository/Login-TimeTimeEnter/Page_Sign In - cacom/input_Email Address__58_login'

2019-05-05 14:52:26 - [MESSAGE][PASSED] - Text 'Ralph.ResourceManager@disney.com' is set on object 'Object Repository/Login-TimeTimeEnter/Page_Sign In - cacom/input_Email Address__58_login'

2019-05-05 14:52:26 - [TEST_STEP][PASSED] - setText(findTestObject("Object Repository/Login-TimeTimeEnter/Page_Sign In - cacom/input_Password__58_password"), varPassword): Text 'clarity0419' is set on object 'Object Repository/Login-TimeTimeEnter/Page_Sign In - cacom/input_Password__58_password'

2019-05-05 14:52:27 - [MESSAGE][PASSED] - Text 'clarity0419' is set on object 'Object Repository/Login-TimeTimeEnter/Page_Sign In - cacom/input_Password__58_password'

2019-05-05 14:52:27 - [TEST_STEP][PASSED] - click(findTestObject("Object Repository/Login-TimeTimeEnter/Page_Sign In - cacom/input")): Object: 'Object Repository/Login-TimeTimeEnter/Page_Sign In - cacom/input' is clicked on

2019-05-05 14:52:28 - [MESSAGE][PASSED] - Object: 'Object Repository/Login-TimeTimeEnter/Page_Sign In - cacom/input' is clicked on

2019-05-05 14:52:28 - [TEST_STEP][PASSED] - click(findTestObject("Object Repository/Login-TimeTimeEnter/Page_My Places - cacom/a_WDPR Tomorrowland - Test")): Object: 'Object Repository/Login-TimeTimeEnter/Page_My Places - cacom/a_WDPR Tomorrowland - Test' is clicked on

2019-05-05 14:52:30 - [MESSAGE][PASSED] - Object: 'Object Repository/Login-TimeTimeEnter/Page_My Places - cacom/a_WDPR Tomorrowland - Test' is clicked on

2019-05-05 14:52:30 - [TEST_STEP][PASSED] - click(findTestObject("Object Repository/Login-TimeTimeEnter/Page_PPM - Last Refreshed on 4222019  Overview General/a_Logout")): Object: 'Object Repository/Login-TimeTimeEnter/Page_PPM - Last Refreshed on 4222019  Overview General/a_Logout' is clicked on

2019-05-05 14:52:33 - [MESSAGE][PASSED] - Object: 'Object Repository/Login-TimeTimeEnter/Page_PPM - Last Refreshed on 4222019  Overview General/a_Logout' is clicked on]]></system-out>
         <system-err><![CDATA[]]></system-err>
      </testcase>
      <testcase name="Test Cases/Login Validation Test Case with Excel" classname="Test Cases/Login Validation Test Case with Excel" status="PASSED">
         <system-out><![CDATA[2019-05-05 14:52:33 - [TEST_CASE][PASSED] - Test Cases/Login Validation Test Case with Excel: Test Cases/Login Validation Test Case with Excel

2019-05-05 14:52:33 - [TEST_STEP][PASSED] - openBrowser(""): Browser is opened with url: ''

2019-05-05 14:52:33 - [MESSAGE][WARNING] - A browser is already opened. Closing browser and opening a new one

2019-05-05 14:52:35 - [MESSAGE][INFO] - Starting 'Chrome' driver

2019-05-05 14:52:38 - [MESSAGE][PASSED] - Browser is opened with url: ''

2019-05-05 14:52:38 - [TEST_STEP][PASSED] - navigateToUrl("https://ondemand.ca.com/web/portal/login?TYPE=33554433&REALMOID=06-000ef9db-0146-19ef-9589-0194ac184032&GUID=&SMAUTHREASON=0&METHOD=GET&SMAGENTNAME=-SM-U2oxHNw%2fhwkS9d8eFxBR4kd609FfW4%2b3jBM0jHQpPFSdBOnBEsclAUJfVaZnAfcL&TARGET=-SM-https%3a%2f%2fondemand%2eca%2ecom%2fweb%2fselect%2fdestination"): Navigate to 'https://ondemand.ca.com/web/portal/login?TYPE=33554433&REALMOID=06-000ef9db-0146-19ef-9589-0194ac184032&GUID=&SMAUTHREASON=0&METHOD=GET&SMAGENTNAME=-SM-U2oxHNw%2fhwkS9d8eFxBR4kd609FfW4%2b3jBM0jHQpPFSdBOnBEsclAUJfVaZnAfcL&TARGET=-SM-https%3a%2f%2fondemand%2eca%2ecom%2fweb%2fselect%2fdestination' successfully

2019-05-05 14:52:41 - [MESSAGE][PASSED] - Navigate to 'https://ondemand.ca.com/web/portal/login?TYPE=33554433&REALMOID=06-000ef9db-0146-19ef-9589-0194ac184032&GUID=&SMAUTHREASON=0&METHOD=GET&SMAGENTNAME=-SM-U2oxHNw%2fhwkS9d8eFxBR4kd609FfW4%2b3jBM0jHQpPFSdBOnBEsclAUJfVaZnAfcL&TARGET=-SM-https%3a%2f%2fondemand%2eca%2ecom%2fweb%2fselect%2fdestination' successfully

2019-05-05 14:52:41 - [TEST_STEP][PASSED] - setText(findTestObject("Object Repository/Login-TimeTimeEnter/Page_Sign In - cacom/input_Email Address__58_login"), varEmailAddress): Text 'Phil.projectcreator@disney.com' is set on object 'Object Repository/Login-TimeTimeEnter/Page_Sign In - cacom/input_Email Address__58_login'

2019-05-05 14:52:41 - [MESSAGE][PASSED] - Text 'Phil.projectcreator@disney.com' is set on object 'Object Repository/Login-TimeTimeEnter/Page_Sign In - cacom/input_Email Address__58_login'

2019-05-05 14:52:41 - [TEST_STEP][PASSED] - setText(findTestObject("Object Repository/Login-TimeTimeEnter/Page_Sign In - cacom/input_Password__58_password"), varPassword): Text 'clarity0419' is set on object 'Object Repository/Login-TimeTimeEnter/Page_Sign In - cacom/input_Password__58_password'

2019-05-05 14:52:42 - [MESSAGE][PASSED] - Text 'clarity0419' is set on object 'Object Repository/Login-TimeTimeEnter/Page_Sign In - cacom/input_Password__58_password'

2019-05-05 14:52:42 - [TEST_STEP][PASSED] - click(findTestObject("Object Repository/Login-TimeTimeEnter/Page_Sign In - cacom/input")): Object: 'Object Repository/Login-TimeTimeEnter/Page_Sign In - cacom/input' is clicked on

2019-05-05 14:52:43 - [MESSAGE][PASSED] - Object: 'Object Repository/Login-TimeTimeEnter/Page_Sign In - cacom/input' is clicked on

2019-05-05 14:52:43 - [TEST_STEP][PASSED] - click(findTestObject("Object Repository/Login-TimeTimeEnter/Page_My Places - cacom/a_WDPR Tomorrowland - Test")): Object: 'Object Repository/Login-TimeTimeEnter/Page_My Places - cacom/a_WDPR Tomorrowland - Test' is clicked on

2019-05-05 14:52:45 - [MESSAGE][PASSED] - Object: 'Object Repository/Login-TimeTimeEnter/Page_My Places - cacom/a_WDPR Tomorrowland - Test' is clicked on

2019-05-05 14:52:45 - [TEST_STEP][PASSED] - click(findTestObject("Object Repository/Login-TimeTimeEnter/Page_PPM - Last Refreshed on 4222019  Overview General/a_Logout")): Object: 'Object Repository/Login-TimeTimeEnter/Page_PPM - Last Refreshed on 4222019  Overview General/a_Logout' is clicked on

2019-05-05 14:52:48 - [MESSAGE][PASSED] - Object: 'Object Repository/Login-TimeTimeEnter/Page_PPM - Last Refreshed on 4222019  Overview General/a_Logout' is clicked on]]></system-out>
         <system-err><![CDATA[]]></system-err>
      </testcase>
      <testcase name="Test Cases/Login Validation Test Case with Excel" classname="Test Cases/Login Validation Test Case with Excel" status="PASSED">
         <system-out><![CDATA[2019-05-05 14:52:48 - [TEST_CASE][PASSED] - Test Cases/Login Validation Test Case with Excel: Test Cases/Login Validation Test Case with Excel

2019-05-05 14:52:48 - [TEST_STEP][PASSED] - openBrowser(""): Browser is opened with url: ''

2019-05-05 14:52:48 - [MESSAGE][WARNING] - A browser is already opened. Closing browser and opening a new one

2019-05-05 14:52:50 - [MESSAGE][INFO] - Starting 'Chrome' driver

2019-05-05 14:52:54 - [MESSAGE][PASSED] - Browser is opened with url: ''

2019-05-05 14:52:54 - [TEST_STEP][PASSED] - navigateToUrl("https://ondemand.ca.com/web/portal/login?TYPE=33554433&REALMOID=06-000ef9db-0146-19ef-9589-0194ac184032&GUID=&SMAUTHREASON=0&METHOD=GET&SMAGENTNAME=-SM-U2oxHNw%2fhwkS9d8eFxBR4kd609FfW4%2b3jBM0jHQpPFSdBOnBEsclAUJfVaZnAfcL&TARGET=-SM-https%3a%2f%2fondemand%2eca%2ecom%2fweb%2fselect%2fdestination"): Navigate to 'https://ondemand.ca.com/web/portal/login?TYPE=33554433&REALMOID=06-000ef9db-0146-19ef-9589-0194ac184032&GUID=&SMAUTHREASON=0&METHOD=GET&SMAGENTNAME=-SM-U2oxHNw%2fhwkS9d8eFxBR4kd609FfW4%2b3jBM0jHQpPFSdBOnBEsclAUJfVaZnAfcL&TARGET=-SM-https%3a%2f%2fondemand%2eca%2ecom%2fweb%2fselect%2fdestination' successfully

2019-05-05 14:52:57 - [MESSAGE][PASSED] - Navigate to 'https://ondemand.ca.com/web/portal/login?TYPE=33554433&REALMOID=06-000ef9db-0146-19ef-9589-0194ac184032&GUID=&SMAUTHREASON=0&METHOD=GET&SMAGENTNAME=-SM-U2oxHNw%2fhwkS9d8eFxBR4kd609FfW4%2b3jBM0jHQpPFSdBOnBEsclAUJfVaZnAfcL&TARGET=-SM-https%3a%2f%2fondemand%2eca%2ecom%2fweb%2fselect%2fdestination' successfully

2019-05-05 14:52:57 - [TEST_STEP][PASSED] - setText(findTestObject("Object Repository/Login-TimeTimeEnter/Page_Sign In - cacom/input_Email Address__58_login"), varEmailAddress): Text 'financial.resourcemanager@disney.com' is set on object 'Object Repository/Login-TimeTimeEnter/Page_Sign In - cacom/input_Email Address__58_login'

2019-05-05 14:52:57 - [MESSAGE][PASSED] - Text 'financial.resourcemanager@disney.com' is set on object 'Object Repository/Login-TimeTimeEnter/Page_Sign In - cacom/input_Email Address__58_login'

2019-05-05 14:52:57 - [TEST_STEP][PASSED] - setText(findTestObject("Object Repository/Login-TimeTimeEnter/Page_Sign In - cacom/input_Password__58_password"), varPassword): Text 'clarity0419' is set on object 'Object Repository/Login-TimeTimeEnter/Page_Sign In - cacom/input_Password__58_password'

2019-05-05 14:52:58 - [MESSAGE][PASSED] - Text 'clarity0419' is set on object 'Object Repository/Login-TimeTimeEnter/Page_Sign In - cacom/input_Password__58_password'

2019-05-05 14:52:58 - [TEST_STEP][PASSED] - click(findTestObject("Object Repository/Login-TimeTimeEnter/Page_Sign In - cacom/input")): Object: 'Object Repository/Login-TimeTimeEnter/Page_Sign In - cacom/input' is clicked on

2019-05-05 14:52:59 - [MESSAGE][PASSED] - Object: 'Object Repository/Login-TimeTimeEnter/Page_Sign In - cacom/input' is clicked on

2019-05-05 14:52:59 - [TEST_STEP][PASSED] - click(findTestObject("Object Repository/Login-TimeTimeEnter/Page_My Places - cacom/a_WDPR Tomorrowland - Test")): Object: 'Object Repository/Login-TimeTimeEnter/Page_My Places - cacom/a_WDPR Tomorrowland - Test' is clicked on

2019-05-05 14:53:01 - [MESSAGE][PASSED] - Object: 'Object Repository/Login-TimeTimeEnter/Page_My Places - cacom/a_WDPR Tomorrowland - Test' is clicked on

2019-05-05 14:53:01 - [TEST_STEP][PASSED] - click(findTestObject("Object Repository/Login-TimeTimeEnter/Page_PPM - Last Refreshed on 4222019  Overview General/a_Logout")): Object: 'Object Repository/Login-TimeTimeEnter/Page_PPM - Last Refreshed on 4222019  Overview General/a_Logout' is clicked on

2019-05-05 14:53:04 - [MESSAGE][PASSED] - Object: 'Object Repository/Login-TimeTimeEnter/Page_PPM - Last Refreshed on 4222019  Overview General/a_Logout' is clicked on]]></system-out>
         <system-err><![CDATA[]]></system-err>
      </testcase>
      <testcase name="Test Cases/Login Validation Test Case with Excel" classname="Test Cases/Login Validation Test Case with Excel" status="PASSED">
         <system-out><![CDATA[2019-05-05 14:53:04 - [TEST_CASE][PASSED] - Test Cases/Login Validation Test Case with Excel: Test Cases/Login Validation Test Case with Excel

2019-05-05 14:53:04 - [TEST_STEP][PASSED] - openBrowser(""): Browser is opened with url: ''

2019-05-05 14:53:04 - [MESSAGE][WARNING] - A browser is already opened. Closing browser and opening a new one

2019-05-05 14:53:05 - [MESSAGE][INFO] - Starting 'Chrome' driver

2019-05-05 14:53:09 - [MESSAGE][PASSED] - Browser is opened with url: ''

2019-05-05 14:53:09 - [TEST_STEP][PASSED] - navigateToUrl("https://ondemand.ca.com/web/portal/login?TYPE=33554433&REALMOID=06-000ef9db-0146-19ef-9589-0194ac184032&GUID=&SMAUTHREASON=0&METHOD=GET&SMAGENTNAME=-SM-U2oxHNw%2fhwkS9d8eFxBR4kd609FfW4%2b3jBM0jHQpPFSdBOnBEsclAUJfVaZnAfcL&TARGET=-SM-https%3a%2f%2fondemand%2eca%2ecom%2fweb%2fselect%2fdestination"): Navigate to 'https://ondemand.ca.com/web/portal/login?TYPE=33554433&REALMOID=06-000ef9db-0146-19ef-9589-0194ac184032&GUID=&SMAUTHREASON=0&METHOD=GET&SMAGENTNAME=-SM-U2oxHNw%2fhwkS9d8eFxBR4kd609FfW4%2b3jBM0jHQpPFSdBOnBEsclAUJfVaZnAfcL&TARGET=-SM-https%3a%2f%2fondemand%2eca%2ecom%2fweb%2fselect%2fdestination' successfully

2019-05-05 14:53:11 - [MESSAGE][PASSED] - Navigate to 'https://ondemand.ca.com/web/portal/login?TYPE=33554433&REALMOID=06-000ef9db-0146-19ef-9589-0194ac184032&GUID=&SMAUTHREASON=0&METHOD=GET&SMAGENTNAME=-SM-U2oxHNw%2fhwkS9d8eFxBR4kd609FfW4%2b3jBM0jHQpPFSdBOnBEsclAUJfVaZnAfcL&TARGET=-SM-https%3a%2f%2fondemand%2eca%2ecom%2fweb%2fselect%2fdestination' successfully

2019-05-05 14:53:11 - [TEST_STEP][PASSED] - setText(findTestObject("Object Repository/Login-TimeTimeEnter/Page_Sign In - cacom/input_Email Address__58_login"), varEmailAddress): Text 'vmo@disney.com' is set on object 'Object Repository/Login-TimeTimeEnter/Page_Sign In - cacom/input_Email Address__58_login'

2019-05-05 14:53:12 - [MESSAGE][PASSED] - Text 'vmo@disney.com' is set on object 'Object Repository/Login-TimeTimeEnter/Page_Sign In - cacom/input_Email Address__58_login'

2019-05-05 14:53:12 - [TEST_STEP][PASSED] - setText(findTestObject("Object Repository/Login-TimeTimeEnter/Page_Sign In - cacom/input_Password__58_password"), varPassword): Text 'clarity0419' is set on object 'Object Repository/Login-TimeTimeEnter/Page_Sign In - cacom/input_Password__58_password'

2019-05-05 14:53:12 - [MESSAGE][PASSED] - Text 'clarity0419' is set on object 'Object Repository/Login-TimeTimeEnter/Page_Sign In - cacom/input_Password__58_password'

2019-05-05 14:53:12 - [TEST_STEP][PASSED] - click(findTestObject("Object Repository/Login-TimeTimeEnter/Page_Sign In - cacom/input")): Object: 'Object Repository/Login-TimeTimeEnter/Page_Sign In - cacom/input' is clicked on

2019-05-05 14:53:13 - [MESSAGE][PASSED] - Object: 'Object Repository/Login-TimeTimeEnter/Page_Sign In - cacom/input' is clicked on

2019-05-05 14:53:13 - [TEST_STEP][PASSED] - click(findTestObject("Object Repository/Login-TimeTimeEnter/Page_My Places - cacom/a_WDPR Tomorrowland - Test")): Object: 'Object Repository/Login-TimeTimeEnter/Page_My Places - cacom/a_WDPR Tomorrowland - Test' is clicked on

2019-05-05 14:53:15 - [MESSAGE][PASSED] - Object: 'Object Repository/Login-TimeTimeEnter/Page_My Places - cacom/a_WDPR Tomorrowland - Test' is clicked on

2019-05-05 14:53:15 - [TEST_STEP][PASSED] - click(findTestObject("Object Repository/Login-TimeTimeEnter/Page_PPM - Last Refreshed on 4222019  Overview General/a_Logout")): Object: 'Object Repository/Login-TimeTimeEnter/Page_PPM - Last Refreshed on 4222019  Overview General/a_Logout' is clicked on

2019-05-05 14:53:18 - [MESSAGE][PASSED] - Object: 'Object Repository/Login-TimeTimeEnter/Page_PPM - Last Refreshed on 4222019  Overview General/a_Logout' is clicked on]]></system-out>
         <system-err><![CDATA[]]></system-err>
      </testcase>
      <testcase name="Test Cases/Login Validation Test Case with Excel" classname="Test Cases/Login Validation Test Case with Excel" status="PASSED">
         <system-out><![CDATA[2019-05-05 14:53:18 - [TEST_CASE][PASSED] - Test Cases/Login Validation Test Case with Excel: Test Cases/Login Validation Test Case with Excel

2019-05-05 14:53:18 - [TEST_STEP][PASSED] - openBrowser(""): Browser is opened with url: ''

2019-05-05 14:53:18 - [MESSAGE][WARNING] - A browser is already opened. Closing browser and opening a new one

2019-05-05 14:53:20 - [MESSAGE][INFO] - Starting 'Chrome' driver

2019-05-05 14:53:23 - [MESSAGE][PASSED] - Browser is opened with url: ''

2019-05-05 14:53:23 - [TEST_STEP][PASSED] - navigateToUrl("https://ondemand.ca.com/web/portal/login?TYPE=33554433&REALMOID=06-000ef9db-0146-19ef-9589-0194ac184032&GUID=&SMAUTHREASON=0&METHOD=GET&SMAGENTNAME=-SM-U2oxHNw%2fhwkS9d8eFxBR4kd609FfW4%2b3jBM0jHQpPFSdBOnBEsclAUJfVaZnAfcL&TARGET=-SM-https%3a%2f%2fondemand%2eca%2ecom%2fweb%2fselect%2fdestination"): Navigate to 'https://ondemand.ca.com/web/portal/login?TYPE=33554433&REALMOID=06-000ef9db-0146-19ef-9589-0194ac184032&GUID=&SMAUTHREASON=0&METHOD=GET&SMAGENTNAME=-SM-U2oxHNw%2fhwkS9d8eFxBR4kd609FfW4%2b3jBM0jHQpPFSdBOnBEsclAUJfVaZnAfcL&TARGET=-SM-https%3a%2f%2fondemand%2eca%2ecom%2fweb%2fselect%2fdestination' successfully

2019-05-05 14:53:25 - [MESSAGE][PASSED] - Navigate to 'https://ondemand.ca.com/web/portal/login?TYPE=33554433&REALMOID=06-000ef9db-0146-19ef-9589-0194ac184032&GUID=&SMAUTHREASON=0&METHOD=GET&SMAGENTNAME=-SM-U2oxHNw%2fhwkS9d8eFxBR4kd609FfW4%2b3jBM0jHQpPFSdBOnBEsclAUJfVaZnAfcL&TARGET=-SM-https%3a%2f%2fondemand%2eca%2ecom%2fweb%2fselect%2fdestination' successfully

2019-05-05 14:53:25 - [TEST_STEP][PASSED] - setText(findTestObject("Object Repository/Login-TimeTimeEnter/Page_Sign In - cacom/input_Email Address__58_login"), varEmailAddress): Text 'digital.finance@disney.com' is set on object 'Object Repository/Login-TimeTimeEnter/Page_Sign In - cacom/input_Email Address__58_login'

2019-05-05 14:53:26 - [MESSAGE][PASSED] - Text 'digital.finance@disney.com' is set on object 'Object Repository/Login-TimeTimeEnter/Page_Sign In - cacom/input_Email Address__58_login'

2019-05-05 14:53:26 - [TEST_STEP][PASSED] - setText(findTestObject("Object Repository/Login-TimeTimeEnter/Page_Sign In - cacom/input_Password__58_password"), varPassword): Text 'clarity0419' is set on object 'Object Repository/Login-TimeTimeEnter/Page_Sign In - cacom/input_Password__58_password'

2019-05-05 14:53:26 - [MESSAGE][PASSED] - Text 'clarity0419' is set on object 'Object Repository/Login-TimeTimeEnter/Page_Sign In - cacom/input_Password__58_password'

2019-05-05 14:53:26 - [TEST_STEP][PASSED] - click(findTestObject("Object Repository/Login-TimeTimeEnter/Page_Sign In - cacom/input")): Object: 'Object Repository/Login-TimeTimeEnter/Page_Sign In - cacom/input' is clicked on

2019-05-05 14:53:27 - [MESSAGE][PASSED] - Object: 'Object Repository/Login-TimeTimeEnter/Page_Sign In - cacom/input' is clicked on

2019-05-05 14:53:27 - [TEST_STEP][PASSED] - click(findTestObject("Object Repository/Login-TimeTimeEnter/Page_My Places - cacom/a_WDPR Tomorrowland - Test")): Object: 'Object Repository/Login-TimeTimeEnter/Page_My Places - cacom/a_WDPR Tomorrowland - Test' is clicked on

2019-05-05 14:53:29 - [MESSAGE][PASSED] - Object: 'Object Repository/Login-TimeTimeEnter/Page_My Places - cacom/a_WDPR Tomorrowland - Test' is clicked on

2019-05-05 14:53:29 - [TEST_STEP][PASSED] - click(findTestObject("Object Repository/Login-TimeTimeEnter/Page_PPM - Last Refreshed on 4222019  Overview General/a_Logout")): Object: 'Object Repository/Login-TimeTimeEnter/Page_PPM - Last Refreshed on 4222019  Overview General/a_Logout' is clicked on

2019-05-05 14:53:33 - [MESSAGE][PASSED] - Object: 'Object Repository/Login-TimeTimeEnter/Page_PPM - Last Refreshed on 4222019  Overview General/a_Logout' is clicked on]]></system-out>
         <system-err><![CDATA[]]></system-err>
      </testcase>
      <testcase name="Test Cases/Login Validation Test Case with Excel" classname="Test Cases/Login Validation Test Case with Excel" status="PASSED">
         <system-out><![CDATA[2019-05-05 14:53:33 - [TEST_CASE][PASSED] - Test Cases/Login Validation Test Case with Excel: Test Cases/Login Validation Test Case with Excel

2019-05-05 14:53:33 - [TEST_STEP][PASSED] - openBrowser(""): Browser is opened with url: ''

2019-05-05 14:53:33 - [MESSAGE][WARNING] - A browser is already opened. Closing browser and opening a new one

2019-05-05 14:53:34 - [MESSAGE][INFO] - Starting 'Chrome' driver

2019-05-05 14:53:38 - [MESSAGE][PASSED] - Browser is opened with url: ''

2019-05-05 14:53:38 - [TEST_STEP][PASSED] - navigateToUrl("https://ondemand.ca.com/web/portal/login?TYPE=33554433&REALMOID=06-000ef9db-0146-19ef-9589-0194ac184032&GUID=&SMAUTHREASON=0&METHOD=GET&SMAGENTNAME=-SM-U2oxHNw%2fhwkS9d8eFxBR4kd609FfW4%2b3jBM0jHQpPFSdBOnBEsclAUJfVaZnAfcL&TARGET=-SM-https%3a%2f%2fondemand%2eca%2ecom%2fweb%2fselect%2fdestination"): Navigate to 'https://ondemand.ca.com/web/portal/login?TYPE=33554433&REALMOID=06-000ef9db-0146-19ef-9589-0194ac184032&GUID=&SMAUTHREASON=0&METHOD=GET&SMAGENTNAME=-SM-U2oxHNw%2fhwkS9d8eFxBR4kd609FfW4%2b3jBM0jHQpPFSdBOnBEsclAUJfVaZnAfcL&TARGET=-SM-https%3a%2f%2fondemand%2eca%2ecom%2fweb%2fselect%2fdestination' successfully

2019-05-05 14:53:40 - [MESSAGE][PASSED] - Navigate to 'https://ondemand.ca.com/web/portal/login?TYPE=33554433&REALMOID=06-000ef9db-0146-19ef-9589-0194ac184032&GUID=&SMAUTHREASON=0&METHOD=GET&SMAGENTNAME=-SM-U2oxHNw%2fhwkS9d8eFxBR4kd609FfW4%2b3jBM0jHQpPFSdBOnBEsclAUJfVaZnAfcL&TARGET=-SM-https%3a%2f%2fondemand%2eca%2ecom%2fweb%2fselect%2fdestination' successfully

2019-05-05 14:53:40 - [TEST_STEP][PASSED] - setText(findTestObject("Object Repository/Login-TimeTimeEnter/Page_Sign In - cacom/input_Email Address__58_login"), varEmailAddress): Text 'department.admin@disney.com' is set on object 'Object Repository/Login-TimeTimeEnter/Page_Sign In - cacom/input_Email Address__58_login'

2019-05-05 14:53:41 - [MESSAGE][PASSED] - Text 'department.admin@disney.com' is set on object 'Object Repository/Login-TimeTimeEnter/Page_Sign In - cacom/input_Email Address__58_login'

2019-05-05 14:53:41 - [TEST_STEP][PASSED] - setText(findTestObject("Object Repository/Login-TimeTimeEnter/Page_Sign In - cacom/input_Password__58_password"), varPassword): Text 'clarity0419' is set on object 'Object Repository/Login-TimeTimeEnter/Page_Sign In - cacom/input_Password__58_password'

2019-05-05 14:53:42 - [MESSAGE][PASSED] - Text 'clarity0419' is set on object 'Object Repository/Login-TimeTimeEnter/Page_Sign In - cacom/input_Password__58_password'

2019-05-05 14:53:42 - [TEST_STEP][PASSED] - click(findTestObject("Object Repository/Login-TimeTimeEnter/Page_Sign In - cacom/input")): Object: 'Object Repository/Login-TimeTimeEnter/Page_Sign In - cacom/input' is clicked on

2019-05-05 14:53:43 - [MESSAGE][PASSED] - Object: 'Object Repository/Login-TimeTimeEnter/Page_Sign In - cacom/input' is clicked on

2019-05-05 14:53:43 - [TEST_STEP][PASSED] - click(findTestObject("Object Repository/Login-TimeTimeEnter/Page_My Places - cacom/a_WDPR Tomorrowland - Test")): Object: 'Object Repository/Login-TimeTimeEnter/Page_My Places - cacom/a_WDPR Tomorrowland - Test' is clicked on

2019-05-05 14:53:45 - [MESSAGE][PASSED] - Object: 'Object Repository/Login-TimeTimeEnter/Page_My Places - cacom/a_WDPR Tomorrowland - Test' is clicked on

2019-05-05 14:53:45 - [TEST_STEP][PASSED] - click(findTestObject("Object Repository/Login-TimeTimeEnter/Page_PPM - Last Refreshed on 4222019  Overview General/a_Logout")): Object: 'Object Repository/Login-TimeTimeEnter/Page_PPM - Last Refreshed on 4222019  Overview General/a_Logout' is clicked on

2019-05-05 14:53:49 - [MESSAGE][PASSED] - Object: 'Object Repository/Login-TimeTimeEnter/Page_PPM - Last Refreshed on 4222019  Overview General/a_Logout' is clicked on]]></system-out>
         <system-err><![CDATA[]]></system-err>
      </testcase>
      <testcase name="Test Cases/Login Validation Test Case with Excel" classname="Test Cases/Login Validation Test Case with Excel" status="PASSED">
         <system-out><![CDATA[2019-05-05 14:53:49 - [TEST_CASE][PASSED] - Test Cases/Login Validation Test Case with Excel: Test Cases/Login Validation Test Case with Excel

2019-05-05 14:53:49 - [TEST_STEP][PASSED] - openBrowser(""): Browser is opened with url: ''

2019-05-05 14:53:49 - [MESSAGE][WARNING] - A browser is already opened. Closing browser and opening a new one

2019-05-05 14:53:51 - [MESSAGE][INFO] - Starting 'Chrome' driver

2019-05-05 14:53:54 - [MESSAGE][PASSED] - Browser is opened with url: ''

2019-05-05 14:53:54 - [TEST_STEP][PASSED] - navigateToUrl("https://ondemand.ca.com/web/portal/login?TYPE=33554433&REALMOID=06-000ef9db-0146-19ef-9589-0194ac184032&GUID=&SMAUTHREASON=0&METHOD=GET&SMAGENTNAME=-SM-U2oxHNw%2fhwkS9d8eFxBR4kd609FfW4%2b3jBM0jHQpPFSdBOnBEsclAUJfVaZnAfcL&TARGET=-SM-https%3a%2f%2fondemand%2eca%2ecom%2fweb%2fselect%2fdestination"): Navigate to 'https://ondemand.ca.com/web/portal/login?TYPE=33554433&REALMOID=06-000ef9db-0146-19ef-9589-0194ac184032&GUID=&SMAUTHREASON=0&METHOD=GET&SMAGENTNAME=-SM-U2oxHNw%2fhwkS9d8eFxBR4kd609FfW4%2b3jBM0jHQpPFSdBOnBEsclAUJfVaZnAfcL&TARGET=-SM-https%3a%2f%2fondemand%2eca%2ecom%2fweb%2fselect%2fdestination' successfully

2019-05-05 14:53:57 - [MESSAGE][PASSED] - Navigate to 'https://ondemand.ca.com/web/portal/login?TYPE=33554433&REALMOID=06-000ef9db-0146-19ef-9589-0194ac184032&GUID=&SMAUTHREASON=0&METHOD=GET&SMAGENTNAME=-SM-U2oxHNw%2fhwkS9d8eFxBR4kd609FfW4%2b3jBM0jHQpPFSdBOnBEsclAUJfVaZnAfcL&TARGET=-SM-https%3a%2f%2fondemand%2eca%2ecom%2fweb%2fselect%2fdestination' successfully

2019-05-05 14:53:57 - [TEST_STEP][PASSED] - setText(findTestObject("Object Repository/Login-TimeTimeEnter/Page_Sign In - cacom/input_Email Address__58_login"), varEmailAddress): Text 'digital.rm@disney.com' is set on object 'Object Repository/Login-TimeTimeEnter/Page_Sign In - cacom/input_Email Address__58_login'

2019-05-05 14:53:57 - [MESSAGE][PASSED] - Text 'digital.rm@disney.com' is set on object 'Object Repository/Login-TimeTimeEnter/Page_Sign In - cacom/input_Email Address__58_login'

2019-05-05 14:53:57 - [TEST_STEP][PASSED] - setText(findTestObject("Object Repository/Login-TimeTimeEnter/Page_Sign In - cacom/input_Password__58_password"), varPassword): Text 'clarity0419' is set on object 'Object Repository/Login-TimeTimeEnter/Page_Sign In - cacom/input_Password__58_password'

2019-05-05 14:53:58 - [MESSAGE][PASSED] - Text 'clarity0419' is set on object 'Object Repository/Login-TimeTimeEnter/Page_Sign In - cacom/input_Password__58_password'

2019-05-05 14:53:58 - [TEST_STEP][PASSED] - click(findTestObject("Object Repository/Login-TimeTimeEnter/Page_Sign In - cacom/input")): Object: 'Object Repository/Login-TimeTimeEnter/Page_Sign In - cacom/input' is clicked on

2019-05-05 14:53:59 - [MESSAGE][PASSED] - Object: 'Object Repository/Login-TimeTimeEnter/Page_Sign In - cacom/input' is clicked on

2019-05-05 14:53:59 - [TEST_STEP][PASSED] - click(findTestObject("Object Repository/Login-TimeTimeEnter/Page_My Places - cacom/a_WDPR Tomorrowland - Test")): Object: 'Object Repository/Login-TimeTimeEnter/Page_My Places - cacom/a_WDPR Tomorrowland - Test' is clicked on

2019-05-05 14:54:01 - [MESSAGE][PASSED] - Object: 'Object Repository/Login-TimeTimeEnter/Page_My Places - cacom/a_WDPR Tomorrowland - Test' is clicked on

2019-05-05 14:54:01 - [TEST_STEP][PASSED] - click(findTestObject("Object Repository/Login-TimeTimeEnter/Page_PPM - Last Refreshed on 4222019  Overview General/a_Logout")): Object: 'Object Repository/Login-TimeTimeEnter/Page_PPM - Last Refreshed on 4222019  Overview General/a_Logout' is clicked on

2019-05-05 14:54:06 - [MESSAGE][PASSED] - Object: 'Object Repository/Login-TimeTimeEnter/Page_PPM - Last Refreshed on 4222019  Overview General/a_Logout' is clicked on]]></system-out>
         <system-err><![CDATA[]]></system-err>
      </testcase>
      <testcase name="Test Cases/Login Validation Test Case with Excel" classname="Test Cases/Login Validation Test Case with Excel" status="PASSED">
         <system-out><![CDATA[2019-05-05 14:54:06 - [TEST_CASE][PASSED] - Test Cases/Login Validation Test Case with Excel: Test Cases/Login Validation Test Case with Excel

2019-05-05 14:54:06 - [TEST_STEP][PASSED] - openBrowser(""): Browser is opened with url: ''

2019-05-05 14:54:06 - [MESSAGE][WARNING] - A browser is already opened. Closing browser and opening a new one

2019-05-05 14:54:07 - [MESSAGE][INFO] - Starting 'Chrome' driver

2019-05-05 14:54:10 - [MESSAGE][PASSED] - Browser is opened with url: ''

2019-05-05 14:54:10 - [TEST_STEP][PASSED] - navigateToUrl("https://ondemand.ca.com/web/portal/login?TYPE=33554433&REALMOID=06-000ef9db-0146-19ef-9589-0194ac184032&GUID=&SMAUTHREASON=0&METHOD=GET&SMAGENTNAME=-SM-U2oxHNw%2fhwkS9d8eFxBR4kd609FfW4%2b3jBM0jHQpPFSdBOnBEsclAUJfVaZnAfcL&TARGET=-SM-https%3a%2f%2fondemand%2eca%2ecom%2fweb%2fselect%2fdestination"): Navigate to 'https://ondemand.ca.com/web/portal/login?TYPE=33554433&REALMOID=06-000ef9db-0146-19ef-9589-0194ac184032&GUID=&SMAUTHREASON=0&METHOD=GET&SMAGENTNAME=-SM-U2oxHNw%2fhwkS9d8eFxBR4kd609FfW4%2b3jBM0jHQpPFSdBOnBEsclAUJfVaZnAfcL&TARGET=-SM-https%3a%2f%2fondemand%2eca%2ecom%2fweb%2fselect%2fdestination' successfully

2019-05-05 14:54:12 - [MESSAGE][PASSED] - Navigate to 'https://ondemand.ca.com/web/portal/login?TYPE=33554433&REALMOID=06-000ef9db-0146-19ef-9589-0194ac184032&GUID=&SMAUTHREASON=0&METHOD=GET&SMAGENTNAME=-SM-U2oxHNw%2fhwkS9d8eFxBR4kd609FfW4%2b3jBM0jHQpPFSdBOnBEsclAUJfVaZnAfcL&TARGET=-SM-https%3a%2f%2fondemand%2eca%2ecom%2fweb%2fselect%2fdestination' successfully

2019-05-05 14:54:12 - [TEST_STEP][PASSED] - setText(findTestObject("Object Repository/Login-TimeTimeEnter/Page_Sign In - cacom/input_Email Address__58_login"), varEmailAddress): Text 'digital.pm@disney.com' is set on object 'Object Repository/Login-TimeTimeEnter/Page_Sign In - cacom/input_Email Address__58_login'

2019-05-05 14:54:13 - [MESSAGE][PASSED] - Text 'digital.pm@disney.com' is set on object 'Object Repository/Login-TimeTimeEnter/Page_Sign In - cacom/input_Email Address__58_login'

2019-05-05 14:54:13 - [TEST_STEP][PASSED] - setText(findTestObject("Object Repository/Login-TimeTimeEnter/Page_Sign In - cacom/input_Password__58_password"), varPassword): Text 'clarity0419' is set on object 'Object Repository/Login-TimeTimeEnter/Page_Sign In - cacom/input_Password__58_password'

2019-05-05 14:54:13 - [MESSAGE][PASSED] - Text 'clarity0419' is set on object 'Object Repository/Login-TimeTimeEnter/Page_Sign In - cacom/input_Password__58_password'

2019-05-05 14:54:13 - [TEST_STEP][PASSED] - click(findTestObject("Object Repository/Login-TimeTimeEnter/Page_Sign In - cacom/input")): Object: 'Object Repository/Login-TimeTimeEnter/Page_Sign In - cacom/input' is clicked on

2019-05-05 14:54:14 - [MESSAGE][PASSED] - Object: 'Object Repository/Login-TimeTimeEnter/Page_Sign In - cacom/input' is clicked on

2019-05-05 14:54:14 - [TEST_STEP][PASSED] - click(findTestObject("Object Repository/Login-TimeTimeEnter/Page_My Places - cacom/a_WDPR Tomorrowland - Test")): Object: 'Object Repository/Login-TimeTimeEnter/Page_My Places - cacom/a_WDPR Tomorrowland - Test' is clicked on

2019-05-05 14:54:16 - [MESSAGE][PASSED] - Object: 'Object Repository/Login-TimeTimeEnter/Page_My Places - cacom/a_WDPR Tomorrowland - Test' is clicked on

2019-05-05 14:54:16 - [TEST_STEP][PASSED] - click(findTestObject("Object Repository/Login-TimeTimeEnter/Page_PPM - Last Refreshed on 4222019  Overview General/a_Logout")): Object: 'Object Repository/Login-TimeTimeEnter/Page_PPM - Last Refreshed on 4222019  Overview General/a_Logout' is clicked on

2019-05-05 14:54:20 - [MESSAGE][PASSED] - Object: 'Object Repository/Login-TimeTimeEnter/Page_PPM - Last Refreshed on 4222019  Overview General/a_Logout' is clicked on]]></system-out>
         <system-err><![CDATA[]]></system-err>
      </testcase>
      <testcase name="Test Cases/Login Validation Test Case with Excel" classname="Test Cases/Login Validation Test Case with Excel" status="PASSED">
         <system-out><![CDATA[2019-05-05 14:54:20 - [TEST_CASE][PASSED] - Test Cases/Login Validation Test Case with Excel: Test Cases/Login Validation Test Case with Excel

2019-05-05 14:54:20 - [TEST_STEP][PASSED] - openBrowser(""): Browser is opened with url: ''

2019-05-05 14:54:20 - [MESSAGE][WARNING] - A browser is already opened. Closing browser and opening a new one

2019-05-05 14:54:21 - [MESSAGE][INFO] - Starting 'Chrome' driver

2019-05-05 14:54:25 - [MESSAGE][PASSED] - Browser is opened with url: ''

2019-05-05 14:54:25 - [TEST_STEP][PASSED] - navigateToUrl("https://ondemand.ca.com/web/portal/login?TYPE=33554433&REALMOID=06-000ef9db-0146-19ef-9589-0194ac184032&GUID=&SMAUTHREASON=0&METHOD=GET&SMAGENTNAME=-SM-U2oxHNw%2fhwkS9d8eFxBR4kd609FfW4%2b3jBM0jHQpPFSdBOnBEsclAUJfVaZnAfcL&TARGET=-SM-https%3a%2f%2fondemand%2eca%2ecom%2fweb%2fselect%2fdestination"): Navigate to 'https://ondemand.ca.com/web/portal/login?TYPE=33554433&REALMOID=06-000ef9db-0146-19ef-9589-0194ac184032&GUID=&SMAUTHREASON=0&METHOD=GET&SMAGENTNAME=-SM-U2oxHNw%2fhwkS9d8eFxBR4kd609FfW4%2b3jBM0jHQpPFSdBOnBEsclAUJfVaZnAfcL&TARGET=-SM-https%3a%2f%2fondemand%2eca%2ecom%2fweb%2fselect%2fdestination' successfully

2019-05-05 14:54:28 - [MESSAGE][PASSED] - Navigate to 'https://ondemand.ca.com/web/portal/login?TYPE=33554433&REALMOID=06-000ef9db-0146-19ef-9589-0194ac184032&GUID=&SMAUTHREASON=0&METHOD=GET&SMAGENTNAME=-SM-U2oxHNw%2fhwkS9d8eFxBR4kd609FfW4%2b3jBM0jHQpPFSdBOnBEsclAUJfVaZnAfcL&TARGET=-SM-https%3a%2f%2fondemand%2eca%2ecom%2fweb%2fselect%2fdestination' successfully

2019-05-05 14:54:28 - [TEST_STEP][PASSED] - setText(findTestObject("Object Repository/Login-TimeTimeEnter/Page_Sign In - cacom/input_Email Address__58_login"), varEmailAddress): Text 'reporting.only@disney.com' is set on object 'Object Repository/Login-TimeTimeEnter/Page_Sign In - cacom/input_Email Address__58_login'

2019-05-05 14:54:28 - [MESSAGE][PASSED] - Text 'reporting.only@disney.com' is set on object 'Object Repository/Login-TimeTimeEnter/Page_Sign In - cacom/input_Email Address__58_login'

2019-05-05 14:54:28 - [TEST_STEP][PASSED] - setText(findTestObject("Object Repository/Login-TimeTimeEnter/Page_Sign In - cacom/input_Password__58_password"), varPassword): Text 'clarity0419' is set on object 'Object Repository/Login-TimeTimeEnter/Page_Sign In - cacom/input_Password__58_password'

2019-05-05 14:54:29 - [MESSAGE][PASSED] - Text 'clarity0419' is set on object 'Object Repository/Login-TimeTimeEnter/Page_Sign In - cacom/input_Password__58_password'

2019-05-05 14:54:29 - [TEST_STEP][PASSED] - click(findTestObject("Object Repository/Login-TimeTimeEnter/Page_Sign In - cacom/input")): Object: 'Object Repository/Login-TimeTimeEnter/Page_Sign In - cacom/input' is clicked on

2019-05-05 14:54:32 - [MESSAGE][PASSED] - Object: 'Object Repository/Login-TimeTimeEnter/Page_Sign In - cacom/input' is clicked on

2019-05-05 14:54:32 - [TEST_STEP][PASSED] - click(findTestObject("Object Repository/Login-TimeTimeEnter/Page_My Places - cacom/a_WDPR Tomorrowland - Test")): Object: 'Object Repository/Login-TimeTimeEnter/Page_My Places - cacom/a_WDPR Tomorrowland - Test' is clicked on

2019-05-05 14:54:34 - [MESSAGE][PASSED] - Object: 'Object Repository/Login-TimeTimeEnter/Page_My Places - cacom/a_WDPR Tomorrowland - Test' is clicked on

2019-05-05 14:54:34 - [TEST_STEP][PASSED] - click(findTestObject("Object Repository/Login-TimeTimeEnter/Page_PPM - Last Refreshed on 4222019  Overview General/a_Logout")): Object: 'Object Repository/Login-TimeTimeEnter/Page_PPM - Last Refreshed on 4222019  Overview General/a_Logout' is clicked on

2019-05-05 14:54:38 - [MESSAGE][PASSED] - Object: 'Object Repository/Login-TimeTimeEnter/Page_PPM - Last Refreshed on 4222019  Overview General/a_Logout' is clicked on]]></system-out>
         <system-err><![CDATA[]]></system-err>
      </testcase>
      <testcase name="Test Cases/Login Validation Test Case with Excel" classname="Test Cases/Login Validation Test Case with Excel" status="PASSED">
         <system-out><![CDATA[2019-05-05 14:54:38 - [TEST_CASE][PASSED] - Test Cases/Login Validation Test Case with Excel: Test Cases/Login Validation Test Case with Excel

2019-05-05 14:54:38 - [TEST_STEP][PASSED] - openBrowser(""): Browser is opened with url: ''

2019-05-05 14:54:38 - [MESSAGE][WARNING] - A browser is already opened. Closing browser and opening a new one

2019-05-05 14:54:40 - [MESSAGE][INFO] - Starting 'Chrome' driver

2019-05-05 14:54:43 - [MESSAGE][PASSED] - Browser is opened with url: ''

2019-05-05 14:54:43 - [TEST_STEP][PASSED] - navigateToUrl("https://ondemand.ca.com/web/portal/login?TYPE=33554433&REALMOID=06-000ef9db-0146-19ef-9589-0194ac184032&GUID=&SMAUTHREASON=0&METHOD=GET&SMAGENTNAME=-SM-U2oxHNw%2fhwkS9d8eFxBR4kd609FfW4%2b3jBM0jHQpPFSdBOnBEsclAUJfVaZnAfcL&TARGET=-SM-https%3a%2f%2fondemand%2eca%2ecom%2fweb%2fselect%2fdestination"): Navigate to 'https://ondemand.ca.com/web/portal/login?TYPE=33554433&REALMOID=06-000ef9db-0146-19ef-9589-0194ac184032&GUID=&SMAUTHREASON=0&METHOD=GET&SMAGENTNAME=-SM-U2oxHNw%2fhwkS9d8eFxBR4kd609FfW4%2b3jBM0jHQpPFSdBOnBEsclAUJfVaZnAfcL&TARGET=-SM-https%3a%2f%2fondemand%2eca%2ecom%2fweb%2fselect%2fdestination' successfully

2019-05-05 14:54:46 - [MESSAGE][PASSED] - Navigate to 'https://ondemand.ca.com/web/portal/login?TYPE=33554433&REALMOID=06-000ef9db-0146-19ef-9589-0194ac184032&GUID=&SMAUTHREASON=0&METHOD=GET&SMAGENTNAME=-SM-U2oxHNw%2fhwkS9d8eFxBR4kd609FfW4%2b3jBM0jHQpPFSdBOnBEsclAUJfVaZnAfcL&TARGET=-SM-https%3a%2f%2fondemand%2eca%2ecom%2fweb%2fselect%2fdestination' successfully

2019-05-05 14:54:46 - [TEST_STEP][PASSED] - setText(findTestObject("Object Repository/Login-TimeTimeEnter/Page_Sign In - cacom/input_Email Address__58_login"), varEmailAddress): Text 'agility.coach@disney.com' is set on object 'Object Repository/Login-TimeTimeEnter/Page_Sign In - cacom/input_Email Address__58_login'

2019-05-05 14:54:47 - [MESSAGE][PASSED] - Text 'agility.coach@disney.com' is set on object 'Object Repository/Login-TimeTimeEnter/Page_Sign In - cacom/input_Email Address__58_login'

2019-05-05 14:54:47 - [TEST_STEP][PASSED] - setText(findTestObject("Object Repository/Login-TimeTimeEnter/Page_Sign In - cacom/input_Password__58_password"), varPassword): Text 'clarity0419' is set on object 'Object Repository/Login-TimeTimeEnter/Page_Sign In - cacom/input_Password__58_password'

2019-05-05 14:54:47 - [MESSAGE][PASSED] - Text 'clarity0419' is set on object 'Object Repository/Login-TimeTimeEnter/Page_Sign In - cacom/input_Password__58_password'

2019-05-05 14:54:47 - [TEST_STEP][PASSED] - click(findTestObject("Object Repository/Login-TimeTimeEnter/Page_Sign In - cacom/input")): Object: 'Object Repository/Login-TimeTimeEnter/Page_Sign In - cacom/input' is clicked on

2019-05-05 14:54:48 - [MESSAGE][PASSED] - Object: 'Object Repository/Login-TimeTimeEnter/Page_Sign In - cacom/input' is clicked on

2019-05-05 14:54:48 - [TEST_STEP][PASSED] - click(findTestObject("Object Repository/Login-TimeTimeEnter/Page_My Places - cacom/a_WDPR Tomorrowland - Test")): Object: 'Object Repository/Login-TimeTimeEnter/Page_My Places - cacom/a_WDPR Tomorrowland - Test' is clicked on

2019-05-05 14:54:50 - [MESSAGE][PASSED] - Object: 'Object Repository/Login-TimeTimeEnter/Page_My Places - cacom/a_WDPR Tomorrowland - Test' is clicked on

2019-05-05 14:54:50 - [TEST_STEP][PASSED] - click(findTestObject("Object Repository/Login-TimeTimeEnter/Page_PPM - Last Refreshed on 4222019  Overview General/a_Logout")): Object: 'Object Repository/Login-TimeTimeEnter/Page_PPM - Last Refreshed on 4222019  Overview General/a_Logout' is clicked on

2019-05-05 14:54:54 - [MESSAGE][PASSED] - Object: 'Object Repository/Login-TimeTimeEnter/Page_PPM - Last Refreshed on 4222019  Overview General/a_Logout' is clicked on]]></system-out>
         <system-err><![CDATA[]]></system-err>
      </testcase>
      <testcase name="Test Cases/Login Validation Test Case with Excel" classname="Test Cases/Login Validation Test Case with Excel" status="PASSED">
         <system-out><![CDATA[2019-05-05 14:54:54 - [TEST_CASE][PASSED] - Test Cases/Login Validation Test Case with Excel: Test Cases/Login Validation Test Case with Excel

2019-05-05 14:54:54 - [TEST_STEP][PASSED] - openBrowser(""): Browser is opened with url: ''

2019-05-05 14:54:54 - [MESSAGE][WARNING] - A browser is already opened. Closing browser and opening a new one

2019-05-05 14:54:55 - [MESSAGE][INFO] - Starting 'Chrome' driver

2019-05-05 14:54:59 - [MESSAGE][PASSED] - Browser is opened with url: ''

2019-05-05 14:54:59 - [TEST_STEP][PASSED] - navigateToUrl("https://ondemand.ca.com/web/portal/login?TYPE=33554433&REALMOID=06-000ef9db-0146-19ef-9589-0194ac184032&GUID=&SMAUTHREASON=0&METHOD=GET&SMAGENTNAME=-SM-U2oxHNw%2fhwkS9d8eFxBR4kd609FfW4%2b3jBM0jHQpPFSdBOnBEsclAUJfVaZnAfcL&TARGET=-SM-https%3a%2f%2fondemand%2eca%2ecom%2fweb%2fselect%2fdestination"): Navigate to 'https://ondemand.ca.com/web/portal/login?TYPE=33554433&REALMOID=06-000ef9db-0146-19ef-9589-0194ac184032&GUID=&SMAUTHREASON=0&METHOD=GET&SMAGENTNAME=-SM-U2oxHNw%2fhwkS9d8eFxBR4kd609FfW4%2b3jBM0jHQpPFSdBOnBEsclAUJfVaZnAfcL&TARGET=-SM-https%3a%2f%2fondemand%2eca%2ecom%2fweb%2fselect%2fdestination' successfully

2019-05-05 14:55:02 - [MESSAGE][PASSED] - Navigate to 'https://ondemand.ca.com/web/portal/login?TYPE=33554433&REALMOID=06-000ef9db-0146-19ef-9589-0194ac184032&GUID=&SMAUTHREASON=0&METHOD=GET&SMAGENTNAME=-SM-U2oxHNw%2fhwkS9d8eFxBR4kd609FfW4%2b3jBM0jHQpPFSdBOnBEsclAUJfVaZnAfcL&TARGET=-SM-https%3a%2f%2fondemand%2eca%2ecom%2fweb%2fselect%2fdestination' successfully

2019-05-05 14:55:02 - [TEST_STEP][PASSED] - setText(findTestObject("Object Repository/Login-TimeTimeEnter/Page_Sign In - cacom/input_Email Address__58_login"), varEmailAddress): Text 'kris.portfoliomanager@disney.com' is set on object 'Object Repository/Login-TimeTimeEnter/Page_Sign In - cacom/input_Email Address__58_login'

2019-05-05 14:55:02 - [MESSAGE][PASSED] - Text 'kris.portfoliomanager@disney.com' is set on object 'Object Repository/Login-TimeTimeEnter/Page_Sign In - cacom/input_Email Address__58_login'

2019-05-05 14:55:02 - [TEST_STEP][PASSED] - setText(findTestObject("Object Repository/Login-TimeTimeEnter/Page_Sign In - cacom/input_Password__58_password"), varPassword): Text 'clarity042019' is set on object 'Object Repository/Login-TimeTimeEnter/Page_Sign In - cacom/input_Password__58_password'

2019-05-05 14:55:03 - [MESSAGE][PASSED] - Text 'clarity042019' is set on object 'Object Repository/Login-TimeTimeEnter/Page_Sign In - cacom/input_Password__58_password'

2019-05-05 14:55:03 - [TEST_STEP][PASSED] - click(findTestObject("Object Repository/Login-TimeTimeEnter/Page_Sign In - cacom/input")): Object: 'Object Repository/Login-TimeTimeEnter/Page_Sign In - cacom/input' is clicked on

2019-05-05 14:55:04 - [MESSAGE][PASSED] - Object: 'Object Repository/Login-TimeTimeEnter/Page_Sign In - cacom/input' is clicked on

2019-05-05 14:55:04 - [TEST_STEP][PASSED] - click(findTestObject("Object Repository/Login-TimeTimeEnter/Page_My Places - cacom/a_WDPR Tomorrowland - Test")): Object: 'Object Repository/Login-TimeTimeEnter/Page_My Places - cacom/a_WDPR Tomorrowland - Test' is clicked on

2019-05-05 14:55:06 - [MESSAGE][PASSED] - Object: 'Object Repository/Login-TimeTimeEnter/Page_My Places - cacom/a_WDPR Tomorrowland - Test' is clicked on

2019-05-05 14:55:06 - [TEST_STEP][PASSED] - click(findTestObject("Object Repository/Login-TimeTimeEnter/Page_PPM - Last Refreshed on 4222019  Overview General/a_Logout")): Object: 'Object Repository/Login-TimeTimeEnter/Page_PPM - Last Refreshed on 4222019  Overview General/a_Logout' is clicked on

2019-05-05 14:55:09 - [MESSAGE][PASSED] - Object: 'Object Repository/Login-TimeTimeEnter/Page_PPM - Last Refreshed on 4222019  Overview General/a_Logout' is clicked on]]></system-out>
         <system-err><![CDATA[]]></system-err>
      </testcase>
      <testcase name="Test Cases/Login Validation Test Case with Excel" classname="Test Cases/Login Validation Test Case with Excel" status="PASSED">
         <system-out><![CDATA[2019-05-05 14:55:09 - [TEST_CASE][PASSED] - Test Cases/Login Validation Test Case with Excel: Test Cases/Login Validation Test Case with Excel

2019-05-05 14:55:09 - [TEST_STEP][PASSED] - openBrowser(""): Browser is opened with url: ''

2019-05-05 14:55:09 - [MESSAGE][WARNING] - A browser is already opened. Closing browser and opening a new one

2019-05-05 14:55:11 - [MESSAGE][INFO] - Starting 'Chrome' driver

2019-05-05 14:55:14 - [MESSAGE][PASSED] - Browser is opened with url: ''

2019-05-05 14:55:14 - [TEST_STEP][PASSED] - navigateToUrl("https://ondemand.ca.com/web/portal/login?TYPE=33554433&REALMOID=06-000ef9db-0146-19ef-9589-0194ac184032&GUID=&SMAUTHREASON=0&METHOD=GET&SMAGENTNAME=-SM-U2oxHNw%2fhwkS9d8eFxBR4kd609FfW4%2b3jBM0jHQpPFSdBOnBEsclAUJfVaZnAfcL&TARGET=-SM-https%3a%2f%2fondemand%2eca%2ecom%2fweb%2fselect%2fdestination"): Navigate to 'https://ondemand.ca.com/web/portal/login?TYPE=33554433&REALMOID=06-000ef9db-0146-19ef-9589-0194ac184032&GUID=&SMAUTHREASON=0&METHOD=GET&SMAGENTNAME=-SM-U2oxHNw%2fhwkS9d8eFxBR4kd609FfW4%2b3jBM0jHQpPFSdBOnBEsclAUJfVaZnAfcL&TARGET=-SM-https%3a%2f%2fondemand%2eca%2ecom%2fweb%2fselect%2fdestination' successfully

2019-05-05 14:55:17 - [MESSAGE][PASSED] - Navigate to 'https://ondemand.ca.com/web/portal/login?TYPE=33554433&REALMOID=06-000ef9db-0146-19ef-9589-0194ac184032&GUID=&SMAUTHREASON=0&METHOD=GET&SMAGENTNAME=-SM-U2oxHNw%2fhwkS9d8eFxBR4kd609FfW4%2b3jBM0jHQpPFSdBOnBEsclAUJfVaZnAfcL&TARGET=-SM-https%3a%2f%2fondemand%2eca%2ecom%2fweb%2fselect%2fdestination' successfully

2019-05-05 14:55:17 - [TEST_STEP][PASSED] - setText(findTestObject("Object Repository/Login-TimeTimeEnter/Page_Sign In - cacom/input_Email Address__58_login"), varEmailAddress): Text 'kevin.ideamanager@disney.com' is set on object 'Object Repository/Login-TimeTimeEnter/Page_Sign In - cacom/input_Email Address__58_login'

2019-05-05 14:55:18 - [MESSAGE][PASSED] - Text 'kevin.ideamanager@disney.com' is set on object 'Object Repository/Login-TimeTimeEnter/Page_Sign In - cacom/input_Email Address__58_login'

2019-05-05 14:55:18 - [TEST_STEP][PASSED] - setText(findTestObject("Object Repository/Login-TimeTimeEnter/Page_Sign In - cacom/input_Password__58_password"), varPassword): Text 'clarity0219' is set on object 'Object Repository/Login-TimeTimeEnter/Page_Sign In - cacom/input_Password__58_password'

2019-05-05 14:55:18 - [MESSAGE][PASSED] - Text 'clarity0219' is set on object 'Object Repository/Login-TimeTimeEnter/Page_Sign In - cacom/input_Password__58_password'

2019-05-05 14:55:18 - [TEST_STEP][PASSED] - click(findTestObject("Object Repository/Login-TimeTimeEnter/Page_Sign In - cacom/input")): Object: 'Object Repository/Login-TimeTimeEnter/Page_Sign In - cacom/input' is clicked on

2019-05-05 14:55:19 - [MESSAGE][PASSED] - Object: 'Object Repository/Login-TimeTimeEnter/Page_Sign In - cacom/input' is clicked on

2019-05-05 14:55:19 - [TEST_STEP][PASSED] - click(findTestObject("Object Repository/Login-TimeTimeEnter/Page_My Places - cacom/a_WDPR Tomorrowland - Test")): Object: 'Object Repository/Login-TimeTimeEnter/Page_My Places - cacom/a_WDPR Tomorrowland - Test' is clicked on

2019-05-05 14:55:21 - [MESSAGE][PASSED] - Object: 'Object Repository/Login-TimeTimeEnter/Page_My Places - cacom/a_WDPR Tomorrowland - Test' is clicked on

2019-05-05 14:55:21 - [TEST_STEP][PASSED] - click(findTestObject("Object Repository/Login-TimeTimeEnter/Page_PPM - Last Refreshed on 4222019  Overview General/a_Logout")): Object: 'Object Repository/Login-TimeTimeEnter/Page_PPM - Last Refreshed on 4222019  Overview General/a_Logout' is clicked on

2019-05-05 14:55:25 - [MESSAGE][PASSED] - Object: 'Object Repository/Login-TimeTimeEnter/Page_PPM - Last Refreshed on 4222019  Overview General/a_Logout' is clicked on]]></system-out>
         <system-err><![CDATA[]]></system-err>
      </testcase>
      <testcase name="Test Cases/Login Validation Test Case with Excel" classname="Test Cases/Login Validation Test Case with Excel" status="PASSED">
         <system-out><![CDATA[2019-05-05 14:55:25 - [TEST_CASE][PASSED] - Test Cases/Login Validation Test Case with Excel: Test Cases/Login Validation Test Case with Excel

2019-05-05 14:55:25 - [TEST_STEP][PASSED] - openBrowser(""): Browser is opened with url: ''

2019-05-05 14:55:25 - [MESSAGE][WARNING] - A browser is already opened. Closing browser and opening a new one

2019-05-05 14:55:26 - [MESSAGE][INFO] - Starting 'Chrome' driver

2019-05-05 14:55:30 - [MESSAGE][PASSED] - Browser is opened with url: ''

2019-05-05 14:55:30 - [TEST_STEP][PASSED] - navigateToUrl("https://ondemand.ca.com/web/portal/login?TYPE=33554433&REALMOID=06-000ef9db-0146-19ef-9589-0194ac184032&GUID=&SMAUTHREASON=0&METHOD=GET&SMAGENTNAME=-SM-U2oxHNw%2fhwkS9d8eFxBR4kd609FfW4%2b3jBM0jHQpPFSdBOnBEsclAUJfVaZnAfcL&TARGET=-SM-https%3a%2f%2fondemand%2eca%2ecom%2fweb%2fselect%2fdestination"): Navigate to 'https://ondemand.ca.com/web/portal/login?TYPE=33554433&REALMOID=06-000ef9db-0146-19ef-9589-0194ac184032&GUID=&SMAUTHREASON=0&METHOD=GET&SMAGENTNAME=-SM-U2oxHNw%2fhwkS9d8eFxBR4kd609FfW4%2b3jBM0jHQpPFSdBOnBEsclAUJfVaZnAfcL&TARGET=-SM-https%3a%2f%2fondemand%2eca%2ecom%2fweb%2fselect%2fdestination' successfully

2019-05-05 14:55:32 - [MESSAGE][PASSED] - Navigate to 'https://ondemand.ca.com/web/portal/login?TYPE=33554433&REALMOID=06-000ef9db-0146-19ef-9589-0194ac184032&GUID=&SMAUTHREASON=0&METHOD=GET&SMAGENTNAME=-SM-U2oxHNw%2fhwkS9d8eFxBR4kd609FfW4%2b3jBM0jHQpPFSdBOnBEsclAUJfVaZnAfcL&TARGET=-SM-https%3a%2f%2fondemand%2eca%2ecom%2fweb%2fselect%2fdestination' successfully

2019-05-05 14:55:32 - [TEST_STEP][PASSED] - setText(findTestObject("Object Repository/Login-TimeTimeEnter/Page_Sign In - cacom/input_Email Address__58_login"), varEmailAddress): Text 'elise.itdesigntrainer@disney.com' is set on object 'Object Repository/Login-TimeTimeEnter/Page_Sign In - cacom/input_Email Address__58_login'

2019-05-05 14:55:32 - [MESSAGE][PASSED] - Text 'elise.itdesigntrainer@disney.com' is set on object 'Object Repository/Login-TimeTimeEnter/Page_Sign In - cacom/input_Email Address__58_login'

2019-05-05 14:55:32 - [TEST_STEP][PASSED] - setText(findTestObject("Object Repository/Login-TimeTimeEnter/Page_Sign In - cacom/input_Password__58_password"), varPassword): Text 'clarity0419' is set on object 'Object Repository/Login-TimeTimeEnter/Page_Sign In - cacom/input_Password__58_password'

2019-05-05 14:55:33 - [MESSAGE][PASSED] - Text 'clarity0419' is set on object 'Object Repository/Login-TimeTimeEnter/Page_Sign In - cacom/input_Password__58_password'

2019-05-05 14:55:33 - [TEST_STEP][PASSED] - click(findTestObject("Object Repository/Login-TimeTimeEnter/Page_Sign In - cacom/input")): Object: 'Object Repository/Login-TimeTimeEnter/Page_Sign In - cacom/input' is clicked on

2019-05-05 14:55:34 - [MESSAGE][PASSED] - Object: 'Object Repository/Login-TimeTimeEnter/Page_Sign In - cacom/input' is clicked on

2019-05-05 14:55:34 - [TEST_STEP][PASSED] - click(findTestObject("Object Repository/Login-TimeTimeEnter/Page_My Places - cacom/a_WDPR Tomorrowland - Test")): Object: 'Object Repository/Login-TimeTimeEnter/Page_My Places - cacom/a_WDPR Tomorrowland - Test' is clicked on

2019-05-05 14:55:36 - [MESSAGE][PASSED] - Object: 'Object Repository/Login-TimeTimeEnter/Page_My Places - cacom/a_WDPR Tomorrowland - Test' is clicked on

2019-05-05 14:55:36 - [TEST_STEP][PASSED] - click(findTestObject("Object Repository/Login-TimeTimeEnter/Page_PPM - Last Refreshed on 4222019  Overview General/a_Logout")): Object: 'Object Repository/Login-TimeTimeEnter/Page_PPM - Last Refreshed on 4222019  Overview General/a_Logout' is clicked on

2019-05-05 14:55:39 - [MESSAGE][PASSED] - Object: 'Object Repository/Login-TimeTimeEnter/Page_PPM - Last Refreshed on 4222019  Overview General/a_Logout' is clicked on]]></system-out>
         <system-err><![CDATA[]]></system-err>
      </testcase>
      <system-out><![CDATA[2019-05-05 14:51:27 - [TEST_SUITE][PASSED] - Login Validation Test Suite for Test Case with Excel: Test Cases/Login Validation Test Case with Excel]]></system-out>
      <system-err><![CDATA[]]></system-err>
   </testsuite>
</testsuites>
