<?xml version="1.0" encoding="UTF-8"?>
<testsuites name="Login Validation Test Suite for Test Case with Excel" time="62" tests="3" failures="0" errors="0">
   <testsuite name="Login Validation Test Suite for Test Case with Excel" tests="3" failures="0" errors="0" time="62" timestamp="2019-05-05 14:03:11" hostname="AHMAS014 - WX-5CG9071ZMF.wdw.disney.com" id="Test Suites/Login Validation Test Suite for Test Case with Excel">
      <properties>
         <property name="deviceName" value=""/>
         <property name="devicePlatform" value=""/>
         <property name="logFolder" value="C:\\Users\\ahmas014\\git\\Katalon-Smoke-Test\\Reports\\Login Validation Test Suite for Test Case with Excel\\20190505_140306"/>
         <property name="logFiles" value="C:\\Users\\ahmas014\\git\\Katalon-Smoke-Test\\Reports\\Login Validation Test Suite for Test Case with Excel\\20190505_140306\\execution0.log"/>
         <property name="attachments" value=""/>
         <property name="hostName" value="AHMAS014 - WX-5CG9071ZMF.wdw.disney.com"/>
         <property name="os" value="Windows 10 64bit"/>
         <property name="katalonVersion" value="6.1.2.2"/>
         <property name="browser" value="Chrome 73.0.3683.75"/>
         <property name="hostAddress" value="10.25.116.64"/>
         <property name="sessionId" value="9a4a99bf0a9c0a5f35e4b9697c7d0d61"/>
         <property name="seleniumVersion" value="3.7.1"/>
         <property name="proxyInformation" value="ProxyInformation{proxyOption=NO_PROXY, proxyServerType=HTTP, password=, proxyServerAddress=, proxyServerPort=0}"/>
         <property name="platform" value="Windows 10"/>
      </properties>
      <testcase name="Test Cases/Login Validation Test Case with Excel" classname="Test Cases/Login Validation Test Case with Excel" status="PASSED">
         <system-out><![CDATA[2019-05-05 14:03:12 - [TEST_CASE][PASSED] - Test Cases/Login Validation Test Case with Excel: Test Cases/Login Validation Test Case with Excel

2019-05-05 14:03:13 - [TEST_STEP][PASSED] - openBrowser(""): Browser is opened with url: ''

2019-05-05 14:03:13 - [MESSAGE][INFO] - Starting 'Chrome' driver

2019-05-05 14:03:13 - [MESSAGE][INFO] - Action delay is set to 0 seconds

2019-05-05 14:03:20 - [MESSAGE][PASSED] - Browser is opened with url: ''

2019-05-05 14:03:20 - [TEST_STEP][PASSED] - navigateToUrl("https://ondemand.ca.com/web/portal/login?TYPE=33554433&REALMOID=06-000ef9db-0146-19ef-9589-0194ac184032&GUID=&SMAUTHREASON=0&METHOD=GET&SMAGENTNAME=-SM-U2oxHNw%2fhwkS9d8eFxBR4kd609FfW4%2b3jBM0jHQpPFSdBOnBEsclAUJfVaZnAfcL&TARGET=-SM-https%3a%2f%2fondemand%2eca%2ecom%2fweb%2fselect%2fdestination"): Navigate to 'https://ondemand.ca.com/web/portal/login?TYPE=33554433&REALMOID=06-000ef9db-0146-19ef-9589-0194ac184032&GUID=&SMAUTHREASON=0&METHOD=GET&SMAGENTNAME=-SM-U2oxHNw%2fhwkS9d8eFxBR4kd609FfW4%2b3jBM0jHQpPFSdBOnBEsclAUJfVaZnAfcL&TARGET=-SM-https%3a%2f%2fondemand%2eca%2ecom%2fweb%2fselect%2fdestination' successfully

2019-05-05 14:03:23 - [MESSAGE][PASSED] - Navigate to 'https://ondemand.ca.com/web/portal/login?TYPE=33554433&REALMOID=06-000ef9db-0146-19ef-9589-0194ac184032&GUID=&SMAUTHREASON=0&METHOD=GET&SMAGENTNAME=-SM-U2oxHNw%2fhwkS9d8eFxBR4kd609FfW4%2b3jBM0jHQpPFSdBOnBEsclAUJfVaZnAfcL&TARGET=-SM-https%3a%2f%2fondemand%2eca%2ecom%2fweb%2fselect%2fdestination' successfully

2019-05-05 14:03:23 - [TEST_STEP][PASSED] - setText(findTestObject("Object Repository/Login-TimeTimeEnter/Page_Sign In - cacom/input_Email Address__58_login"), varEmailAddress): Text 'Tim.Timenterer@disney.com
' is set on object 'Object Repository/Login-TimeTimeEnter/Page_Sign In - cacom/input_Email Address__58_login'

2019-05-05 14:03:24 - [MESSAGE][PASSED] - Text 'Tim.Timenterer@disney.com
' is set on object 'Object Repository/Login-TimeTimeEnter/Page_Sign In - cacom/input_Email Address__58_login'

2019-05-05 14:03:24 - [TEST_STEP][PASSED] - setText(findTestObject("Object Repository/Login-TimeTimeEnter/Page_Sign In - cacom/input_Password__58_password"), varPassword): Text 'clarity0419' is set on object 'Object Repository/Login-TimeTimeEnter/Page_Sign In - cacom/input_Password__58_password'

2019-05-05 14:03:24 - [MESSAGE][PASSED] - Text 'clarity0419' is set on object 'Object Repository/Login-TimeTimeEnter/Page_Sign In - cacom/input_Password__58_password'

2019-05-05 14:03:24 - [TEST_STEP][PASSED] - click(findTestObject("Object Repository/Login-TimeTimeEnter/Page_Sign In - cacom/input")): Object: 'Object Repository/Login-TimeTimeEnter/Page_Sign In - cacom/input' is clicked on

2019-05-05 14:03:28 - [MESSAGE][PASSED] - Object: 'Object Repository/Login-TimeTimeEnter/Page_Sign In - cacom/input' is clicked on

2019-05-05 14:03:28 - [TEST_STEP][PASSED] - click(findTestObject("Object Repository/Login-TimeTimeEnter/Page_My Places - cacom/a_WDPR Tomorrowland - Test")): Object: 'Object Repository/Login-TimeTimeEnter/Page_My Places - cacom/a_WDPR Tomorrowland - Test' is clicked on

2019-05-05 14:03:31 - [MESSAGE][PASSED] - Object: 'Object Repository/Login-TimeTimeEnter/Page_My Places - cacom/a_WDPR Tomorrowland - Test' is clicked on

2019-05-05 14:03:31 - [TEST_STEP][PASSED] - click(findTestObject("Object Repository/Login-TimeTimeEnter/Page_PPM - Last Refreshed on 4222019  Overview General/a_Logout")): Object: 'Object Repository/Login-TimeTimeEnter/Page_PPM - Last Refreshed on 4222019  Overview General/a_Logout' is clicked on

2019-05-05 14:03:35 - [MESSAGE][PASSED] - Object: 'Object Repository/Login-TimeTimeEnter/Page_PPM - Last Refreshed on 4222019  Overview General/a_Logout' is clicked on]]></system-out>
         <system-err><![CDATA[]]></system-err>
      </testcase>
      <testcase name="Test Cases/Login Validation Test Case with Excel" classname="Test Cases/Login Validation Test Case with Excel" status="PASSED">
         <system-out><![CDATA[2019-05-05 14:03:35 - [TEST_CASE][PASSED] - Test Cases/Login Validation Test Case with Excel: Test Cases/Login Validation Test Case with Excel

2019-05-05 14:03:35 - [TEST_STEP][PASSED] - openBrowser(""): Browser is opened with url: ''

2019-05-05 14:03:35 - [MESSAGE][WARNING] - A browser is already opened. Closing browser and opening a new one

2019-05-05 14:03:37 - [MESSAGE][INFO] - Starting 'Chrome' driver

2019-05-05 14:03:40 - [MESSAGE][PASSED] - Browser is opened with url: ''

2019-05-05 14:03:40 - [TEST_STEP][PASSED] - navigateToUrl("https://ondemand.ca.com/web/portal/login?TYPE=33554433&REALMOID=06-000ef9db-0146-19ef-9589-0194ac184032&GUID=&SMAUTHREASON=0&METHOD=GET&SMAGENTNAME=-SM-U2oxHNw%2fhwkS9d8eFxBR4kd609FfW4%2b3jBM0jHQpPFSdBOnBEsclAUJfVaZnAfcL&TARGET=-SM-https%3a%2f%2fondemand%2eca%2ecom%2fweb%2fselect%2fdestination"): Navigate to 'https://ondemand.ca.com/web/portal/login?TYPE=33554433&REALMOID=06-000ef9db-0146-19ef-9589-0194ac184032&GUID=&SMAUTHREASON=0&METHOD=GET&SMAGENTNAME=-SM-U2oxHNw%2fhwkS9d8eFxBR4kd609FfW4%2b3jBM0jHQpPFSdBOnBEsclAUJfVaZnAfcL&TARGET=-SM-https%3a%2f%2fondemand%2eca%2ecom%2fweb%2fselect%2fdestination' successfully

2019-05-05 14:03:44 - [MESSAGE][PASSED] - Navigate to 'https://ondemand.ca.com/web/portal/login?TYPE=33554433&REALMOID=06-000ef9db-0146-19ef-9589-0194ac184032&GUID=&SMAUTHREASON=0&METHOD=GET&SMAGENTNAME=-SM-U2oxHNw%2fhwkS9d8eFxBR4kd609FfW4%2b3jBM0jHQpPFSdBOnBEsclAUJfVaZnAfcL&TARGET=-SM-https%3a%2f%2fondemand%2eca%2ecom%2fweb%2fselect%2fdestination' successfully

2019-05-05 14:03:44 - [TEST_STEP][PASSED] - setText(findTestObject("Object Repository/Login-TimeTimeEnter/Page_Sign In - cacom/input_Email Address__58_login"), varEmailAddress): Text 'Curt.Contractor@disney.com' is set on object 'Object Repository/Login-TimeTimeEnter/Page_Sign In - cacom/input_Email Address__58_login'

2019-05-05 14:03:44 - [MESSAGE][PASSED] - Text 'Curt.Contractor@disney.com' is set on object 'Object Repository/Login-TimeTimeEnter/Page_Sign In - cacom/input_Email Address__58_login'

2019-05-05 14:03:44 - [TEST_STEP][PASSED] - setText(findTestObject("Object Repository/Login-TimeTimeEnter/Page_Sign In - cacom/input_Password__58_password"), varPassword): Text 'clarity0419' is set on object 'Object Repository/Login-TimeTimeEnter/Page_Sign In - cacom/input_Password__58_password'

2019-05-05 14:03:45 - [MESSAGE][PASSED] - Text 'clarity0419' is set on object 'Object Repository/Login-TimeTimeEnter/Page_Sign In - cacom/input_Password__58_password'

2019-05-05 14:03:45 - [TEST_STEP][PASSED] - click(findTestObject("Object Repository/Login-TimeTimeEnter/Page_Sign In - cacom/input")): Object: 'Object Repository/Login-TimeTimeEnter/Page_Sign In - cacom/input' is clicked on

2019-05-05 14:03:46 - [MESSAGE][PASSED] - Object: 'Object Repository/Login-TimeTimeEnter/Page_Sign In - cacom/input' is clicked on

2019-05-05 14:03:46 - [TEST_STEP][PASSED] - click(findTestObject("Object Repository/Login-TimeTimeEnter/Page_My Places - cacom/a_WDPR Tomorrowland - Test")): Object: 'Object Repository/Login-TimeTimeEnter/Page_My Places - cacom/a_WDPR Tomorrowland - Test' is clicked on

2019-05-05 14:03:48 - [MESSAGE][PASSED] - Object: 'Object Repository/Login-TimeTimeEnter/Page_My Places - cacom/a_WDPR Tomorrowland - Test' is clicked on

2019-05-05 14:03:48 - [TEST_STEP][PASSED] - click(findTestObject("Object Repository/Login-TimeTimeEnter/Page_PPM - Last Refreshed on 4222019  Overview General/a_Logout")): Object: 'Object Repository/Login-TimeTimeEnter/Page_PPM - Last Refreshed on 4222019  Overview General/a_Logout' is clicked on

2019-05-05 14:03:52 - [MESSAGE][PASSED] - Object: 'Object Repository/Login-TimeTimeEnter/Page_PPM - Last Refreshed on 4222019  Overview General/a_Logout' is clicked on]]></system-out>
         <system-err><![CDATA[]]></system-err>
      </testcase>
      <testcase name="Test Cases/Login Validation Test Case with Excel" classname="Test Cases/Login Validation Test Case with Excel" status="PASSED">
         <system-out><![CDATA[2019-05-05 14:03:52 - [TEST_CASE][PASSED] - Test Cases/Login Validation Test Case with Excel: Test Cases/Login Validation Test Case with Excel

2019-05-05 14:03:52 - [TEST_STEP][PASSED] - openBrowser(""): Browser is opened with url: ''

2019-05-05 14:03:52 - [MESSAGE][WARNING] - A browser is already opened. Closing browser and opening a new one

2019-05-05 14:03:54 - [MESSAGE][INFO] - Starting 'Chrome' driver

2019-05-05 14:03:57 - [MESSAGE][PASSED] - Browser is opened with url: ''

2019-05-05 14:03:57 - [TEST_STEP][PASSED] - navigateToUrl("https://ondemand.ca.com/web/portal/login?TYPE=33554433&REALMOID=06-000ef9db-0146-19ef-9589-0194ac184032&GUID=&SMAUTHREASON=0&METHOD=GET&SMAGENTNAME=-SM-U2oxHNw%2fhwkS9d8eFxBR4kd609FfW4%2b3jBM0jHQpPFSdBOnBEsclAUJfVaZnAfcL&TARGET=-SM-https%3a%2f%2fondemand%2eca%2ecom%2fweb%2fselect%2fdestination"): Navigate to 'https://ondemand.ca.com/web/portal/login?TYPE=33554433&REALMOID=06-000ef9db-0146-19ef-9589-0194ac184032&GUID=&SMAUTHREASON=0&METHOD=GET&SMAGENTNAME=-SM-U2oxHNw%2fhwkS9d8eFxBR4kd609FfW4%2b3jBM0jHQpPFSdBOnBEsclAUJfVaZnAfcL&TARGET=-SM-https%3a%2f%2fondemand%2eca%2ecom%2fweb%2fselect%2fdestination' successfully

2019-05-05 14:04:00 - [MESSAGE][PASSED] - Navigate to 'https://ondemand.ca.com/web/portal/login?TYPE=33554433&REALMOID=06-000ef9db-0146-19ef-9589-0194ac184032&GUID=&SMAUTHREASON=0&METHOD=GET&SMAGENTNAME=-SM-U2oxHNw%2fhwkS9d8eFxBR4kd609FfW4%2b3jBM0jHQpPFSdBOnBEsclAUJfVaZnAfcL&TARGET=-SM-https%3a%2f%2fondemand%2eca%2ecom%2fweb%2fselect%2fdestination' successfully

2019-05-05 14:04:00 - [TEST_STEP][PASSED] - setText(findTestObject("Object Repository/Login-TimeTimeEnter/Page_Sign In - cacom/input_Email Address__58_login"), varEmailAddress): Text 'Patty.ProjectManager@disney.com' is set on object 'Object Repository/Login-TimeTimeEnter/Page_Sign In - cacom/input_Email Address__58_login'

2019-05-05 14:04:01 - [MESSAGE][PASSED] - Text 'Patty.ProjectManager@disney.com' is set on object 'Object Repository/Login-TimeTimeEnter/Page_Sign In - cacom/input_Email Address__58_login'

2019-05-05 14:04:01 - [TEST_STEP][PASSED] - setText(findTestObject("Object Repository/Login-TimeTimeEnter/Page_Sign In - cacom/input_Password__58_password"), varPassword): Text 'clarity0319' is set on object 'Object Repository/Login-TimeTimeEnter/Page_Sign In - cacom/input_Password__58_password'

2019-05-05 14:04:01 - [MESSAGE][PASSED] - Text 'clarity0319' is set on object 'Object Repository/Login-TimeTimeEnter/Page_Sign In - cacom/input_Password__58_password'

2019-05-05 14:04:01 - [TEST_STEP][PASSED] - click(findTestObject("Object Repository/Login-TimeTimeEnter/Page_Sign In - cacom/input")): Object: 'Object Repository/Login-TimeTimeEnter/Page_Sign In - cacom/input' is clicked on

2019-05-05 14:04:03 - [MESSAGE][PASSED] - Object: 'Object Repository/Login-TimeTimeEnter/Page_Sign In - cacom/input' is clicked on

2019-05-05 14:04:03 - [TEST_STEP][PASSED] - click(findTestObject("Object Repository/Login-TimeTimeEnter/Page_My Places - cacom/a_WDPR Tomorrowland - Test")): Object: 'Object Repository/Login-TimeTimeEnter/Page_My Places - cacom/a_WDPR Tomorrowland - Test' is clicked on

2019-05-05 14:04:06 - [MESSAGE][PASSED] - Object: 'Object Repository/Login-TimeTimeEnter/Page_My Places - cacom/a_WDPR Tomorrowland - Test' is clicked on

2019-05-05 14:04:06 - [TEST_STEP][PASSED] - click(findTestObject("Object Repository/Login-TimeTimeEnter/Page_PPM - Last Refreshed on 4222019  Overview General/a_Logout")): Object: 'Object Repository/Login-TimeTimeEnter/Page_PPM - Last Refreshed on 4222019  Overview General/a_Logout' is clicked on

2019-05-05 14:04:12 - [MESSAGE][PASSED] - Object: 'Object Repository/Login-TimeTimeEnter/Page_PPM - Last Refreshed on 4222019  Overview General/a_Logout' is clicked on]]></system-out>
         <system-err><![CDATA[]]></system-err>
      </testcase>
      <system-out><![CDATA[2019-05-05 14:03:11 - [TEST_SUITE][PASSED] - Login Validation Test Suite for Test Case with Excel: Test Cases/Login Validation Test Case with Excel]]></system-out>
      <system-err><![CDATA[]]></system-err>
   </testsuite>
</testsuites>
