<?xml version="1.0" encoding="UTF-8"?>
<testsuites name="Login Validation Test Suite for Test Case with Excel" time="282" tests="16" failures="0" errors="0">
   <testsuite name="Login Validation Test Suite for Test Case with Excel" tests="16" failures="0" errors="0" time="282" timestamp="2019-05-05 16:49:27" hostname="AHMAS014 - WX-5CG9071ZMF.wdw.disney.com" id="Test Suites/Login Validation Test Suite for Test Case with Excel">
      <properties>
         <property name="deviceName" value=""/>
         <property name="devicePlatform" value=""/>
         <property name="logFolder" value="C:\\Users\\ahmas014\\git\\Katalon-Smoke-Test\\Reports\\Login Validation Test Suite for Test Case with Excel\\20190505_164921"/>
         <property name="logFiles" value="C:\\Users\\ahmas014\\git\\Katalon-Smoke-Test\\Reports\\Login Validation Test Suite for Test Case with Excel\\20190505_164921\\execution0.log"/>
         <property name="attachments" value=""/>
         <property name="hostName" value="AHMAS014 - WX-5CG9071ZMF.wdw.disney.com"/>
         <property name="os" value="Windows 10 64bit"/>
         <property name="katalonVersion" value="6.1.2.2"/>
         <property name="browser" value="Chrome 73.0.3683.75"/>
         <property name="hostAddress" value="10.25.116.64"/>
         <property name="sessionId" value="ac7e75513b9e9e2f89014d3983e914bd"/>
         <property name="seleniumVersion" value="3.7.1"/>
         <property name="proxyInformation" value="ProxyInformation{proxyOption=NO_PROXY, proxyServerType=HTTP, password=, proxyServerAddress=, proxyServerPort=0}"/>
         <property name="platform" value="Windows 10"/>
      </properties>
      <testcase name="Test Cases/Login Validation Test Case with Excel" classname="Test Cases/Login Validation Test Case with Excel" status="PASSED">
         <system-out><![CDATA[2019-05-05 16:49:27 - [TEST_CASE][PASSED] - Test Cases/Login Validation Test Case with Excel: Test Cases/Login Validation Test Case with Excel

2019-05-05 16:49:28 - [TEST_STEP][PASSED] - openBrowser(""): Browser is opened with url: ''

2019-05-05 16:49:29 - [MESSAGE][INFO] - Starting 'Chrome' driver

2019-05-05 16:49:29 - [MESSAGE][INFO] - Action delay is set to 0 seconds

2019-05-05 16:49:36 - [MESSAGE][PASSED] - Browser is opened with url: ''

2019-05-05 16:49:36 - [TEST_STEP][PASSED] - navigateToUrl("https://ondemand.ca.com/web/portal/login?TYPE=33554433&REALMOID=06-000ef9db-0146-19ef-9589-0194ac184032&GUID=&SMAUTHREASON=0&METHOD=GET&SMAGENTNAME=-SM-U2oxHNw%2fhwkS9d8eFxBR4kd609FfW4%2b3jBM0jHQpPFSdBOnBEsclAUJfVaZnAfcL&TARGET=-SM-https%3a%2f%2fondemand%2eca%2ecom%2fweb%2fselect%2fdestination"): Navigate to 'https://ondemand.ca.com/web/portal/login?TYPE=33554433&REALMOID=06-000ef9db-0146-19ef-9589-0194ac184032&GUID=&SMAUTHREASON=0&METHOD=GET&SMAGENTNAME=-SM-U2oxHNw%2fhwkS9d8eFxBR4kd609FfW4%2b3jBM0jHQpPFSdBOnBEsclAUJfVaZnAfcL&TARGET=-SM-https%3a%2f%2fondemand%2eca%2ecom%2fweb%2fselect%2fdestination' successfully

2019-05-05 16:49:39 - [MESSAGE][PASSED] - Navigate to 'https://ondemand.ca.com/web/portal/login?TYPE=33554433&REALMOID=06-000ef9db-0146-19ef-9589-0194ac184032&GUID=&SMAUTHREASON=0&METHOD=GET&SMAGENTNAME=-SM-U2oxHNw%2fhwkS9d8eFxBR4kd609FfW4%2b3jBM0jHQpPFSdBOnBEsclAUJfVaZnAfcL&TARGET=-SM-https%3a%2f%2fondemand%2eca%2ecom%2fweb%2fselect%2fdestination' successfully

2019-05-05 16:49:39 - [TEST_STEP][PASSED] - setText(findTestObject("Object Repository/Login-TimeTimeEnter/Page_Sign In - cacom/input_Email Address__58_login"), varEmailAddress): Text 'Tim.Timenterer@disney.com
' is set on object 'Object Repository/Login-TimeTimeEnter/Page_Sign In - cacom/input_Email Address__58_login'

2019-05-05 16:49:40 - [MESSAGE][PASSED] - Text 'Tim.Timenterer@disney.com
' is set on object 'Object Repository/Login-TimeTimeEnter/Page_Sign In - cacom/input_Email Address__58_login'

2019-05-05 16:49:40 - [TEST_STEP][PASSED] - setText(findTestObject("Object Repository/Login-TimeTimeEnter/Page_Sign In - cacom/input_Password__58_password"), varPassword): Text 'clarity0419' is set on object 'Object Repository/Login-TimeTimeEnter/Page_Sign In - cacom/input_Password__58_password'

2019-05-05 16:49:41 - [MESSAGE][PASSED] - Text 'clarity0419' is set on object 'Object Repository/Login-TimeTimeEnter/Page_Sign In - cacom/input_Password__58_password'

2019-05-05 16:49:41 - [TEST_STEP][PASSED] - click(findTestObject("Object Repository/Login-TimeTimeEnter/Page_Sign In - cacom/input")): Object: 'Object Repository/Login-TimeTimeEnter/Page_Sign In - cacom/input' is clicked on

2019-05-05 16:49:42 - [MESSAGE][PASSED] - Object: 'Object Repository/Login-TimeTimeEnter/Page_Sign In - cacom/input' is clicked on

2019-05-05 16:49:42 - [TEST_STEP][PASSED] - click(findTestObject("Object Repository/Login-TimeTimeEnter/Page_My Places - cacom/a_WDPR Tomorrowland - Test")): Object: 'Object Repository/Login-TimeTimeEnter/Page_My Places - cacom/a_WDPR Tomorrowland - Test' is clicked on

2019-05-05 16:49:45 - [MESSAGE][PASSED] - Object: 'Object Repository/Login-TimeTimeEnter/Page_My Places - cacom/a_WDPR Tomorrowland - Test' is clicked on

2019-05-05 16:49:45 - [TEST_STEP][PASSED] - click(findTestObject("Object Repository/Login-TimeTimeEnter/Page_PPM - Last Refreshed on 4222019  Overview General/a_Logout")): Object: 'Object Repository/Login-TimeTimeEnter/Page_PPM - Last Refreshed on 4222019  Overview General/a_Logout' is clicked on

2019-05-05 16:49:52 - [MESSAGE][PASSED] - Object: 'Object Repository/Login-TimeTimeEnter/Page_PPM - Last Refreshed on 4222019  Overview General/a_Logout' is clicked on]]></system-out>
         <system-err><![CDATA[]]></system-err>
      </testcase>
      <testcase name="Test Cases/Login Validation Test Case with Excel" classname="Test Cases/Login Validation Test Case with Excel" status="PASSED">
         <system-out><![CDATA[2019-05-05 16:49:52 - [TEST_CASE][PASSED] - Test Cases/Login Validation Test Case with Excel: Test Cases/Login Validation Test Case with Excel

2019-05-05 16:49:52 - [TEST_STEP][PASSED] - openBrowser(""): Browser is opened with url: ''

2019-05-05 16:49:52 - [MESSAGE][WARNING] - A browser is already opened. Closing browser and opening a new one

2019-05-05 16:49:53 - [MESSAGE][INFO] - Starting 'Chrome' driver

2019-05-05 16:49:56 - [MESSAGE][PASSED] - Browser is opened with url: ''

2019-05-05 16:49:56 - [TEST_STEP][PASSED] - navigateToUrl("https://ondemand.ca.com/web/portal/login?TYPE=33554433&REALMOID=06-000ef9db-0146-19ef-9589-0194ac184032&GUID=&SMAUTHREASON=0&METHOD=GET&SMAGENTNAME=-SM-U2oxHNw%2fhwkS9d8eFxBR4kd609FfW4%2b3jBM0jHQpPFSdBOnBEsclAUJfVaZnAfcL&TARGET=-SM-https%3a%2f%2fondemand%2eca%2ecom%2fweb%2fselect%2fdestination"): Navigate to 'https://ondemand.ca.com/web/portal/login?TYPE=33554433&REALMOID=06-000ef9db-0146-19ef-9589-0194ac184032&GUID=&SMAUTHREASON=0&METHOD=GET&SMAGENTNAME=-SM-U2oxHNw%2fhwkS9d8eFxBR4kd609FfW4%2b3jBM0jHQpPFSdBOnBEsclAUJfVaZnAfcL&TARGET=-SM-https%3a%2f%2fondemand%2eca%2ecom%2fweb%2fselect%2fdestination' successfully

2019-05-05 16:49:58 - [MESSAGE][PASSED] - Navigate to 'https://ondemand.ca.com/web/portal/login?TYPE=33554433&REALMOID=06-000ef9db-0146-19ef-9589-0194ac184032&GUID=&SMAUTHREASON=0&METHOD=GET&SMAGENTNAME=-SM-U2oxHNw%2fhwkS9d8eFxBR4kd609FfW4%2b3jBM0jHQpPFSdBOnBEsclAUJfVaZnAfcL&TARGET=-SM-https%3a%2f%2fondemand%2eca%2ecom%2fweb%2fselect%2fdestination' successfully

2019-05-05 16:49:58 - [TEST_STEP][PASSED] - setText(findTestObject("Object Repository/Login-TimeTimeEnter/Page_Sign In - cacom/input_Email Address__58_login"), varEmailAddress): Text 'Curt.Contractor@disney.com' is set on object 'Object Repository/Login-TimeTimeEnter/Page_Sign In - cacom/input_Email Address__58_login'

2019-05-05 16:49:59 - [MESSAGE][PASSED] - Text 'Curt.Contractor@disney.com' is set on object 'Object Repository/Login-TimeTimeEnter/Page_Sign In - cacom/input_Email Address__58_login'

2019-05-05 16:49:59 - [TEST_STEP][PASSED] - setText(findTestObject("Object Repository/Login-TimeTimeEnter/Page_Sign In - cacom/input_Password__58_password"), varPassword): Text 'clarity0419' is set on object 'Object Repository/Login-TimeTimeEnter/Page_Sign In - cacom/input_Password__58_password'

2019-05-05 16:49:59 - [MESSAGE][PASSED] - Text 'clarity0419' is set on object 'Object Repository/Login-TimeTimeEnter/Page_Sign In - cacom/input_Password__58_password'

2019-05-05 16:49:59 - [TEST_STEP][PASSED] - click(findTestObject("Object Repository/Login-TimeTimeEnter/Page_Sign In - cacom/input")): Object: 'Object Repository/Login-TimeTimeEnter/Page_Sign In - cacom/input' is clicked on

2019-05-05 16:50:00 - [MESSAGE][PASSED] - Object: 'Object Repository/Login-TimeTimeEnter/Page_Sign In - cacom/input' is clicked on

2019-05-05 16:50:00 - [TEST_STEP][PASSED] - click(findTestObject("Object Repository/Login-TimeTimeEnter/Page_My Places - cacom/a_WDPR Tomorrowland - Test")): Object: 'Object Repository/Login-TimeTimeEnter/Page_My Places - cacom/a_WDPR Tomorrowland - Test' is clicked on

2019-05-05 16:50:03 - [MESSAGE][PASSED] - Object: 'Object Repository/Login-TimeTimeEnter/Page_My Places - cacom/a_WDPR Tomorrowland - Test' is clicked on

2019-05-05 16:50:03 - [TEST_STEP][PASSED] - click(findTestObject("Object Repository/Login-TimeTimeEnter/Page_PPM - Last Refreshed on 4222019  Overview General/a_Logout")): Object: 'Object Repository/Login-TimeTimeEnter/Page_PPM - Last Refreshed on 4222019  Overview General/a_Logout' is clicked on

2019-05-05 16:50:06 - [MESSAGE][PASSED] - Object: 'Object Repository/Login-TimeTimeEnter/Page_PPM - Last Refreshed on 4222019  Overview General/a_Logout' is clicked on]]></system-out>
         <system-err><![CDATA[]]></system-err>
      </testcase>
      <testcase name="Test Cases/Login Validation Test Case with Excel" classname="Test Cases/Login Validation Test Case with Excel" status="PASSED">
         <system-out><![CDATA[2019-05-05 16:50:06 - [TEST_CASE][PASSED] - Test Cases/Login Validation Test Case with Excel: Test Cases/Login Validation Test Case with Excel

2019-05-05 16:50:06 - [TEST_STEP][PASSED] - openBrowser(""): Browser is opened with url: ''

2019-05-05 16:50:06 - [MESSAGE][WARNING] - A browser is already opened. Closing browser and opening a new one

2019-05-05 16:50:08 - [MESSAGE][INFO] - Starting 'Chrome' driver

2019-05-05 16:50:11 - [MESSAGE][PASSED] - Browser is opened with url: ''

2019-05-05 16:50:11 - [TEST_STEP][PASSED] - navigateToUrl("https://ondemand.ca.com/web/portal/login?TYPE=33554433&REALMOID=06-000ef9db-0146-19ef-9589-0194ac184032&GUID=&SMAUTHREASON=0&METHOD=GET&SMAGENTNAME=-SM-U2oxHNw%2fhwkS9d8eFxBR4kd609FfW4%2b3jBM0jHQpPFSdBOnBEsclAUJfVaZnAfcL&TARGET=-SM-https%3a%2f%2fondemand%2eca%2ecom%2fweb%2fselect%2fdestination"): Navigate to 'https://ondemand.ca.com/web/portal/login?TYPE=33554433&REALMOID=06-000ef9db-0146-19ef-9589-0194ac184032&GUID=&SMAUTHREASON=0&METHOD=GET&SMAGENTNAME=-SM-U2oxHNw%2fhwkS9d8eFxBR4kd609FfW4%2b3jBM0jHQpPFSdBOnBEsclAUJfVaZnAfcL&TARGET=-SM-https%3a%2f%2fondemand%2eca%2ecom%2fweb%2fselect%2fdestination' successfully

2019-05-05 16:50:13 - [MESSAGE][PASSED] - Navigate to 'https://ondemand.ca.com/web/portal/login?TYPE=33554433&REALMOID=06-000ef9db-0146-19ef-9589-0194ac184032&GUID=&SMAUTHREASON=0&METHOD=GET&SMAGENTNAME=-SM-U2oxHNw%2fhwkS9d8eFxBR4kd609FfW4%2b3jBM0jHQpPFSdBOnBEsclAUJfVaZnAfcL&TARGET=-SM-https%3a%2f%2fondemand%2eca%2ecom%2fweb%2fselect%2fdestination' successfully

2019-05-05 16:50:13 - [TEST_STEP][PASSED] - setText(findTestObject("Object Repository/Login-TimeTimeEnter/Page_Sign In - cacom/input_Email Address__58_login"), varEmailAddress): Text 'Patty.ProjectManager@disney.com' is set on object 'Object Repository/Login-TimeTimeEnter/Page_Sign In - cacom/input_Email Address__58_login'

2019-05-05 16:50:14 - [MESSAGE][PASSED] - Text 'Patty.ProjectManager@disney.com' is set on object 'Object Repository/Login-TimeTimeEnter/Page_Sign In - cacom/input_Email Address__58_login'

2019-05-05 16:50:14 - [TEST_STEP][PASSED] - setText(findTestObject("Object Repository/Login-TimeTimeEnter/Page_Sign In - cacom/input_Password__58_password"), varPassword): Text 'clarity0319' is set on object 'Object Repository/Login-TimeTimeEnter/Page_Sign In - cacom/input_Password__58_password'

2019-05-05 16:50:15 - [MESSAGE][PASSED] - Text 'clarity0319' is set on object 'Object Repository/Login-TimeTimeEnter/Page_Sign In - cacom/input_Password__58_password'

2019-05-05 16:50:15 - [TEST_STEP][PASSED] - click(findTestObject("Object Repository/Login-TimeTimeEnter/Page_Sign In - cacom/input")): Object: 'Object Repository/Login-TimeTimeEnter/Page_Sign In - cacom/input' is clicked on

2019-05-05 16:50:18 - [MESSAGE][PASSED] - Object: 'Object Repository/Login-TimeTimeEnter/Page_Sign In - cacom/input' is clicked on

2019-05-05 16:50:18 - [TEST_STEP][PASSED] - click(findTestObject("Object Repository/Login-TimeTimeEnter/Page_My Places - cacom/a_WDPR Tomorrowland - Test")): Object: 'Object Repository/Login-TimeTimeEnter/Page_My Places - cacom/a_WDPR Tomorrowland - Test' is clicked on

2019-05-05 16:50:20 - [MESSAGE][PASSED] - Object: 'Object Repository/Login-TimeTimeEnter/Page_My Places - cacom/a_WDPR Tomorrowland - Test' is clicked on

2019-05-05 16:50:20 - [TEST_STEP][PASSED] - click(findTestObject("Object Repository/Login-TimeTimeEnter/Page_PPM - Last Refreshed on 4222019  Overview General/a_Logout")): Object: 'Object Repository/Login-TimeTimeEnter/Page_PPM - Last Refreshed on 4222019  Overview General/a_Logout' is clicked on

2019-05-05 16:50:26 - [MESSAGE][PASSED] - Object: 'Object Repository/Login-TimeTimeEnter/Page_PPM - Last Refreshed on 4222019  Overview General/a_Logout' is clicked on]]></system-out>
         <system-err><![CDATA[]]></system-err>
      </testcase>
      <testcase name="Test Cases/Login Validation Test Case with Excel" classname="Test Cases/Login Validation Test Case with Excel" status="PASSED">
         <system-out><![CDATA[2019-05-05 16:50:26 - [TEST_CASE][PASSED] - Test Cases/Login Validation Test Case with Excel: Test Cases/Login Validation Test Case with Excel

2019-05-05 16:50:26 - [TEST_STEP][PASSED] - openBrowser(""): Browser is opened with url: ''

2019-05-05 16:50:26 - [MESSAGE][WARNING] - A browser is already opened. Closing browser and opening a new one

2019-05-05 16:50:27 - [MESSAGE][INFO] - Starting 'Chrome' driver

2019-05-05 16:50:31 - [MESSAGE][PASSED] - Browser is opened with url: ''

2019-05-05 16:50:31 - [TEST_STEP][PASSED] - navigateToUrl("https://ondemand.ca.com/web/portal/login?TYPE=33554433&REALMOID=06-000ef9db-0146-19ef-9589-0194ac184032&GUID=&SMAUTHREASON=0&METHOD=GET&SMAGENTNAME=-SM-U2oxHNw%2fhwkS9d8eFxBR4kd609FfW4%2b3jBM0jHQpPFSdBOnBEsclAUJfVaZnAfcL&TARGET=-SM-https%3a%2f%2fondemand%2eca%2ecom%2fweb%2fselect%2fdestination"): Navigate to 'https://ondemand.ca.com/web/portal/login?TYPE=33554433&REALMOID=06-000ef9db-0146-19ef-9589-0194ac184032&GUID=&SMAUTHREASON=0&METHOD=GET&SMAGENTNAME=-SM-U2oxHNw%2fhwkS9d8eFxBR4kd609FfW4%2b3jBM0jHQpPFSdBOnBEsclAUJfVaZnAfcL&TARGET=-SM-https%3a%2f%2fondemand%2eca%2ecom%2fweb%2fselect%2fdestination' successfully

2019-05-05 16:50:33 - [MESSAGE][PASSED] - Navigate to 'https://ondemand.ca.com/web/portal/login?TYPE=33554433&REALMOID=06-000ef9db-0146-19ef-9589-0194ac184032&GUID=&SMAUTHREASON=0&METHOD=GET&SMAGENTNAME=-SM-U2oxHNw%2fhwkS9d8eFxBR4kd609FfW4%2b3jBM0jHQpPFSdBOnBEsclAUJfVaZnAfcL&TARGET=-SM-https%3a%2f%2fondemand%2eca%2ecom%2fweb%2fselect%2fdestination' successfully

2019-05-05 16:50:33 - [TEST_STEP][PASSED] - setText(findTestObject("Object Repository/Login-TimeTimeEnter/Page_Sign In - cacom/input_Email Address__58_login"), varEmailAddress): Text 'Ralph.ResourceManager@disney.com' is set on object 'Object Repository/Login-TimeTimeEnter/Page_Sign In - cacom/input_Email Address__58_login'

2019-05-05 16:50:34 - [MESSAGE][PASSED] - Text 'Ralph.ResourceManager@disney.com' is set on object 'Object Repository/Login-TimeTimeEnter/Page_Sign In - cacom/input_Email Address__58_login'

2019-05-05 16:50:34 - [TEST_STEP][PASSED] - setText(findTestObject("Object Repository/Login-TimeTimeEnter/Page_Sign In - cacom/input_Password__58_password"), varPassword): Text 'clarity0419' is set on object 'Object Repository/Login-TimeTimeEnter/Page_Sign In - cacom/input_Password__58_password'

2019-05-05 16:50:34 - [MESSAGE][PASSED] - Text 'clarity0419' is set on object 'Object Repository/Login-TimeTimeEnter/Page_Sign In - cacom/input_Password__58_password'

2019-05-05 16:50:34 - [TEST_STEP][PASSED] - click(findTestObject("Object Repository/Login-TimeTimeEnter/Page_Sign In - cacom/input")): Object: 'Object Repository/Login-TimeTimeEnter/Page_Sign In - cacom/input' is clicked on

2019-05-05 16:50:35 - [MESSAGE][PASSED] - Object: 'Object Repository/Login-TimeTimeEnter/Page_Sign In - cacom/input' is clicked on

2019-05-05 16:50:35 - [TEST_STEP][PASSED] - click(findTestObject("Object Repository/Login-TimeTimeEnter/Page_My Places - cacom/a_WDPR Tomorrowland - Test")): Object: 'Object Repository/Login-TimeTimeEnter/Page_My Places - cacom/a_WDPR Tomorrowland - Test' is clicked on

2019-05-05 16:50:38 - [MESSAGE][PASSED] - Object: 'Object Repository/Login-TimeTimeEnter/Page_My Places - cacom/a_WDPR Tomorrowland - Test' is clicked on

2019-05-05 16:50:38 - [TEST_STEP][PASSED] - click(findTestObject("Object Repository/Login-TimeTimeEnter/Page_PPM - Last Refreshed on 4222019  Overview General/a_Logout")): Object: 'Object Repository/Login-TimeTimeEnter/Page_PPM - Last Refreshed on 4222019  Overview General/a_Logout' is clicked on

2019-05-05 16:50:41 - [MESSAGE][PASSED] - Object: 'Object Repository/Login-TimeTimeEnter/Page_PPM - Last Refreshed on 4222019  Overview General/a_Logout' is clicked on]]></system-out>
         <system-err><![CDATA[]]></system-err>
      </testcase>
      <testcase name="Test Cases/Login Validation Test Case with Excel" classname="Test Cases/Login Validation Test Case with Excel" status="PASSED">
         <system-out><![CDATA[2019-05-05 16:50:41 - [TEST_CASE][PASSED] - Test Cases/Login Validation Test Case with Excel: Test Cases/Login Validation Test Case with Excel

2019-05-05 16:50:41 - [TEST_STEP][PASSED] - openBrowser(""): Browser is opened with url: ''

2019-05-05 16:50:41 - [MESSAGE][WARNING] - A browser is already opened. Closing browser and opening a new one

2019-05-05 16:50:43 - [MESSAGE][INFO] - Starting 'Chrome' driver

2019-05-05 16:50:46 - [MESSAGE][PASSED] - Browser is opened with url: ''

2019-05-05 16:50:46 - [TEST_STEP][PASSED] - navigateToUrl("https://ondemand.ca.com/web/portal/login?TYPE=33554433&REALMOID=06-000ef9db-0146-19ef-9589-0194ac184032&GUID=&SMAUTHREASON=0&METHOD=GET&SMAGENTNAME=-SM-U2oxHNw%2fhwkS9d8eFxBR4kd609FfW4%2b3jBM0jHQpPFSdBOnBEsclAUJfVaZnAfcL&TARGET=-SM-https%3a%2f%2fondemand%2eca%2ecom%2fweb%2fselect%2fdestination"): Navigate to 'https://ondemand.ca.com/web/portal/login?TYPE=33554433&REALMOID=06-000ef9db-0146-19ef-9589-0194ac184032&GUID=&SMAUTHREASON=0&METHOD=GET&SMAGENTNAME=-SM-U2oxHNw%2fhwkS9d8eFxBR4kd609FfW4%2b3jBM0jHQpPFSdBOnBEsclAUJfVaZnAfcL&TARGET=-SM-https%3a%2f%2fondemand%2eca%2ecom%2fweb%2fselect%2fdestination' successfully

2019-05-05 16:50:48 - [MESSAGE][PASSED] - Navigate to 'https://ondemand.ca.com/web/portal/login?TYPE=33554433&REALMOID=06-000ef9db-0146-19ef-9589-0194ac184032&GUID=&SMAUTHREASON=0&METHOD=GET&SMAGENTNAME=-SM-U2oxHNw%2fhwkS9d8eFxBR4kd609FfW4%2b3jBM0jHQpPFSdBOnBEsclAUJfVaZnAfcL&TARGET=-SM-https%3a%2f%2fondemand%2eca%2ecom%2fweb%2fselect%2fdestination' successfully

2019-05-05 16:50:48 - [TEST_STEP][PASSED] - setText(findTestObject("Object Repository/Login-TimeTimeEnter/Page_Sign In - cacom/input_Email Address__58_login"), varEmailAddress): Text 'Phil.projectcreator@disney.com' is set on object 'Object Repository/Login-TimeTimeEnter/Page_Sign In - cacom/input_Email Address__58_login'

2019-05-05 16:50:49 - [MESSAGE][PASSED] - Text 'Phil.projectcreator@disney.com' is set on object 'Object Repository/Login-TimeTimeEnter/Page_Sign In - cacom/input_Email Address__58_login'

2019-05-05 16:50:49 - [TEST_STEP][PASSED] - setText(findTestObject("Object Repository/Login-TimeTimeEnter/Page_Sign In - cacom/input_Password__58_password"), varPassword): Text 'clarity0419' is set on object 'Object Repository/Login-TimeTimeEnter/Page_Sign In - cacom/input_Password__58_password'

2019-05-05 16:50:49 - [MESSAGE][PASSED] - Text 'clarity0419' is set on object 'Object Repository/Login-TimeTimeEnter/Page_Sign In - cacom/input_Password__58_password'

2019-05-05 16:50:49 - [TEST_STEP][PASSED] - click(findTestObject("Object Repository/Login-TimeTimeEnter/Page_Sign In - cacom/input")): Object: 'Object Repository/Login-TimeTimeEnter/Page_Sign In - cacom/input' is clicked on

2019-05-05 16:50:51 - [MESSAGE][PASSED] - Object: 'Object Repository/Login-TimeTimeEnter/Page_Sign In - cacom/input' is clicked on

2019-05-05 16:50:51 - [TEST_STEP][PASSED] - click(findTestObject("Object Repository/Login-TimeTimeEnter/Page_My Places - cacom/a_WDPR Tomorrowland - Test")): Object: 'Object Repository/Login-TimeTimeEnter/Page_My Places - cacom/a_WDPR Tomorrowland - Test' is clicked on

2019-05-05 16:50:52 - [MESSAGE][PASSED] - Object: 'Object Repository/Login-TimeTimeEnter/Page_My Places - cacom/a_WDPR Tomorrowland - Test' is clicked on

2019-05-05 16:50:52 - [TEST_STEP][PASSED] - click(findTestObject("Object Repository/Login-TimeTimeEnter/Page_PPM - Last Refreshed on 4222019  Overview General/a_Logout")): Object: 'Object Repository/Login-TimeTimeEnter/Page_PPM - Last Refreshed on 4222019  Overview General/a_Logout' is clicked on

2019-05-05 16:50:56 - [MESSAGE][PASSED] - Object: 'Object Repository/Login-TimeTimeEnter/Page_PPM - Last Refreshed on 4222019  Overview General/a_Logout' is clicked on]]></system-out>
         <system-err><![CDATA[]]></system-err>
      </testcase>
      <testcase name="Test Cases/Login Validation Test Case with Excel" classname="Test Cases/Login Validation Test Case with Excel" status="PASSED">
         <system-out><![CDATA[2019-05-05 16:50:56 - [TEST_CASE][PASSED] - Test Cases/Login Validation Test Case with Excel: Test Cases/Login Validation Test Case with Excel

2019-05-05 16:50:56 - [TEST_STEP][PASSED] - openBrowser(""): Browser is opened with url: ''

2019-05-05 16:50:56 - [MESSAGE][WARNING] - A browser is already opened. Closing browser and opening a new one

2019-05-05 16:50:57 - [MESSAGE][INFO] - Starting 'Chrome' driver

2019-05-05 16:51:01 - [MESSAGE][PASSED] - Browser is opened with url: ''

2019-05-05 16:51:01 - [TEST_STEP][PASSED] - navigateToUrl("https://ondemand.ca.com/web/portal/login?TYPE=33554433&REALMOID=06-000ef9db-0146-19ef-9589-0194ac184032&GUID=&SMAUTHREASON=0&METHOD=GET&SMAGENTNAME=-SM-U2oxHNw%2fhwkS9d8eFxBR4kd609FfW4%2b3jBM0jHQpPFSdBOnBEsclAUJfVaZnAfcL&TARGET=-SM-https%3a%2f%2fondemand%2eca%2ecom%2fweb%2fselect%2fdestination"): Navigate to 'https://ondemand.ca.com/web/portal/login?TYPE=33554433&REALMOID=06-000ef9db-0146-19ef-9589-0194ac184032&GUID=&SMAUTHREASON=0&METHOD=GET&SMAGENTNAME=-SM-U2oxHNw%2fhwkS9d8eFxBR4kd609FfW4%2b3jBM0jHQpPFSdBOnBEsclAUJfVaZnAfcL&TARGET=-SM-https%3a%2f%2fondemand%2eca%2ecom%2fweb%2fselect%2fdestination' successfully

2019-05-05 16:51:03 - [MESSAGE][PASSED] - Navigate to 'https://ondemand.ca.com/web/portal/login?TYPE=33554433&REALMOID=06-000ef9db-0146-19ef-9589-0194ac184032&GUID=&SMAUTHREASON=0&METHOD=GET&SMAGENTNAME=-SM-U2oxHNw%2fhwkS9d8eFxBR4kd609FfW4%2b3jBM0jHQpPFSdBOnBEsclAUJfVaZnAfcL&TARGET=-SM-https%3a%2f%2fondemand%2eca%2ecom%2fweb%2fselect%2fdestination' successfully

2019-05-05 16:51:03 - [TEST_STEP][PASSED] - setText(findTestObject("Object Repository/Login-TimeTimeEnter/Page_Sign In - cacom/input_Email Address__58_login"), varEmailAddress): Text 'financial.resourcemanager@disney.com' is set on object 'Object Repository/Login-TimeTimeEnter/Page_Sign In - cacom/input_Email Address__58_login'

2019-05-05 16:51:04 - [MESSAGE][PASSED] - Text 'financial.resourcemanager@disney.com' is set on object 'Object Repository/Login-TimeTimeEnter/Page_Sign In - cacom/input_Email Address__58_login'

2019-05-05 16:51:04 - [TEST_STEP][PASSED] - setText(findTestObject("Object Repository/Login-TimeTimeEnter/Page_Sign In - cacom/input_Password__58_password"), varPassword): Text 'clarity0419' is set on object 'Object Repository/Login-TimeTimeEnter/Page_Sign In - cacom/input_Password__58_password'

2019-05-05 16:51:04 - [MESSAGE][PASSED] - Text 'clarity0419' is set on object 'Object Repository/Login-TimeTimeEnter/Page_Sign In - cacom/input_Password__58_password'

2019-05-05 16:51:04 - [TEST_STEP][PASSED] - click(findTestObject("Object Repository/Login-TimeTimeEnter/Page_Sign In - cacom/input")): Object: 'Object Repository/Login-TimeTimeEnter/Page_Sign In - cacom/input' is clicked on

2019-05-05 16:51:05 - [MESSAGE][PASSED] - Object: 'Object Repository/Login-TimeTimeEnter/Page_Sign In - cacom/input' is clicked on

2019-05-05 16:51:05 - [TEST_STEP][PASSED] - click(findTestObject("Object Repository/Login-TimeTimeEnter/Page_My Places - cacom/a_WDPR Tomorrowland - Test")): Object: 'Object Repository/Login-TimeTimeEnter/Page_My Places - cacom/a_WDPR Tomorrowland - Test' is clicked on

2019-05-05 16:51:07 - [MESSAGE][PASSED] - Object: 'Object Repository/Login-TimeTimeEnter/Page_My Places - cacom/a_WDPR Tomorrowland - Test' is clicked on

2019-05-05 16:51:07 - [TEST_STEP][PASSED] - click(findTestObject("Object Repository/Login-TimeTimeEnter/Page_PPM - Last Refreshed on 4222019  Overview General/a_Logout")): Object: 'Object Repository/Login-TimeTimeEnter/Page_PPM - Last Refreshed on 4222019  Overview General/a_Logout' is clicked on

2019-05-05 16:51:11 - [MESSAGE][PASSED] - Object: 'Object Repository/Login-TimeTimeEnter/Page_PPM - Last Refreshed on 4222019  Overview General/a_Logout' is clicked on]]></system-out>
         <system-err><![CDATA[]]></system-err>
      </testcase>
      <testcase name="Test Cases/Login Validation Test Case with Excel" classname="Test Cases/Login Validation Test Case with Excel" status="PASSED">
         <system-out><![CDATA[2019-05-05 16:51:11 - [TEST_CASE][PASSED] - Test Cases/Login Validation Test Case with Excel: Test Cases/Login Validation Test Case with Excel

2019-05-05 16:51:11 - [TEST_STEP][PASSED] - openBrowser(""): Browser is opened with url: ''

2019-05-05 16:51:11 - [MESSAGE][WARNING] - A browser is already opened. Closing browser and opening a new one

2019-05-05 16:51:12 - [MESSAGE][INFO] - Starting 'Chrome' driver

2019-05-05 16:51:16 - [MESSAGE][PASSED] - Browser is opened with url: ''

2019-05-05 16:51:16 - [TEST_STEP][PASSED] - navigateToUrl("https://ondemand.ca.com/web/portal/login?TYPE=33554433&REALMOID=06-000ef9db-0146-19ef-9589-0194ac184032&GUID=&SMAUTHREASON=0&METHOD=GET&SMAGENTNAME=-SM-U2oxHNw%2fhwkS9d8eFxBR4kd609FfW4%2b3jBM0jHQpPFSdBOnBEsclAUJfVaZnAfcL&TARGET=-SM-https%3a%2f%2fondemand%2eca%2ecom%2fweb%2fselect%2fdestination"): Navigate to 'https://ondemand.ca.com/web/portal/login?TYPE=33554433&REALMOID=06-000ef9db-0146-19ef-9589-0194ac184032&GUID=&SMAUTHREASON=0&METHOD=GET&SMAGENTNAME=-SM-U2oxHNw%2fhwkS9d8eFxBR4kd609FfW4%2b3jBM0jHQpPFSdBOnBEsclAUJfVaZnAfcL&TARGET=-SM-https%3a%2f%2fondemand%2eca%2ecom%2fweb%2fselect%2fdestination' successfully

2019-05-05 16:51:19 - [MESSAGE][PASSED] - Navigate to 'https://ondemand.ca.com/web/portal/login?TYPE=33554433&REALMOID=06-000ef9db-0146-19ef-9589-0194ac184032&GUID=&SMAUTHREASON=0&METHOD=GET&SMAGENTNAME=-SM-U2oxHNw%2fhwkS9d8eFxBR4kd609FfW4%2b3jBM0jHQpPFSdBOnBEsclAUJfVaZnAfcL&TARGET=-SM-https%3a%2f%2fondemand%2eca%2ecom%2fweb%2fselect%2fdestination' successfully

2019-05-05 16:51:19 - [TEST_STEP][PASSED] - setText(findTestObject("Object Repository/Login-TimeTimeEnter/Page_Sign In - cacom/input_Email Address__58_login"), varEmailAddress): Text 'vmo@disney.com' is set on object 'Object Repository/Login-TimeTimeEnter/Page_Sign In - cacom/input_Email Address__58_login'

2019-05-05 16:51:19 - [MESSAGE][PASSED] - Text 'vmo@disney.com' is set on object 'Object Repository/Login-TimeTimeEnter/Page_Sign In - cacom/input_Email Address__58_login'

2019-05-05 16:51:19 - [TEST_STEP][PASSED] - setText(findTestObject("Object Repository/Login-TimeTimeEnter/Page_Sign In - cacom/input_Password__58_password"), varPassword): Text 'clarity0419' is set on object 'Object Repository/Login-TimeTimeEnter/Page_Sign In - cacom/input_Password__58_password'

2019-05-05 16:51:19 - [MESSAGE][PASSED] - Text 'clarity0419' is set on object 'Object Repository/Login-TimeTimeEnter/Page_Sign In - cacom/input_Password__58_password'

2019-05-05 16:51:19 - [TEST_STEP][PASSED] - click(findTestObject("Object Repository/Login-TimeTimeEnter/Page_Sign In - cacom/input")): Object: 'Object Repository/Login-TimeTimeEnter/Page_Sign In - cacom/input' is clicked on

2019-05-05 16:51:20 - [MESSAGE][PASSED] - Object: 'Object Repository/Login-TimeTimeEnter/Page_Sign In - cacom/input' is clicked on

2019-05-05 16:51:20 - [TEST_STEP][PASSED] - click(findTestObject("Object Repository/Login-TimeTimeEnter/Page_My Places - cacom/a_WDPR Tomorrowland - Test")): Object: 'Object Repository/Login-TimeTimeEnter/Page_My Places - cacom/a_WDPR Tomorrowland - Test' is clicked on

2019-05-05 16:51:22 - [MESSAGE][PASSED] - Object: 'Object Repository/Login-TimeTimeEnter/Page_My Places - cacom/a_WDPR Tomorrowland - Test' is clicked on

2019-05-05 16:51:22 - [TEST_STEP][PASSED] - click(findTestObject("Object Repository/Login-TimeTimeEnter/Page_PPM - Last Refreshed on 4222019  Overview General/a_Logout")): Object: 'Object Repository/Login-TimeTimeEnter/Page_PPM - Last Refreshed on 4222019  Overview General/a_Logout' is clicked on

2019-05-05 16:51:26 - [MESSAGE][PASSED] - Object: 'Object Repository/Login-TimeTimeEnter/Page_PPM - Last Refreshed on 4222019  Overview General/a_Logout' is clicked on]]></system-out>
         <system-err><![CDATA[]]></system-err>
      </testcase>
      <testcase name="Test Cases/Login Validation Test Case with Excel" classname="Test Cases/Login Validation Test Case with Excel" status="PASSED">
         <system-out><![CDATA[2019-05-05 16:51:26 - [TEST_CASE][PASSED] - Test Cases/Login Validation Test Case with Excel: Test Cases/Login Validation Test Case with Excel

2019-05-05 16:51:26 - [TEST_STEP][PASSED] - openBrowser(""): Browser is opened with url: ''

2019-05-05 16:51:26 - [MESSAGE][WARNING] - A browser is already opened. Closing browser and opening a new one

2019-05-05 16:51:27 - [MESSAGE][INFO] - Starting 'Chrome' driver

2019-05-05 16:51:30 - [MESSAGE][PASSED] - Browser is opened with url: ''

2019-05-05 16:51:30 - [TEST_STEP][PASSED] - navigateToUrl("https://ondemand.ca.com/web/portal/login?TYPE=33554433&REALMOID=06-000ef9db-0146-19ef-9589-0194ac184032&GUID=&SMAUTHREASON=0&METHOD=GET&SMAGENTNAME=-SM-U2oxHNw%2fhwkS9d8eFxBR4kd609FfW4%2b3jBM0jHQpPFSdBOnBEsclAUJfVaZnAfcL&TARGET=-SM-https%3a%2f%2fondemand%2eca%2ecom%2fweb%2fselect%2fdestination"): Navigate to 'https://ondemand.ca.com/web/portal/login?TYPE=33554433&REALMOID=06-000ef9db-0146-19ef-9589-0194ac184032&GUID=&SMAUTHREASON=0&METHOD=GET&SMAGENTNAME=-SM-U2oxHNw%2fhwkS9d8eFxBR4kd609FfW4%2b3jBM0jHQpPFSdBOnBEsclAUJfVaZnAfcL&TARGET=-SM-https%3a%2f%2fondemand%2eca%2ecom%2fweb%2fselect%2fdestination' successfully

2019-05-05 16:51:32 - [MESSAGE][PASSED] - Navigate to 'https://ondemand.ca.com/web/portal/login?TYPE=33554433&REALMOID=06-000ef9db-0146-19ef-9589-0194ac184032&GUID=&SMAUTHREASON=0&METHOD=GET&SMAGENTNAME=-SM-U2oxHNw%2fhwkS9d8eFxBR4kd609FfW4%2b3jBM0jHQpPFSdBOnBEsclAUJfVaZnAfcL&TARGET=-SM-https%3a%2f%2fondemand%2eca%2ecom%2fweb%2fselect%2fdestination' successfully

2019-05-05 16:51:32 - [TEST_STEP][PASSED] - setText(findTestObject("Object Repository/Login-TimeTimeEnter/Page_Sign In - cacom/input_Email Address__58_login"), varEmailAddress): Text 'digital.finance@disney.com' is set on object 'Object Repository/Login-TimeTimeEnter/Page_Sign In - cacom/input_Email Address__58_login'

2019-05-05 16:51:33 - [MESSAGE][PASSED] - Text 'digital.finance@disney.com' is set on object 'Object Repository/Login-TimeTimeEnter/Page_Sign In - cacom/input_Email Address__58_login'

2019-05-05 16:51:33 - [TEST_STEP][PASSED] - setText(findTestObject("Object Repository/Login-TimeTimeEnter/Page_Sign In - cacom/input_Password__58_password"), varPassword): Text 'clarity0419' is set on object 'Object Repository/Login-TimeTimeEnter/Page_Sign In - cacom/input_Password__58_password'

2019-05-05 16:51:34 - [MESSAGE][PASSED] - Text 'clarity0419' is set on object 'Object Repository/Login-TimeTimeEnter/Page_Sign In - cacom/input_Password__58_password'

2019-05-05 16:51:34 - [TEST_STEP][PASSED] - click(findTestObject("Object Repository/Login-TimeTimeEnter/Page_Sign In - cacom/input")): Object: 'Object Repository/Login-TimeTimeEnter/Page_Sign In - cacom/input' is clicked on

2019-05-05 16:51:35 - [MESSAGE][PASSED] - Object: 'Object Repository/Login-TimeTimeEnter/Page_Sign In - cacom/input' is clicked on

2019-05-05 16:51:35 - [TEST_STEP][PASSED] - click(findTestObject("Object Repository/Login-TimeTimeEnter/Page_My Places - cacom/a_WDPR Tomorrowland - Test")): Object: 'Object Repository/Login-TimeTimeEnter/Page_My Places - cacom/a_WDPR Tomorrowland - Test' is clicked on

2019-05-05 16:51:37 - [MESSAGE][PASSED] - Object: 'Object Repository/Login-TimeTimeEnter/Page_My Places - cacom/a_WDPR Tomorrowland - Test' is clicked on

2019-05-05 16:51:37 - [TEST_STEP][PASSED] - click(findTestObject("Object Repository/Login-TimeTimeEnter/Page_PPM - Last Refreshed on 4222019  Overview General/a_Logout")): Object: 'Object Repository/Login-TimeTimeEnter/Page_PPM - Last Refreshed on 4222019  Overview General/a_Logout' is clicked on

2019-05-05 16:51:40 - [MESSAGE][PASSED] - Object: 'Object Repository/Login-TimeTimeEnter/Page_PPM - Last Refreshed on 4222019  Overview General/a_Logout' is clicked on]]></system-out>
         <system-err><![CDATA[]]></system-err>
      </testcase>
      <testcase name="Test Cases/Login Validation Test Case with Excel" classname="Test Cases/Login Validation Test Case with Excel" status="PASSED">
         <system-out><![CDATA[2019-05-05 16:51:40 - [TEST_CASE][PASSED] - Test Cases/Login Validation Test Case with Excel: Test Cases/Login Validation Test Case with Excel

2019-05-05 16:51:40 - [TEST_STEP][PASSED] - openBrowser(""): Browser is opened with url: ''

2019-05-05 16:51:40 - [MESSAGE][WARNING] - A browser is already opened. Closing browser and opening a new one

2019-05-05 16:51:42 - [MESSAGE][INFO] - Starting 'Chrome' driver

2019-05-05 16:51:45 - [MESSAGE][PASSED] - Browser is opened with url: ''

2019-05-05 16:51:45 - [TEST_STEP][PASSED] - navigateToUrl("https://ondemand.ca.com/web/portal/login?TYPE=33554433&REALMOID=06-000ef9db-0146-19ef-9589-0194ac184032&GUID=&SMAUTHREASON=0&METHOD=GET&SMAGENTNAME=-SM-U2oxHNw%2fhwkS9d8eFxBR4kd609FfW4%2b3jBM0jHQpPFSdBOnBEsclAUJfVaZnAfcL&TARGET=-SM-https%3a%2f%2fondemand%2eca%2ecom%2fweb%2fselect%2fdestination"): Navigate to 'https://ondemand.ca.com/web/portal/login?TYPE=33554433&REALMOID=06-000ef9db-0146-19ef-9589-0194ac184032&GUID=&SMAUTHREASON=0&METHOD=GET&SMAGENTNAME=-SM-U2oxHNw%2fhwkS9d8eFxBR4kd609FfW4%2b3jBM0jHQpPFSdBOnBEsclAUJfVaZnAfcL&TARGET=-SM-https%3a%2f%2fondemand%2eca%2ecom%2fweb%2fselect%2fdestination' successfully

2019-05-05 16:51:48 - [MESSAGE][PASSED] - Navigate to 'https://ondemand.ca.com/web/portal/login?TYPE=33554433&REALMOID=06-000ef9db-0146-19ef-9589-0194ac184032&GUID=&SMAUTHREASON=0&METHOD=GET&SMAGENTNAME=-SM-U2oxHNw%2fhwkS9d8eFxBR4kd609FfW4%2b3jBM0jHQpPFSdBOnBEsclAUJfVaZnAfcL&TARGET=-SM-https%3a%2f%2fondemand%2eca%2ecom%2fweb%2fselect%2fdestination' successfully

2019-05-05 16:51:48 - [TEST_STEP][PASSED] - setText(findTestObject("Object Repository/Login-TimeTimeEnter/Page_Sign In - cacom/input_Email Address__58_login"), varEmailAddress): Text 'department.admin@disney.com' is set on object 'Object Repository/Login-TimeTimeEnter/Page_Sign In - cacom/input_Email Address__58_login'

2019-05-05 16:51:48 - [MESSAGE][PASSED] - Text 'department.admin@disney.com' is set on object 'Object Repository/Login-TimeTimeEnter/Page_Sign In - cacom/input_Email Address__58_login'

2019-05-05 16:51:48 - [TEST_STEP][PASSED] - setText(findTestObject("Object Repository/Login-TimeTimeEnter/Page_Sign In - cacom/input_Password__58_password"), varPassword): Text 'clarity0419' is set on object 'Object Repository/Login-TimeTimeEnter/Page_Sign In - cacom/input_Password__58_password'

2019-05-05 16:51:49 - [MESSAGE][PASSED] - Text 'clarity0419' is set on object 'Object Repository/Login-TimeTimeEnter/Page_Sign In - cacom/input_Password__58_password'

2019-05-05 16:51:49 - [TEST_STEP][PASSED] - click(findTestObject("Object Repository/Login-TimeTimeEnter/Page_Sign In - cacom/input")): Object: 'Object Repository/Login-TimeTimeEnter/Page_Sign In - cacom/input' is clicked on

2019-05-05 16:51:50 - [MESSAGE][PASSED] - Object: 'Object Repository/Login-TimeTimeEnter/Page_Sign In - cacom/input' is clicked on

2019-05-05 16:51:50 - [TEST_STEP][PASSED] - click(findTestObject("Object Repository/Login-TimeTimeEnter/Page_My Places - cacom/a_WDPR Tomorrowland - Test")): Object: 'Object Repository/Login-TimeTimeEnter/Page_My Places - cacom/a_WDPR Tomorrowland - Test' is clicked on

2019-05-05 16:51:52 - [MESSAGE][PASSED] - Object: 'Object Repository/Login-TimeTimeEnter/Page_My Places - cacom/a_WDPR Tomorrowland - Test' is clicked on

2019-05-05 16:51:52 - [TEST_STEP][PASSED] - click(findTestObject("Object Repository/Login-TimeTimeEnter/Page_PPM - Last Refreshed on 4222019  Overview General/a_Logout")): Object: 'Object Repository/Login-TimeTimeEnter/Page_PPM - Last Refreshed on 4222019  Overview General/a_Logout' is clicked on

2019-05-05 16:51:56 - [MESSAGE][PASSED] - Object: 'Object Repository/Login-TimeTimeEnter/Page_PPM - Last Refreshed on 4222019  Overview General/a_Logout' is clicked on]]></system-out>
         <system-err><![CDATA[]]></system-err>
      </testcase>
      <testcase name="Test Cases/Login Validation Test Case with Excel" classname="Test Cases/Login Validation Test Case with Excel" status="PASSED">
         <system-out><![CDATA[2019-05-05 16:51:56 - [TEST_CASE][PASSED] - Test Cases/Login Validation Test Case with Excel: Test Cases/Login Validation Test Case with Excel

2019-05-05 16:51:56 - [TEST_STEP][PASSED] - openBrowser(""): Browser is opened with url: ''

2019-05-05 16:51:56 - [MESSAGE][WARNING] - A browser is already opened. Closing browser and opening a new one

2019-05-05 16:51:57 - [MESSAGE][INFO] - Starting 'Chrome' driver

2019-05-05 16:52:01 - [MESSAGE][PASSED] - Browser is opened with url: ''

2019-05-05 16:52:01 - [TEST_STEP][PASSED] - navigateToUrl("https://ondemand.ca.com/web/portal/login?TYPE=33554433&REALMOID=06-000ef9db-0146-19ef-9589-0194ac184032&GUID=&SMAUTHREASON=0&METHOD=GET&SMAGENTNAME=-SM-U2oxHNw%2fhwkS9d8eFxBR4kd609FfW4%2b3jBM0jHQpPFSdBOnBEsclAUJfVaZnAfcL&TARGET=-SM-https%3a%2f%2fondemand%2eca%2ecom%2fweb%2fselect%2fdestination"): Navigate to 'https://ondemand.ca.com/web/portal/login?TYPE=33554433&REALMOID=06-000ef9db-0146-19ef-9589-0194ac184032&GUID=&SMAUTHREASON=0&METHOD=GET&SMAGENTNAME=-SM-U2oxHNw%2fhwkS9d8eFxBR4kd609FfW4%2b3jBM0jHQpPFSdBOnBEsclAUJfVaZnAfcL&TARGET=-SM-https%3a%2f%2fondemand%2eca%2ecom%2fweb%2fselect%2fdestination' successfully

2019-05-05 16:52:03 - [MESSAGE][PASSED] - Navigate to 'https://ondemand.ca.com/web/portal/login?TYPE=33554433&REALMOID=06-000ef9db-0146-19ef-9589-0194ac184032&GUID=&SMAUTHREASON=0&METHOD=GET&SMAGENTNAME=-SM-U2oxHNw%2fhwkS9d8eFxBR4kd609FfW4%2b3jBM0jHQpPFSdBOnBEsclAUJfVaZnAfcL&TARGET=-SM-https%3a%2f%2fondemand%2eca%2ecom%2fweb%2fselect%2fdestination' successfully

2019-05-05 16:52:03 - [TEST_STEP][PASSED] - setText(findTestObject("Object Repository/Login-TimeTimeEnter/Page_Sign In - cacom/input_Email Address__58_login"), varEmailAddress): Text 'digital.rm@disney.com' is set on object 'Object Repository/Login-TimeTimeEnter/Page_Sign In - cacom/input_Email Address__58_login'

2019-05-05 16:52:04 - [MESSAGE][PASSED] - Text 'digital.rm@disney.com' is set on object 'Object Repository/Login-TimeTimeEnter/Page_Sign In - cacom/input_Email Address__58_login'

2019-05-05 16:52:04 - [TEST_STEP][PASSED] - setText(findTestObject("Object Repository/Login-TimeTimeEnter/Page_Sign In - cacom/input_Password__58_password"), varPassword): Text 'clarity0419' is set on object 'Object Repository/Login-TimeTimeEnter/Page_Sign In - cacom/input_Password__58_password'

2019-05-05 16:52:04 - [MESSAGE][PASSED] - Text 'clarity0419' is set on object 'Object Repository/Login-TimeTimeEnter/Page_Sign In - cacom/input_Password__58_password'

2019-05-05 16:52:04 - [TEST_STEP][PASSED] - click(findTestObject("Object Repository/Login-TimeTimeEnter/Page_Sign In - cacom/input")): Object: 'Object Repository/Login-TimeTimeEnter/Page_Sign In - cacom/input' is clicked on

2019-05-05 16:52:05 - [MESSAGE][PASSED] - Object: 'Object Repository/Login-TimeTimeEnter/Page_Sign In - cacom/input' is clicked on

2019-05-05 16:52:05 - [TEST_STEP][PASSED] - click(findTestObject("Object Repository/Login-TimeTimeEnter/Page_My Places - cacom/a_WDPR Tomorrowland - Test")): Object: 'Object Repository/Login-TimeTimeEnter/Page_My Places - cacom/a_WDPR Tomorrowland - Test' is clicked on

2019-05-05 16:52:07 - [MESSAGE][PASSED] - Object: 'Object Repository/Login-TimeTimeEnter/Page_My Places - cacom/a_WDPR Tomorrowland - Test' is clicked on

2019-05-05 16:52:07 - [TEST_STEP][PASSED] - click(findTestObject("Object Repository/Login-TimeTimeEnter/Page_PPM - Last Refreshed on 4222019  Overview General/a_Logout")): Object: 'Object Repository/Login-TimeTimeEnter/Page_PPM - Last Refreshed on 4222019  Overview General/a_Logout' is clicked on

2019-05-05 16:52:11 - [MESSAGE][PASSED] - Object: 'Object Repository/Login-TimeTimeEnter/Page_PPM - Last Refreshed on 4222019  Overview General/a_Logout' is clicked on]]></system-out>
         <system-err><![CDATA[]]></system-err>
      </testcase>
      <testcase name="Test Cases/Login Validation Test Case with Excel" classname="Test Cases/Login Validation Test Case with Excel" status="PASSED">
         <system-out><![CDATA[2019-05-05 16:52:11 - [TEST_CASE][PASSED] - Test Cases/Login Validation Test Case with Excel: Test Cases/Login Validation Test Case with Excel

2019-05-05 16:52:11 - [TEST_STEP][PASSED] - openBrowser(""): Browser is opened with url: ''

2019-05-05 16:52:11 - [MESSAGE][WARNING] - A browser is already opened. Closing browser and opening a new one

2019-05-05 16:52:12 - [MESSAGE][INFO] - Starting 'Chrome' driver

2019-05-05 16:52:15 - [MESSAGE][PASSED] - Browser is opened with url: ''

2019-05-05 16:52:15 - [TEST_STEP][PASSED] - navigateToUrl("https://ondemand.ca.com/web/portal/login?TYPE=33554433&REALMOID=06-000ef9db-0146-19ef-9589-0194ac184032&GUID=&SMAUTHREASON=0&METHOD=GET&SMAGENTNAME=-SM-U2oxHNw%2fhwkS9d8eFxBR4kd609FfW4%2b3jBM0jHQpPFSdBOnBEsclAUJfVaZnAfcL&TARGET=-SM-https%3a%2f%2fondemand%2eca%2ecom%2fweb%2fselect%2fdestination"): Navigate to 'https://ondemand.ca.com/web/portal/login?TYPE=33554433&REALMOID=06-000ef9db-0146-19ef-9589-0194ac184032&GUID=&SMAUTHREASON=0&METHOD=GET&SMAGENTNAME=-SM-U2oxHNw%2fhwkS9d8eFxBR4kd609FfW4%2b3jBM0jHQpPFSdBOnBEsclAUJfVaZnAfcL&TARGET=-SM-https%3a%2f%2fondemand%2eca%2ecom%2fweb%2fselect%2fdestination' successfully

2019-05-05 16:52:38 - [MESSAGE][PASSED] - Navigate to 'https://ondemand.ca.com/web/portal/login?TYPE=33554433&REALMOID=06-000ef9db-0146-19ef-9589-0194ac184032&GUID=&SMAUTHREASON=0&METHOD=GET&SMAGENTNAME=-SM-U2oxHNw%2fhwkS9d8eFxBR4kd609FfW4%2b3jBM0jHQpPFSdBOnBEsclAUJfVaZnAfcL&TARGET=-SM-https%3a%2f%2fondemand%2eca%2ecom%2fweb%2fselect%2fdestination' successfully

2019-05-05 16:52:38 - [TEST_STEP][PASSED] - setText(findTestObject("Object Repository/Login-TimeTimeEnter/Page_Sign In - cacom/input_Email Address__58_login"), varEmailAddress): Text 'digital.pm@disney.com' is set on object 'Object Repository/Login-TimeTimeEnter/Page_Sign In - cacom/input_Email Address__58_login'

2019-05-05 16:52:39 - [MESSAGE][PASSED] - Text 'digital.pm@disney.com' is set on object 'Object Repository/Login-TimeTimeEnter/Page_Sign In - cacom/input_Email Address__58_login'

2019-05-05 16:52:39 - [TEST_STEP][PASSED] - setText(findTestObject("Object Repository/Login-TimeTimeEnter/Page_Sign In - cacom/input_Password__58_password"), varPassword): Text 'clarity0419' is set on object 'Object Repository/Login-TimeTimeEnter/Page_Sign In - cacom/input_Password__58_password'

2019-05-05 16:52:39 - [MESSAGE][PASSED] - Text 'clarity0419' is set on object 'Object Repository/Login-TimeTimeEnter/Page_Sign In - cacom/input_Password__58_password'

2019-05-05 16:52:39 - [TEST_STEP][PASSED] - click(findTestObject("Object Repository/Login-TimeTimeEnter/Page_Sign In - cacom/input")): Object: 'Object Repository/Login-TimeTimeEnter/Page_Sign In - cacom/input' is clicked on

2019-05-05 16:52:40 - [MESSAGE][PASSED] - Object: 'Object Repository/Login-TimeTimeEnter/Page_Sign In - cacom/input' is clicked on

2019-05-05 16:52:40 - [TEST_STEP][PASSED] - click(findTestObject("Object Repository/Login-TimeTimeEnter/Page_My Places - cacom/a_WDPR Tomorrowland - Test")): Object: 'Object Repository/Login-TimeTimeEnter/Page_My Places - cacom/a_WDPR Tomorrowland - Test' is clicked on

2019-05-05 16:52:42 - [MESSAGE][PASSED] - Object: 'Object Repository/Login-TimeTimeEnter/Page_My Places - cacom/a_WDPR Tomorrowland - Test' is clicked on

2019-05-05 16:52:42 - [TEST_STEP][PASSED] - click(findTestObject("Object Repository/Login-TimeTimeEnter/Page_PPM - Last Refreshed on 4222019  Overview General/a_Logout")): Object: 'Object Repository/Login-TimeTimeEnter/Page_PPM - Last Refreshed on 4222019  Overview General/a_Logout' is clicked on

2019-05-05 16:52:46 - [MESSAGE][PASSED] - Object: 'Object Repository/Login-TimeTimeEnter/Page_PPM - Last Refreshed on 4222019  Overview General/a_Logout' is clicked on]]></system-out>
         <system-err><![CDATA[]]></system-err>
      </testcase>
      <testcase name="Test Cases/Login Validation Test Case with Excel" classname="Test Cases/Login Validation Test Case with Excel" status="PASSED">
         <system-out><![CDATA[2019-05-05 16:52:46 - [TEST_CASE][PASSED] - Test Cases/Login Validation Test Case with Excel: Test Cases/Login Validation Test Case with Excel

2019-05-05 16:52:46 - [TEST_STEP][PASSED] - openBrowser(""): Browser is opened with url: ''

2019-05-05 16:52:46 - [MESSAGE][WARNING] - A browser is already opened. Closing browser and opening a new one

2019-05-05 16:52:47 - [MESSAGE][INFO] - Starting 'Chrome' driver

2019-05-05 16:52:51 - [MESSAGE][PASSED] - Browser is opened with url: ''

2019-05-05 16:52:51 - [TEST_STEP][PASSED] - navigateToUrl("https://ondemand.ca.com/web/portal/login?TYPE=33554433&REALMOID=06-000ef9db-0146-19ef-9589-0194ac184032&GUID=&SMAUTHREASON=0&METHOD=GET&SMAGENTNAME=-SM-U2oxHNw%2fhwkS9d8eFxBR4kd609FfW4%2b3jBM0jHQpPFSdBOnBEsclAUJfVaZnAfcL&TARGET=-SM-https%3a%2f%2fondemand%2eca%2ecom%2fweb%2fselect%2fdestination"): Navigate to 'https://ondemand.ca.com/web/portal/login?TYPE=33554433&REALMOID=06-000ef9db-0146-19ef-9589-0194ac184032&GUID=&SMAUTHREASON=0&METHOD=GET&SMAGENTNAME=-SM-U2oxHNw%2fhwkS9d8eFxBR4kd609FfW4%2b3jBM0jHQpPFSdBOnBEsclAUJfVaZnAfcL&TARGET=-SM-https%3a%2f%2fondemand%2eca%2ecom%2fweb%2fselect%2fdestination' successfully

2019-05-05 16:52:54 - [MESSAGE][PASSED] - Navigate to 'https://ondemand.ca.com/web/portal/login?TYPE=33554433&REALMOID=06-000ef9db-0146-19ef-9589-0194ac184032&GUID=&SMAUTHREASON=0&METHOD=GET&SMAGENTNAME=-SM-U2oxHNw%2fhwkS9d8eFxBR4kd609FfW4%2b3jBM0jHQpPFSdBOnBEsclAUJfVaZnAfcL&TARGET=-SM-https%3a%2f%2fondemand%2eca%2ecom%2fweb%2fselect%2fdestination' successfully

2019-05-05 16:52:54 - [TEST_STEP][PASSED] - setText(findTestObject("Object Repository/Login-TimeTimeEnter/Page_Sign In - cacom/input_Email Address__58_login"), varEmailAddress): Text 'reporting.only@disney.com' is set on object 'Object Repository/Login-TimeTimeEnter/Page_Sign In - cacom/input_Email Address__58_login'

2019-05-05 16:52:54 - [MESSAGE][PASSED] - Text 'reporting.only@disney.com' is set on object 'Object Repository/Login-TimeTimeEnter/Page_Sign In - cacom/input_Email Address__58_login'

2019-05-05 16:52:54 - [TEST_STEP][PASSED] - setText(findTestObject("Object Repository/Login-TimeTimeEnter/Page_Sign In - cacom/input_Password__58_password"), varPassword): Text 'clarity0419' is set on object 'Object Repository/Login-TimeTimeEnter/Page_Sign In - cacom/input_Password__58_password'

2019-05-05 16:52:55 - [MESSAGE][PASSED] - Text 'clarity0419' is set on object 'Object Repository/Login-TimeTimeEnter/Page_Sign In - cacom/input_Password__58_password'

2019-05-05 16:52:55 - [TEST_STEP][PASSED] - click(findTestObject("Object Repository/Login-TimeTimeEnter/Page_Sign In - cacom/input")): Object: 'Object Repository/Login-TimeTimeEnter/Page_Sign In - cacom/input' is clicked on

2019-05-05 16:52:56 - [MESSAGE][PASSED] - Object: 'Object Repository/Login-TimeTimeEnter/Page_Sign In - cacom/input' is clicked on

2019-05-05 16:52:56 - [TEST_STEP][PASSED] - click(findTestObject("Object Repository/Login-TimeTimeEnter/Page_My Places - cacom/a_WDPR Tomorrowland - Test")): Object: 'Object Repository/Login-TimeTimeEnter/Page_My Places - cacom/a_WDPR Tomorrowland - Test' is clicked on

2019-05-05 16:52:58 - [MESSAGE][PASSED] - Object: 'Object Repository/Login-TimeTimeEnter/Page_My Places - cacom/a_WDPR Tomorrowland - Test' is clicked on

2019-05-05 16:52:58 - [TEST_STEP][PASSED] - click(findTestObject("Object Repository/Login-TimeTimeEnter/Page_PPM - Last Refreshed on 4222019  Overview General/a_Logout")): Object: 'Object Repository/Login-TimeTimeEnter/Page_PPM - Last Refreshed on 4222019  Overview General/a_Logout' is clicked on

2019-05-05 16:53:02 - [MESSAGE][PASSED] - Object: 'Object Repository/Login-TimeTimeEnter/Page_PPM - Last Refreshed on 4222019  Overview General/a_Logout' is clicked on]]></system-out>
         <system-err><![CDATA[]]></system-err>
      </testcase>
      <testcase name="Test Cases/Login Validation Test Case with Excel" classname="Test Cases/Login Validation Test Case with Excel" status="PASSED">
         <system-out><![CDATA[2019-05-05 16:53:02 - [TEST_CASE][PASSED] - Test Cases/Login Validation Test Case with Excel: Test Cases/Login Validation Test Case with Excel

2019-05-05 16:53:02 - [TEST_STEP][PASSED] - openBrowser(""): Browser is opened with url: ''

2019-05-05 16:53:02 - [MESSAGE][WARNING] - A browser is already opened. Closing browser and opening a new one

2019-05-05 16:53:04 - [MESSAGE][INFO] - Starting 'Chrome' driver

2019-05-05 16:53:07 - [MESSAGE][PASSED] - Browser is opened with url: ''

2019-05-05 16:53:07 - [TEST_STEP][PASSED] - navigateToUrl("https://ondemand.ca.com/web/portal/login?TYPE=33554433&REALMOID=06-000ef9db-0146-19ef-9589-0194ac184032&GUID=&SMAUTHREASON=0&METHOD=GET&SMAGENTNAME=-SM-U2oxHNw%2fhwkS9d8eFxBR4kd609FfW4%2b3jBM0jHQpPFSdBOnBEsclAUJfVaZnAfcL&TARGET=-SM-https%3a%2f%2fondemand%2eca%2ecom%2fweb%2fselect%2fdestination"): Navigate to 'https://ondemand.ca.com/web/portal/login?TYPE=33554433&REALMOID=06-000ef9db-0146-19ef-9589-0194ac184032&GUID=&SMAUTHREASON=0&METHOD=GET&SMAGENTNAME=-SM-U2oxHNw%2fhwkS9d8eFxBR4kd609FfW4%2b3jBM0jHQpPFSdBOnBEsclAUJfVaZnAfcL&TARGET=-SM-https%3a%2f%2fondemand%2eca%2ecom%2fweb%2fselect%2fdestination' successfully

2019-05-05 16:53:09 - [MESSAGE][PASSED] - Navigate to 'https://ondemand.ca.com/web/portal/login?TYPE=33554433&REALMOID=06-000ef9db-0146-19ef-9589-0194ac184032&GUID=&SMAUTHREASON=0&METHOD=GET&SMAGENTNAME=-SM-U2oxHNw%2fhwkS9d8eFxBR4kd609FfW4%2b3jBM0jHQpPFSdBOnBEsclAUJfVaZnAfcL&TARGET=-SM-https%3a%2f%2fondemand%2eca%2ecom%2fweb%2fselect%2fdestination' successfully

2019-05-05 16:53:09 - [TEST_STEP][PASSED] - setText(findTestObject("Object Repository/Login-TimeTimeEnter/Page_Sign In - cacom/input_Email Address__58_login"), varEmailAddress): Text 'agility.coach@disney.com' is set on object 'Object Repository/Login-TimeTimeEnter/Page_Sign In - cacom/input_Email Address__58_login'

2019-05-05 16:53:10 - [MESSAGE][PASSED] - Text 'agility.coach@disney.com' is set on object 'Object Repository/Login-TimeTimeEnter/Page_Sign In - cacom/input_Email Address__58_login'

2019-05-05 16:53:10 - [TEST_STEP][PASSED] - setText(findTestObject("Object Repository/Login-TimeTimeEnter/Page_Sign In - cacom/input_Password__58_password"), varPassword): Text 'clarity0419' is set on object 'Object Repository/Login-TimeTimeEnter/Page_Sign In - cacom/input_Password__58_password'

2019-05-05 16:53:10 - [MESSAGE][PASSED] - Text 'clarity0419' is set on object 'Object Repository/Login-TimeTimeEnter/Page_Sign In - cacom/input_Password__58_password'

2019-05-05 16:53:10 - [TEST_STEP][PASSED] - click(findTestObject("Object Repository/Login-TimeTimeEnter/Page_Sign In - cacom/input")): Object: 'Object Repository/Login-TimeTimeEnter/Page_Sign In - cacom/input' is clicked on

2019-05-05 16:53:11 - [MESSAGE][PASSED] - Object: 'Object Repository/Login-TimeTimeEnter/Page_Sign In - cacom/input' is clicked on

2019-05-05 16:53:11 - [TEST_STEP][PASSED] - click(findTestObject("Object Repository/Login-TimeTimeEnter/Page_My Places - cacom/a_WDPR Tomorrowland - Test")): Object: 'Object Repository/Login-TimeTimeEnter/Page_My Places - cacom/a_WDPR Tomorrowland - Test' is clicked on

2019-05-05 16:53:15 - [MESSAGE][PASSED] - Object: 'Object Repository/Login-TimeTimeEnter/Page_My Places - cacom/a_WDPR Tomorrowland - Test' is clicked on

2019-05-05 16:53:15 - [TEST_STEP][PASSED] - click(findTestObject("Object Repository/Login-TimeTimeEnter/Page_PPM - Last Refreshed on 4222019  Overview General/a_Logout")): Object: 'Object Repository/Login-TimeTimeEnter/Page_PPM - Last Refreshed on 4222019  Overview General/a_Logout' is clicked on

2019-05-05 16:53:19 - [MESSAGE][PASSED] - Object: 'Object Repository/Login-TimeTimeEnter/Page_PPM - Last Refreshed on 4222019  Overview General/a_Logout' is clicked on]]></system-out>
         <system-err><![CDATA[]]></system-err>
      </testcase>
      <testcase name="Test Cases/Login Validation Test Case with Excel" classname="Test Cases/Login Validation Test Case with Excel" status="PASSED">
         <system-out><![CDATA[2019-05-05 16:53:19 - [TEST_CASE][PASSED] - Test Cases/Login Validation Test Case with Excel: Test Cases/Login Validation Test Case with Excel

2019-05-05 16:53:19 - [TEST_STEP][PASSED] - openBrowser(""): Browser is opened with url: ''

2019-05-05 16:53:19 - [MESSAGE][WARNING] - A browser is already opened. Closing browser and opening a new one

2019-05-05 16:53:21 - [MESSAGE][INFO] - Starting 'Chrome' driver

2019-05-05 16:53:24 - [MESSAGE][PASSED] - Browser is opened with url: ''

2019-05-05 16:53:24 - [TEST_STEP][PASSED] - navigateToUrl("https://ondemand.ca.com/web/portal/login?TYPE=33554433&REALMOID=06-000ef9db-0146-19ef-9589-0194ac184032&GUID=&SMAUTHREASON=0&METHOD=GET&SMAGENTNAME=-SM-U2oxHNw%2fhwkS9d8eFxBR4kd609FfW4%2b3jBM0jHQpPFSdBOnBEsclAUJfVaZnAfcL&TARGET=-SM-https%3a%2f%2fondemand%2eca%2ecom%2fweb%2fselect%2fdestination"): Navigate to 'https://ondemand.ca.com/web/portal/login?TYPE=33554433&REALMOID=06-000ef9db-0146-19ef-9589-0194ac184032&GUID=&SMAUTHREASON=0&METHOD=GET&SMAGENTNAME=-SM-U2oxHNw%2fhwkS9d8eFxBR4kd609FfW4%2b3jBM0jHQpPFSdBOnBEsclAUJfVaZnAfcL&TARGET=-SM-https%3a%2f%2fondemand%2eca%2ecom%2fweb%2fselect%2fdestination' successfully

2019-05-05 16:53:26 - [MESSAGE][PASSED] - Navigate to 'https://ondemand.ca.com/web/portal/login?TYPE=33554433&REALMOID=06-000ef9db-0146-19ef-9589-0194ac184032&GUID=&SMAUTHREASON=0&METHOD=GET&SMAGENTNAME=-SM-U2oxHNw%2fhwkS9d8eFxBR4kd609FfW4%2b3jBM0jHQpPFSdBOnBEsclAUJfVaZnAfcL&TARGET=-SM-https%3a%2f%2fondemand%2eca%2ecom%2fweb%2fselect%2fdestination' successfully

2019-05-05 16:53:26 - [TEST_STEP][PASSED] - setText(findTestObject("Object Repository/Login-TimeTimeEnter/Page_Sign In - cacom/input_Email Address__58_login"), varEmailAddress): Text 'kris.portfoliomanager@disney.com' is set on object 'Object Repository/Login-TimeTimeEnter/Page_Sign In - cacom/input_Email Address__58_login'

2019-05-05 16:53:28 - [MESSAGE][PASSED] - Text 'kris.portfoliomanager@disney.com' is set on object 'Object Repository/Login-TimeTimeEnter/Page_Sign In - cacom/input_Email Address__58_login'

2019-05-05 16:53:28 - [TEST_STEP][PASSED] - setText(findTestObject("Object Repository/Login-TimeTimeEnter/Page_Sign In - cacom/input_Password__58_password"), varPassword): Text 'clarity042019' is set on object 'Object Repository/Login-TimeTimeEnter/Page_Sign In - cacom/input_Password__58_password'

2019-05-05 16:53:28 - [MESSAGE][PASSED] - Text 'clarity042019' is set on object 'Object Repository/Login-TimeTimeEnter/Page_Sign In - cacom/input_Password__58_password'

2019-05-05 16:53:28 - [TEST_STEP][PASSED] - click(findTestObject("Object Repository/Login-TimeTimeEnter/Page_Sign In - cacom/input")): Object: 'Object Repository/Login-TimeTimeEnter/Page_Sign In - cacom/input' is clicked on

2019-05-05 16:53:30 - [MESSAGE][PASSED] - Object: 'Object Repository/Login-TimeTimeEnter/Page_Sign In - cacom/input' is clicked on

2019-05-05 16:53:30 - [TEST_STEP][PASSED] - click(findTestObject("Object Repository/Login-TimeTimeEnter/Page_My Places - cacom/a_WDPR Tomorrowland - Test")): Object: 'Object Repository/Login-TimeTimeEnter/Page_My Places - cacom/a_WDPR Tomorrowland - Test' is clicked on

2019-05-05 16:53:32 - [MESSAGE][PASSED] - Object: 'Object Repository/Login-TimeTimeEnter/Page_My Places - cacom/a_WDPR Tomorrowland - Test' is clicked on

2019-05-05 16:53:32 - [TEST_STEP][PASSED] - click(findTestObject("Object Repository/Login-TimeTimeEnter/Page_PPM - Last Refreshed on 4222019  Overview General/a_Logout")): Object: 'Object Repository/Login-TimeTimeEnter/Page_PPM - Last Refreshed on 4222019  Overview General/a_Logout' is clicked on

2019-05-05 16:53:35 - [MESSAGE][PASSED] - Object: 'Object Repository/Login-TimeTimeEnter/Page_PPM - Last Refreshed on 4222019  Overview General/a_Logout' is clicked on]]></system-out>
         <system-err><![CDATA[]]></system-err>
      </testcase>
      <testcase name="Test Cases/Login Validation Test Case with Excel" classname="Test Cases/Login Validation Test Case with Excel" status="PASSED">
         <system-out><![CDATA[2019-05-05 16:53:35 - [TEST_CASE][PASSED] - Test Cases/Login Validation Test Case with Excel: Test Cases/Login Validation Test Case with Excel

2019-05-05 16:53:35 - [TEST_STEP][PASSED] - openBrowser(""): Browser is opened with url: ''

2019-05-05 16:53:35 - [MESSAGE][WARNING] - A browser is already opened. Closing browser and opening a new one

2019-05-05 16:53:37 - [MESSAGE][INFO] - Starting 'Chrome' driver

2019-05-05 16:53:40 - [MESSAGE][PASSED] - Browser is opened with url: ''

2019-05-05 16:53:40 - [TEST_STEP][PASSED] - navigateToUrl("https://ondemand.ca.com/web/portal/login?TYPE=33554433&REALMOID=06-000ef9db-0146-19ef-9589-0194ac184032&GUID=&SMAUTHREASON=0&METHOD=GET&SMAGENTNAME=-SM-U2oxHNw%2fhwkS9d8eFxBR4kd609FfW4%2b3jBM0jHQpPFSdBOnBEsclAUJfVaZnAfcL&TARGET=-SM-https%3a%2f%2fondemand%2eca%2ecom%2fweb%2fselect%2fdestination"): Navigate to 'https://ondemand.ca.com/web/portal/login?TYPE=33554433&REALMOID=06-000ef9db-0146-19ef-9589-0194ac184032&GUID=&SMAUTHREASON=0&METHOD=GET&SMAGENTNAME=-SM-U2oxHNw%2fhwkS9d8eFxBR4kd609FfW4%2b3jBM0jHQpPFSdBOnBEsclAUJfVaZnAfcL&TARGET=-SM-https%3a%2f%2fondemand%2eca%2ecom%2fweb%2fselect%2fdestination' successfully

2019-05-05 16:53:43 - [MESSAGE][PASSED] - Navigate to 'https://ondemand.ca.com/web/portal/login?TYPE=33554433&REALMOID=06-000ef9db-0146-19ef-9589-0194ac184032&GUID=&SMAUTHREASON=0&METHOD=GET&SMAGENTNAME=-SM-U2oxHNw%2fhwkS9d8eFxBR4kd609FfW4%2b3jBM0jHQpPFSdBOnBEsclAUJfVaZnAfcL&TARGET=-SM-https%3a%2f%2fondemand%2eca%2ecom%2fweb%2fselect%2fdestination' successfully

2019-05-05 16:53:43 - [TEST_STEP][PASSED] - setText(findTestObject("Object Repository/Login-TimeTimeEnter/Page_Sign In - cacom/input_Email Address__58_login"), varEmailAddress): Text 'kevin.ideamanager@disney.com' is set on object 'Object Repository/Login-TimeTimeEnter/Page_Sign In - cacom/input_Email Address__58_login'

2019-05-05 16:53:44 - [MESSAGE][PASSED] - Text 'kevin.ideamanager@disney.com' is set on object 'Object Repository/Login-TimeTimeEnter/Page_Sign In - cacom/input_Email Address__58_login'

2019-05-05 16:53:44 - [TEST_STEP][PASSED] - setText(findTestObject("Object Repository/Login-TimeTimeEnter/Page_Sign In - cacom/input_Password__58_password"), varPassword): Text 'clarity0219' is set on object 'Object Repository/Login-TimeTimeEnter/Page_Sign In - cacom/input_Password__58_password'

2019-05-05 16:53:44 - [MESSAGE][PASSED] - Text 'clarity0219' is set on object 'Object Repository/Login-TimeTimeEnter/Page_Sign In - cacom/input_Password__58_password'

2019-05-05 16:53:44 - [TEST_STEP][PASSED] - click(findTestObject("Object Repository/Login-TimeTimeEnter/Page_Sign In - cacom/input")): Object: 'Object Repository/Login-TimeTimeEnter/Page_Sign In - cacom/input' is clicked on

2019-05-05 16:53:46 - [MESSAGE][PASSED] - Object: 'Object Repository/Login-TimeTimeEnter/Page_Sign In - cacom/input' is clicked on

2019-05-05 16:53:46 - [TEST_STEP][PASSED] - click(findTestObject("Object Repository/Login-TimeTimeEnter/Page_My Places - cacom/a_WDPR Tomorrowland - Test")): Object: 'Object Repository/Login-TimeTimeEnter/Page_My Places - cacom/a_WDPR Tomorrowland - Test' is clicked on

2019-05-05 16:53:48 - [MESSAGE][PASSED] - Object: 'Object Repository/Login-TimeTimeEnter/Page_My Places - cacom/a_WDPR Tomorrowland - Test' is clicked on

2019-05-05 16:53:48 - [TEST_STEP][PASSED] - click(findTestObject("Object Repository/Login-TimeTimeEnter/Page_PPM - Last Refreshed on 4222019  Overview General/a_Logout")): Object: 'Object Repository/Login-TimeTimeEnter/Page_PPM - Last Refreshed on 4222019  Overview General/a_Logout' is clicked on

2019-05-05 16:53:51 - [MESSAGE][PASSED] - Object: 'Object Repository/Login-TimeTimeEnter/Page_PPM - Last Refreshed on 4222019  Overview General/a_Logout' is clicked on]]></system-out>
         <system-err><![CDATA[]]></system-err>
      </testcase>
      <testcase name="Test Cases/Login Validation Test Case with Excel" classname="Test Cases/Login Validation Test Case with Excel" status="PASSED">
         <system-out><![CDATA[2019-05-05 16:53:51 - [TEST_CASE][PASSED] - Test Cases/Login Validation Test Case with Excel: Test Cases/Login Validation Test Case with Excel

2019-05-05 16:53:51 - [TEST_STEP][PASSED] - openBrowser(""): Browser is opened with url: ''

2019-05-05 16:53:51 - [MESSAGE][WARNING] - A browser is already opened. Closing browser and opening a new one

2019-05-05 16:53:53 - [MESSAGE][INFO] - Starting 'Chrome' driver

2019-05-05 16:53:56 - [MESSAGE][PASSED] - Browser is opened with url: ''

2019-05-05 16:53:56 - [TEST_STEP][PASSED] - navigateToUrl("https://ondemand.ca.com/web/portal/login?TYPE=33554433&REALMOID=06-000ef9db-0146-19ef-9589-0194ac184032&GUID=&SMAUTHREASON=0&METHOD=GET&SMAGENTNAME=-SM-U2oxHNw%2fhwkS9d8eFxBR4kd609FfW4%2b3jBM0jHQpPFSdBOnBEsclAUJfVaZnAfcL&TARGET=-SM-https%3a%2f%2fondemand%2eca%2ecom%2fweb%2fselect%2fdestination"): Navigate to 'https://ondemand.ca.com/web/portal/login?TYPE=33554433&REALMOID=06-000ef9db-0146-19ef-9589-0194ac184032&GUID=&SMAUTHREASON=0&METHOD=GET&SMAGENTNAME=-SM-U2oxHNw%2fhwkS9d8eFxBR4kd609FfW4%2b3jBM0jHQpPFSdBOnBEsclAUJfVaZnAfcL&TARGET=-SM-https%3a%2f%2fondemand%2eca%2ecom%2fweb%2fselect%2fdestination' successfully

2019-05-05 16:53:59 - [MESSAGE][PASSED] - Navigate to 'https://ondemand.ca.com/web/portal/login?TYPE=33554433&REALMOID=06-000ef9db-0146-19ef-9589-0194ac184032&GUID=&SMAUTHREASON=0&METHOD=GET&SMAGENTNAME=-SM-U2oxHNw%2fhwkS9d8eFxBR4kd609FfW4%2b3jBM0jHQpPFSdBOnBEsclAUJfVaZnAfcL&TARGET=-SM-https%3a%2f%2fondemand%2eca%2ecom%2fweb%2fselect%2fdestination' successfully

2019-05-05 16:53:59 - [TEST_STEP][PASSED] - setText(findTestObject("Object Repository/Login-TimeTimeEnter/Page_Sign In - cacom/input_Email Address__58_login"), varEmailAddress): Text 'elise.itdesigntrainer@disney.com' is set on object 'Object Repository/Login-TimeTimeEnter/Page_Sign In - cacom/input_Email Address__58_login'

2019-05-05 16:54:00 - [MESSAGE][PASSED] - Text 'elise.itdesigntrainer@disney.com' is set on object 'Object Repository/Login-TimeTimeEnter/Page_Sign In - cacom/input_Email Address__58_login'

2019-05-05 16:54:00 - [TEST_STEP][PASSED] - setText(findTestObject("Object Repository/Login-TimeTimeEnter/Page_Sign In - cacom/input_Password__58_password"), varPassword): Text 'clarity0419' is set on object 'Object Repository/Login-TimeTimeEnter/Page_Sign In - cacom/input_Password__58_password'

2019-05-05 16:54:00 - [MESSAGE][PASSED] - Text 'clarity0419' is set on object 'Object Repository/Login-TimeTimeEnter/Page_Sign In - cacom/input_Password__58_password'

2019-05-05 16:54:00 - [TEST_STEP][PASSED] - click(findTestObject("Object Repository/Login-TimeTimeEnter/Page_Sign In - cacom/input")): Object: 'Object Repository/Login-TimeTimeEnter/Page_Sign In - cacom/input' is clicked on

2019-05-05 16:54:01 - [MESSAGE][PASSED] - Object: 'Object Repository/Login-TimeTimeEnter/Page_Sign In - cacom/input' is clicked on

2019-05-05 16:54:01 - [TEST_STEP][PASSED] - click(findTestObject("Object Repository/Login-TimeTimeEnter/Page_My Places - cacom/a_WDPR Tomorrowland - Test")): Object: 'Object Repository/Login-TimeTimeEnter/Page_My Places - cacom/a_WDPR Tomorrowland - Test' is clicked on

2019-05-05 16:54:03 - [MESSAGE][PASSED] - Object: 'Object Repository/Login-TimeTimeEnter/Page_My Places - cacom/a_WDPR Tomorrowland - Test' is clicked on

2019-05-05 16:54:03 - [TEST_STEP][PASSED] - click(findTestObject("Object Repository/Login-TimeTimeEnter/Page_PPM - Last Refreshed on 4222019  Overview General/a_Logout")): Object: 'Object Repository/Login-TimeTimeEnter/Page_PPM - Last Refreshed on 4222019  Overview General/a_Logout' is clicked on

2019-05-05 16:54:07 - [MESSAGE][PASSED] - Object: 'Object Repository/Login-TimeTimeEnter/Page_PPM - Last Refreshed on 4222019  Overview General/a_Logout' is clicked on]]></system-out>
         <system-err><![CDATA[]]></system-err>
      </testcase>
      <system-out><![CDATA[2019-05-05 16:49:27 - [TEST_SUITE][PASSED] - Login Validation Test Suite for Test Case with Excel: Test Cases/Login Validation Test Case with Excel]]></system-out>
      <system-err><![CDATA[]]></system-err>
   </testsuite>
</testsuites>
