<?xml version="1.0" encoding="UTF-8"?>
<testsuites name="Login Validation Test Suite for Test Case with Excel" time="77" tests="4" failures="0" errors="0">
   <testsuite name="Login Validation Test Suite for Test Case with Excel" tests="4" failures="0" errors="0" time="77" timestamp="2019-05-05 14:12:14" hostname="AHMAS014 - WX-5CG9071ZMF.wdw.disney.com" id="Test Suites/Login Validation Test Suite for Test Case with Excel">
      <properties>
         <property name="deviceName" value=""/>
         <property name="devicePlatform" value=""/>
         <property name="logFolder" value="C:\\Users\\ahmas014\\git\\Katalon-Smoke-Test\\Reports\\Login Validation Test Suite for Test Case with Excel\\20190505_141208"/>
         <property name="logFiles" value="C:\\Users\\ahmas014\\git\\Katalon-Smoke-Test\\Reports\\Login Validation Test Suite for Test Case with Excel\\20190505_141208\\execution0.log"/>
         <property name="attachments" value=""/>
         <property name="hostName" value="AHMAS014 - WX-5CG9071ZMF.wdw.disney.com"/>
         <property name="os" value="Windows 10 64bit"/>
         <property name="katalonVersion" value="6.1.2.2"/>
         <property name="browser" value="Chrome 73.0.3683.75"/>
         <property name="hostAddress" value="10.25.116.64"/>
         <property name="sessionId" value="db91a006291eb7c5ee6c135bf81e1292"/>
         <property name="seleniumVersion" value="3.7.1"/>
         <property name="proxyInformation" value="ProxyInformation{proxyOption=NO_PROXY, proxyServerType=HTTP, password=, proxyServerAddress=, proxyServerPort=0}"/>
         <property name="platform" value="Windows 10"/>
      </properties>
      <testcase name="Test Cases/Login Validation Test Case with Excel" classname="Test Cases/Login Validation Test Case with Excel" status="PASSED">
         <system-out><![CDATA[2019-05-05 14:12:14 - [TEST_CASE][PASSED] - Test Cases/Login Validation Test Case with Excel: Test Cases/Login Validation Test Case with Excel

2019-05-05 14:12:15 - [TEST_STEP][PASSED] - openBrowser(""): Browser is opened with url: ''

2019-05-05 14:12:16 - [MESSAGE][INFO] - Starting 'Chrome' driver

2019-05-05 14:12:16 - [MESSAGE][INFO] - Action delay is set to 0 seconds

2019-05-05 14:12:23 - [MESSAGE][PASSED] - Browser is opened with url: ''

2019-05-05 14:12:23 - [TEST_STEP][PASSED] - navigateToUrl("https://ondemand.ca.com/web/portal/login?TYPE=33554433&REALMOID=06-000ef9db-0146-19ef-9589-0194ac184032&GUID=&SMAUTHREASON=0&METHOD=GET&SMAGENTNAME=-SM-U2oxHNw%2fhwkS9d8eFxBR4kd609FfW4%2b3jBM0jHQpPFSdBOnBEsclAUJfVaZnAfcL&TARGET=-SM-https%3a%2f%2fondemand%2eca%2ecom%2fweb%2fselect%2fdestination"): Navigate to 'https://ondemand.ca.com/web/portal/login?TYPE=33554433&REALMOID=06-000ef9db-0146-19ef-9589-0194ac184032&GUID=&SMAUTHREASON=0&METHOD=GET&SMAGENTNAME=-SM-U2oxHNw%2fhwkS9d8eFxBR4kd609FfW4%2b3jBM0jHQpPFSdBOnBEsclAUJfVaZnAfcL&TARGET=-SM-https%3a%2f%2fondemand%2eca%2ecom%2fweb%2fselect%2fdestination' successfully

2019-05-05 14:12:25 - [MESSAGE][PASSED] - Navigate to 'https://ondemand.ca.com/web/portal/login?TYPE=33554433&REALMOID=06-000ef9db-0146-19ef-9589-0194ac184032&GUID=&SMAUTHREASON=0&METHOD=GET&SMAGENTNAME=-SM-U2oxHNw%2fhwkS9d8eFxBR4kd609FfW4%2b3jBM0jHQpPFSdBOnBEsclAUJfVaZnAfcL&TARGET=-SM-https%3a%2f%2fondemand%2eca%2ecom%2fweb%2fselect%2fdestination' successfully

2019-05-05 14:12:25 - [TEST_STEP][PASSED] - setText(findTestObject("Object Repository/Login-TimeTimeEnter/Page_Sign In - cacom/input_Email Address__58_login"), varEmailAddress): Text 'Tim.Timenterer@disney.com
' is set on object 'Object Repository/Login-TimeTimeEnter/Page_Sign In - cacom/input_Email Address__58_login'

2019-05-05 14:12:26 - [MESSAGE][PASSED] - Text 'Tim.Timenterer@disney.com
' is set on object 'Object Repository/Login-TimeTimeEnter/Page_Sign In - cacom/input_Email Address__58_login'

2019-05-05 14:12:26 - [TEST_STEP][PASSED] - setText(findTestObject("Object Repository/Login-TimeTimeEnter/Page_Sign In - cacom/input_Password__58_password"), varPassword): Text 'clarity0419' is set on object 'Object Repository/Login-TimeTimeEnter/Page_Sign In - cacom/input_Password__58_password'

2019-05-05 14:12:27 - [MESSAGE][PASSED] - Text 'clarity0419' is set on object 'Object Repository/Login-TimeTimeEnter/Page_Sign In - cacom/input_Password__58_password'

2019-05-05 14:12:27 - [TEST_STEP][PASSED] - click(findTestObject("Object Repository/Login-TimeTimeEnter/Page_Sign In - cacom/input")): Object: 'Object Repository/Login-TimeTimeEnter/Page_Sign In - cacom/input' is clicked on

2019-05-05 14:12:28 - [MESSAGE][PASSED] - Object: 'Object Repository/Login-TimeTimeEnter/Page_Sign In - cacom/input' is clicked on

2019-05-05 14:12:28 - [TEST_STEP][PASSED] - click(findTestObject("Object Repository/Login-TimeTimeEnter/Page_My Places - cacom/a_WDPR Tomorrowland - Test")): Object: 'Object Repository/Login-TimeTimeEnter/Page_My Places - cacom/a_WDPR Tomorrowland - Test' is clicked on

2019-05-05 14:12:30 - [MESSAGE][PASSED] - Object: 'Object Repository/Login-TimeTimeEnter/Page_My Places - cacom/a_WDPR Tomorrowland - Test' is clicked on

2019-05-05 14:12:30 - [TEST_STEP][PASSED] - click(findTestObject("Object Repository/Login-TimeTimeEnter/Page_PPM - Last Refreshed on 4222019  Overview General/a_Logout")): Object: 'Object Repository/Login-TimeTimeEnter/Page_PPM - Last Refreshed on 4222019  Overview General/a_Logout' is clicked on

2019-05-05 14:12:33 - [MESSAGE][PASSED] - Object: 'Object Repository/Login-TimeTimeEnter/Page_PPM - Last Refreshed on 4222019  Overview General/a_Logout' is clicked on]]></system-out>
         <system-err><![CDATA[]]></system-err>
      </testcase>
      <testcase name="Test Cases/Login Validation Test Case with Excel" classname="Test Cases/Login Validation Test Case with Excel" status="PASSED">
         <system-out><![CDATA[2019-05-05 14:12:33 - [TEST_CASE][PASSED] - Test Cases/Login Validation Test Case with Excel: Test Cases/Login Validation Test Case with Excel

2019-05-05 14:12:33 - [TEST_STEP][PASSED] - openBrowser(""): Browser is opened with url: ''

2019-05-05 14:12:34 - [MESSAGE][WARNING] - A browser is already opened. Closing browser and opening a new one

2019-05-05 14:12:35 - [MESSAGE][INFO] - Starting 'Chrome' driver

2019-05-05 14:12:38 - [MESSAGE][PASSED] - Browser is opened with url: ''

2019-05-05 14:12:38 - [TEST_STEP][PASSED] - navigateToUrl("https://ondemand.ca.com/web/portal/login?TYPE=33554433&REALMOID=06-000ef9db-0146-19ef-9589-0194ac184032&GUID=&SMAUTHREASON=0&METHOD=GET&SMAGENTNAME=-SM-U2oxHNw%2fhwkS9d8eFxBR4kd609FfW4%2b3jBM0jHQpPFSdBOnBEsclAUJfVaZnAfcL&TARGET=-SM-https%3a%2f%2fondemand%2eca%2ecom%2fweb%2fselect%2fdestination"): Navigate to 'https://ondemand.ca.com/web/portal/login?TYPE=33554433&REALMOID=06-000ef9db-0146-19ef-9589-0194ac184032&GUID=&SMAUTHREASON=0&METHOD=GET&SMAGENTNAME=-SM-U2oxHNw%2fhwkS9d8eFxBR4kd609FfW4%2b3jBM0jHQpPFSdBOnBEsclAUJfVaZnAfcL&TARGET=-SM-https%3a%2f%2fondemand%2eca%2ecom%2fweb%2fselect%2fdestination' successfully

2019-05-05 14:12:41 - [MESSAGE][PASSED] - Navigate to 'https://ondemand.ca.com/web/portal/login?TYPE=33554433&REALMOID=06-000ef9db-0146-19ef-9589-0194ac184032&GUID=&SMAUTHREASON=0&METHOD=GET&SMAGENTNAME=-SM-U2oxHNw%2fhwkS9d8eFxBR4kd609FfW4%2b3jBM0jHQpPFSdBOnBEsclAUJfVaZnAfcL&TARGET=-SM-https%3a%2f%2fondemand%2eca%2ecom%2fweb%2fselect%2fdestination' successfully

2019-05-05 14:12:41 - [TEST_STEP][PASSED] - setText(findTestObject("Object Repository/Login-TimeTimeEnter/Page_Sign In - cacom/input_Email Address__58_login"), varEmailAddress): Text 'Curt.Contractor@disney.com' is set on object 'Object Repository/Login-TimeTimeEnter/Page_Sign In - cacom/input_Email Address__58_login'

2019-05-05 14:12:42 - [MESSAGE][PASSED] - Text 'Curt.Contractor@disney.com' is set on object 'Object Repository/Login-TimeTimeEnter/Page_Sign In - cacom/input_Email Address__58_login'

2019-05-05 14:12:42 - [TEST_STEP][PASSED] - setText(findTestObject("Object Repository/Login-TimeTimeEnter/Page_Sign In - cacom/input_Password__58_password"), varPassword): Text 'clarity0419' is set on object 'Object Repository/Login-TimeTimeEnter/Page_Sign In - cacom/input_Password__58_password'

2019-05-05 14:12:42 - [MESSAGE][PASSED] - Text 'clarity0419' is set on object 'Object Repository/Login-TimeTimeEnter/Page_Sign In - cacom/input_Password__58_password'

2019-05-05 14:12:42 - [TEST_STEP][PASSED] - click(findTestObject("Object Repository/Login-TimeTimeEnter/Page_Sign In - cacom/input")): Object: 'Object Repository/Login-TimeTimeEnter/Page_Sign In - cacom/input' is clicked on

2019-05-05 14:12:43 - [MESSAGE][PASSED] - Object: 'Object Repository/Login-TimeTimeEnter/Page_Sign In - cacom/input' is clicked on

2019-05-05 14:12:43 - [TEST_STEP][PASSED] - click(findTestObject("Object Repository/Login-TimeTimeEnter/Page_My Places - cacom/a_WDPR Tomorrowland - Test")): Object: 'Object Repository/Login-TimeTimeEnter/Page_My Places - cacom/a_WDPR Tomorrowland - Test' is clicked on

2019-05-05 14:12:46 - [MESSAGE][PASSED] - Object: 'Object Repository/Login-TimeTimeEnter/Page_My Places - cacom/a_WDPR Tomorrowland - Test' is clicked on

2019-05-05 14:12:46 - [TEST_STEP][PASSED] - click(findTestObject("Object Repository/Login-TimeTimeEnter/Page_PPM - Last Refreshed on 4222019  Overview General/a_Logout")): Object: 'Object Repository/Login-TimeTimeEnter/Page_PPM - Last Refreshed on 4222019  Overview General/a_Logout' is clicked on

2019-05-05 14:12:50 - [MESSAGE][PASSED] - Object: 'Object Repository/Login-TimeTimeEnter/Page_PPM - Last Refreshed on 4222019  Overview General/a_Logout' is clicked on]]></system-out>
         <system-err><![CDATA[]]></system-err>
      </testcase>
      <testcase name="Test Cases/Login Validation Test Case with Excel" classname="Test Cases/Login Validation Test Case with Excel" status="PASSED">
         <system-out><![CDATA[2019-05-05 14:12:50 - [TEST_CASE][PASSED] - Test Cases/Login Validation Test Case with Excel: Test Cases/Login Validation Test Case with Excel

2019-05-05 14:12:50 - [TEST_STEP][PASSED] - openBrowser(""): Browser is opened with url: ''

2019-05-05 14:12:50 - [MESSAGE][WARNING] - A browser is already opened. Closing browser and opening a new one

2019-05-05 14:12:51 - [MESSAGE][INFO] - Starting 'Chrome' driver

2019-05-05 14:12:55 - [MESSAGE][PASSED] - Browser is opened with url: ''

2019-05-05 14:12:55 - [TEST_STEP][PASSED] - navigateToUrl("https://ondemand.ca.com/web/portal/login?TYPE=33554433&REALMOID=06-000ef9db-0146-19ef-9589-0194ac184032&GUID=&SMAUTHREASON=0&METHOD=GET&SMAGENTNAME=-SM-U2oxHNw%2fhwkS9d8eFxBR4kd609FfW4%2b3jBM0jHQpPFSdBOnBEsclAUJfVaZnAfcL&TARGET=-SM-https%3a%2f%2fondemand%2eca%2ecom%2fweb%2fselect%2fdestination"): Navigate to 'https://ondemand.ca.com/web/portal/login?TYPE=33554433&REALMOID=06-000ef9db-0146-19ef-9589-0194ac184032&GUID=&SMAUTHREASON=0&METHOD=GET&SMAGENTNAME=-SM-U2oxHNw%2fhwkS9d8eFxBR4kd609FfW4%2b3jBM0jHQpPFSdBOnBEsclAUJfVaZnAfcL&TARGET=-SM-https%3a%2f%2fondemand%2eca%2ecom%2fweb%2fselect%2fdestination' successfully

2019-05-05 14:12:58 - [MESSAGE][PASSED] - Navigate to 'https://ondemand.ca.com/web/portal/login?TYPE=33554433&REALMOID=06-000ef9db-0146-19ef-9589-0194ac184032&GUID=&SMAUTHREASON=0&METHOD=GET&SMAGENTNAME=-SM-U2oxHNw%2fhwkS9d8eFxBR4kd609FfW4%2b3jBM0jHQpPFSdBOnBEsclAUJfVaZnAfcL&TARGET=-SM-https%3a%2f%2fondemand%2eca%2ecom%2fweb%2fselect%2fdestination' successfully

2019-05-05 14:12:58 - [TEST_STEP][PASSED] - setText(findTestObject("Object Repository/Login-TimeTimeEnter/Page_Sign In - cacom/input_Email Address__58_login"), varEmailAddress): Text 'Patty.ProjectManager@disney.com' is set on object 'Object Repository/Login-TimeTimeEnter/Page_Sign In - cacom/input_Email Address__58_login'

2019-05-05 14:12:58 - [MESSAGE][PASSED] - Text 'Patty.ProjectManager@disney.com' is set on object 'Object Repository/Login-TimeTimeEnter/Page_Sign In - cacom/input_Email Address__58_login'

2019-05-05 14:12:58 - [TEST_STEP][PASSED] - setText(findTestObject("Object Repository/Login-TimeTimeEnter/Page_Sign In - cacom/input_Password__58_password"), varPassword): Text 'clarity0319' is set on object 'Object Repository/Login-TimeTimeEnter/Page_Sign In - cacom/input_Password__58_password'

2019-05-05 14:12:59 - [MESSAGE][PASSED] - Text 'clarity0319' is set on object 'Object Repository/Login-TimeTimeEnter/Page_Sign In - cacom/input_Password__58_password'

2019-05-05 14:12:59 - [TEST_STEP][PASSED] - click(findTestObject("Object Repository/Login-TimeTimeEnter/Page_Sign In - cacom/input")): Object: 'Object Repository/Login-TimeTimeEnter/Page_Sign In - cacom/input' is clicked on

2019-05-05 14:13:00 - [MESSAGE][PASSED] - Object: 'Object Repository/Login-TimeTimeEnter/Page_Sign In - cacom/input' is clicked on

2019-05-05 14:13:00 - [TEST_STEP][PASSED] - click(findTestObject("Object Repository/Login-TimeTimeEnter/Page_My Places - cacom/a_WDPR Tomorrowland - Test")): Object: 'Object Repository/Login-TimeTimeEnter/Page_My Places - cacom/a_WDPR Tomorrowland - Test' is clicked on

2019-05-05 14:13:03 - [MESSAGE][PASSED] - Object: 'Object Repository/Login-TimeTimeEnter/Page_My Places - cacom/a_WDPR Tomorrowland - Test' is clicked on

2019-05-05 14:13:03 - [TEST_STEP][PASSED] - click(findTestObject("Object Repository/Login-TimeTimeEnter/Page_PPM - Last Refreshed on 4222019  Overview General/a_Logout")): Object: 'Object Repository/Login-TimeTimeEnter/Page_PPM - Last Refreshed on 4222019  Overview General/a_Logout' is clicked on

2019-05-05 14:13:07 - [MESSAGE][PASSED] - Object: 'Object Repository/Login-TimeTimeEnter/Page_PPM - Last Refreshed on 4222019  Overview General/a_Logout' is clicked on]]></system-out>
         <system-err><![CDATA[]]></system-err>
      </testcase>
      <testcase name="Test Cases/Login Validation Test Case with Excel" classname="Test Cases/Login Validation Test Case with Excel" status="PASSED">
         <system-out><![CDATA[2019-05-05 14:13:07 - [TEST_CASE][PASSED] - Test Cases/Login Validation Test Case with Excel: Test Cases/Login Validation Test Case with Excel

2019-05-05 14:13:07 - [TEST_STEP][PASSED] - openBrowser(""): Browser is opened with url: ''

2019-05-05 14:13:07 - [MESSAGE][WARNING] - A browser is already opened. Closing browser and opening a new one

2019-05-05 14:13:08 - [MESSAGE][INFO] - Starting 'Chrome' driver

2019-05-05 14:13:11 - [MESSAGE][PASSED] - Browser is opened with url: ''

2019-05-05 14:13:11 - [TEST_STEP][PASSED] - navigateToUrl("https://ondemand.ca.com/web/portal/login?TYPE=33554433&REALMOID=06-000ef9db-0146-19ef-9589-0194ac184032&GUID=&SMAUTHREASON=0&METHOD=GET&SMAGENTNAME=-SM-U2oxHNw%2fhwkS9d8eFxBR4kd609FfW4%2b3jBM0jHQpPFSdBOnBEsclAUJfVaZnAfcL&TARGET=-SM-https%3a%2f%2fondemand%2eca%2ecom%2fweb%2fselect%2fdestination"): Navigate to 'https://ondemand.ca.com/web/portal/login?TYPE=33554433&REALMOID=06-000ef9db-0146-19ef-9589-0194ac184032&GUID=&SMAUTHREASON=0&METHOD=GET&SMAGENTNAME=-SM-U2oxHNw%2fhwkS9d8eFxBR4kd609FfW4%2b3jBM0jHQpPFSdBOnBEsclAUJfVaZnAfcL&TARGET=-SM-https%3a%2f%2fondemand%2eca%2ecom%2fweb%2fselect%2fdestination' successfully

2019-05-05 14:13:14 - [MESSAGE][PASSED] - Navigate to 'https://ondemand.ca.com/web/portal/login?TYPE=33554433&REALMOID=06-000ef9db-0146-19ef-9589-0194ac184032&GUID=&SMAUTHREASON=0&METHOD=GET&SMAGENTNAME=-SM-U2oxHNw%2fhwkS9d8eFxBR4kd609FfW4%2b3jBM0jHQpPFSdBOnBEsclAUJfVaZnAfcL&TARGET=-SM-https%3a%2f%2fondemand%2eca%2ecom%2fweb%2fselect%2fdestination' successfully

2019-05-05 14:13:14 - [TEST_STEP][PASSED] - setText(findTestObject("Object Repository/Login-TimeTimeEnter/Page_Sign In - cacom/input_Email Address__58_login"), varEmailAddress): Text 'Ralph.ResourceManager@disney.com' is set on object 'Object Repository/Login-TimeTimeEnter/Page_Sign In - cacom/input_Email Address__58_login'

2019-05-05 14:13:15 - [MESSAGE][PASSED] - Text 'Ralph.ResourceManager@disney.com' is set on object 'Object Repository/Login-TimeTimeEnter/Page_Sign In - cacom/input_Email Address__58_login'

2019-05-05 14:13:15 - [TEST_STEP][PASSED] - setText(findTestObject("Object Repository/Login-TimeTimeEnter/Page_Sign In - cacom/input_Password__58_password"), varPassword): Text 'clarity0419' is set on object 'Object Repository/Login-TimeTimeEnter/Page_Sign In - cacom/input_Password__58_password'

2019-05-05 14:13:15 - [MESSAGE][PASSED] - Text 'clarity0419' is set on object 'Object Repository/Login-TimeTimeEnter/Page_Sign In - cacom/input_Password__58_password'

2019-05-05 14:13:15 - [TEST_STEP][PASSED] - click(findTestObject("Object Repository/Login-TimeTimeEnter/Page_Sign In - cacom/input")): Object: 'Object Repository/Login-TimeTimeEnter/Page_Sign In - cacom/input' is clicked on

2019-05-05 14:13:17 - [MESSAGE][PASSED] - Object: 'Object Repository/Login-TimeTimeEnter/Page_Sign In - cacom/input' is clicked on

2019-05-05 14:13:17 - [TEST_STEP][PASSED] - click(findTestObject("Object Repository/Login-TimeTimeEnter/Page_My Places - cacom/a_WDPR Tomorrowland - Test")): Object: 'Object Repository/Login-TimeTimeEnter/Page_My Places - cacom/a_WDPR Tomorrowland - Test' is clicked on

2019-05-05 14:13:19 - [MESSAGE][PASSED] - Object: 'Object Repository/Login-TimeTimeEnter/Page_My Places - cacom/a_WDPR Tomorrowland - Test' is clicked on

2019-05-05 14:13:19 - [TEST_STEP][PASSED] - click(findTestObject("Object Repository/Login-TimeTimeEnter/Page_PPM - Last Refreshed on 4222019  Overview General/a_Logout")): Object: 'Object Repository/Login-TimeTimeEnter/Page_PPM - Last Refreshed on 4222019  Overview General/a_Logout' is clicked on

2019-05-05 14:13:30 - [MESSAGE][PASSED] - Object: 'Object Repository/Login-TimeTimeEnter/Page_PPM - Last Refreshed on 4222019  Overview General/a_Logout' is clicked on]]></system-out>
         <system-err><![CDATA[]]></system-err>
      </testcase>
      <system-out><![CDATA[2019-05-05 14:12:14 - [TEST_SUITE][PASSED] - Login Validation Test Suite for Test Case with Excel: Test Cases/Login Validation Test Case with Excel]]></system-out>
      <system-err><![CDATA[]]></system-err>
   </testsuite>
</testsuites>
